2019-01-20 18:25:37,370 INFO  DownloadService - Downloading "https://github.com/manupsunny/PinLock/archive/master.zip", attempt 3
2019-01-20 18:25:40,240 INFO  DownloadService - Downloaded https://github.com/manupsunny/PinLock/archive/master.zip, attempt 3
2019-01-20 18:25:40,240 INFO  DownloadService - Size of file "/var/folders/bq/vtzpc5ns5sg2cthy61lqpg3dfzgbys/T/1547983537365-0/master.zip": 1 MB
2019-01-20 18:25:40,240 INFO  ArchiveUtils - Checking entries [.gradle] in ZIP file...
2019-01-20 18:25:40,240 INFO  ArchiveUtils - Has entries [.gradle] in ZIP file /var/folders/bq/vtzpc5ns5sg2cthy61lqpg3dfzgbys/T/1547983537365-0/master.zip: true
2019-01-20 18:25:40,241 DEBUG ZipUtil - Extracting '/var/folders/bq/vtzpc5ns5sg2cthy61lqpg3dfzgbys/T/1547983537365-0/master.zip' into '/var/folders/bq/vtzpc5ns5sg2cthy61lqpg3dfzgbys/T/1547983537365-0/src'.
2019-01-20 18:25:40,272 INFO  FullProcessService - Size of directory with sources: 1 MB
2019-01-20 18:25:40,272 INFO  SysUtils - Execute command: [git, init, /var/folders/bq/vtzpc5ns5sg2cthy61lqpg3dfzgbys/T/1547983537365-0/src]
2019-01-20 18:25:40,298 INFO  SysUtils - Initialized empty Git repository in /private/var/folders/bq/vtzpc5ns5sg2cthy61lqpg3dfzgbys/T/1547983537365-0/src/.git/

2019-01-20 18:25:40,301 INFO  ProjectBuildService - Gradle wrapper(s): /var/folders/bq/vtzpc5ns5sg2cthy61lqpg3dfzgbys/T/1547983537365-0/src/PinLock-master/gradlew
2019-01-20 18:25:40,305 INFO  ProjectBuildService - Build script(s): /var/folders/bq/vtzpc5ns5sg2cthy61lqpg3dfzgbys/T/1547983537365-0/src/PinLock-master/pinlock/build.gradle /var/folders/bq/vtzpc5ns5sg2cthy61lqpg3dfzgbys/T/1547983537365-0/src/PinLock-master/sample/build.gradle /var/folders/bq/vtzpc5ns5sg2cthy61lqpg3dfzgbys/T/1547983537365-0/src/PinLock-master/build.gradle
2019-01-20 18:25:40,308 INFO  ProjectBuildService - All script(s): /var/folders/bq/vtzpc5ns5sg2cthy61lqpg3dfzgbys/T/1547983537365-0/src/PinLock-master/pinlock/bintray.gradle /var/folders/bq/vtzpc5ns5sg2cthy61lqpg3dfzgbys/T/1547983537365-0/src/PinLock-master/pinlock/build.gradle /var/folders/bq/vtzpc5ns5sg2cthy61lqpg3dfzgbys/T/1547983537365-0/src/PinLock-master/build.gradle /var/folders/bq/vtzpc5ns5sg2cthy61lqpg3dfzgbys/T/1547983537365-0/src/PinLock-master/sample/build.gradle /var/folders/bq/vtzpc5ns5sg2cthy61lqpg3dfzgbys/T/1547983537365-0/src/PinLock-master/settings.gradle
2019-01-20 18:25:40,309 INFO  ProjectBuildService - Remote scripts: none
2019-01-20 18:25:40,309 INFO  ProjectFixService - Fixing project...
2019-01-20 18:25:40,316 INFO  LocalPropertiesFixService - Created fake /var/folders/bq/vtzpc5ns5sg2cthy61lqpg3dfzgbys/T/1547983537365-0/src/PinLock-master/pinlock/local.properties
2019-01-20 18:25:40,316 INFO  ProjectFixService - Build info for "/var/folders/bq/vtzpc5ns5sg2cthy61lqpg3dfzgbys/T/1547983537365-0/src/PinLock-master/pinlock/build.gradle": [buildToolsVersion=23.0.2,compileSdkVersion=23,minSdkVersion=11,targetSdkVersion=23]
2019-01-20 18:25:40,317 INFO  LocalPropertiesFixService - Created fake /var/folders/bq/vtzpc5ns5sg2cthy61lqpg3dfzgbys/T/1547983537365-0/src/PinLock-master/sample/local.properties
2019-01-20 18:25:40,317 INFO  ProjectFixService - Build info for "/var/folders/bq/vtzpc5ns5sg2cthy61lqpg3dfzgbys/T/1547983537365-0/src/PinLock-master/sample/build.gradle": [buildToolsVersion=23.0.2,compileSdkVersion=23,minSdkVersion=11,targetSdkVersion=23]
2019-01-20 18:25:40,317 INFO  LocalPropertiesFixService - Created fake /var/folders/bq/vtzpc5ns5sg2cthy61lqpg3dfzgbys/T/1547983537365-0/src/PinLock-master/local.properties
2019-01-20 18:25:40,323 INFO  WrapperPropertiesFixService - Gradle wrapper: https://services.gradle.org/distributions/gradle-2.9-all.zip
2019-01-20 18:25:40,323 INFO  WrapperPropertiesFixService - Gradle wrapper was changed from "-all.zip" to "-bin.zip" (https://services.gradle.org/distributions/gradle-2.9-bin.zip)
2019-01-20 18:25:40,325 INFO  ProjectFixService - Build info for "/var/folders/bq/vtzpc5ns5sg2cthy61lqpg3dfzgbys/T/1547983537365-0/src/PinLock-master/build.gradle": [buildToolsVersion=23.0.2,compileSdkVersion=23,minSdkVersion=11,targetSdkVersion=23]
2019-01-20 18:25:40,325 INFO  ProjectFixService - Project was maybe fixed
2019-01-20 18:25:40,325 INFO  ProjectTaskService - Detecting possible tasks...
2019-01-20 18:25:40,325 INFO  SysUtils - Execute command: [/var/folders/bq/vtzpc5ns5sg2cthy61lqpg3dfzgbys/T/1547983537365-0/src/PinLock-master/gradlew, -b, /var/folders/bq/vtzpc5ns5sg2cthy61lqpg3dfzgbys/T/1547983537365-0/src/PinLock-master/pinlock/build.gradle, -Dorg.gradle.daemon=false, -Dorg.gradle.daemon.performance.enable-monitoring=false, -Dorg.gradle.configureondemand=true, tasks]
2019-01-20 18:25:59,595 ERROR ProjectTaskService - Could not detect possible Gradle tasks: Process exited with an error: 1 (Exit value: 1)
2019-01-20 18:25:59,596 INFO  ProjectTaskService - Detected possible tasks: 0
2019-01-20 18:25:59,596 INFO  ProjectTaskService - Excluded tasks (0): none
2019-01-20 18:25:59,596 INFO  SysUtils - Execute command: [/var/folders/bq/vtzpc5ns5sg2cthy61lqpg3dfzgbys/T/1547983537365-0/src/PinLock-master/gradlew, -b, /var/folders/bq/vtzpc5ns5sg2cthy61lqpg3dfzgbys/T/1547983537365-0/src/PinLock-master/pinlock/build.gradle, -Dorg.gradle.daemon=false, -Dorg.gradle.daemon.performance.enable-monitoring=false, -Dorg.gradle.configureondemand=true, --stacktrace, build]
2019-01-20 18:26:12,905 ERROR SysUtils - Could not process external command
org.apache.commons.exec.ExecuteException: Process exited with an error: 1 (Exit value: 1)
	at org.apache.commons.exec.DefaultExecutor.executeInternal(DefaultExecutor.java:404)
	at org.apache.commons.exec.DefaultExecutor.execute(DefaultExecutor.java:166)
	at com.github.vbauer.apkmaster.util.SysUtils.execute(SysUtils.java:67)
	at com.github.vbauer.apkmaster.util.SysUtils.executeSimple(SysUtils.java:43)
	at com.github.vbauer.apkmaster.service.assembly.ProjectBuildService.buildProject(ProjectBuildService.java:78)
	at com.github.vbauer.apkmaster.service.assembly.ProjectBuildService.buildProject(ProjectBuildService.java:64)
	at com.github.vbauer.apkmaster.service.assembly.ProjectBuildService.buildProject(ProjectBuildService.java:43)
	at com.github.vbauer.apkmaster.service.FullProcessService.build(FullProcessService.java:84)
	at com.github.vbauer.apkmaster.service.FullProcessService.process(FullProcessService.java:34)
	at com.github.vbauer.apkmaster.app.MainApplication.process(MainApplication.java:38)
	at com.github.vbauer.apkmaster.app.MainApplication.main(MainApplication.java:20)
	at sun.reflect.GeneratedMethodAccessor9.invoke(Unknown Source)
	at sun.reflect.DelegatingMethodAccessorImpl.invoke(DelegatingMethodAccessorImpl.java:43)
	at java.lang.reflect.Method.invoke(Method.java:498)
	at com.android.arsenal.util.ReflectionUtils.invoke(ReflectionUtils.java:52)
	at com.android.arsenal.util.ApkMasterUtils.main(ApkMasterUtils.java:30)
	at com.android.arsenal.service.processor.impl.BuildProcessorServiceImpl.buildProject(BuildProcessorServiceImpl.java:196)
	at com.android.arsenal.service.processor.impl.BuildProcessorServiceImpl.build(BuildProcessorServiceImpl.java:130)
	at com.android.arsenal.service.processor.impl.BuildProcessorServiceImpl.lambda$createTasks$1(BuildProcessorServiceImpl.java:113)
	at java.util.concurrent.FutureTask.run(FutureTask.java:266)
	at java.util.concurrent.Executors$RunnableAdapter.call(Executors.java:511)
	at java.util.concurrent.FutureTask.run(FutureTask.java:266)
	at java.util.concurrent.ThreadPoolExecutor.runWorker(ThreadPoolExecutor.java:1149)
	at java.util.concurrent.ThreadPoolExecutor$Worker.run(ThreadPoolExecutor.java:624)
	at java.lang.Thread.run(Thread.java:748)
2019-01-20 18:26:12,905 INFO  SysUtils - Configuration on demand is an incubating feature.
:pinlock:compileLint
:pinlock:copyDebugLint UP-TO-DATE
:pinlock:preBuild UP-TO-DATE
:pinlock:preDebugBuild UP-TO-DATE
:pinlock:checkDebugManifest
:pinlock:preDebugAndroidTestBuild UP-TO-DATE
:pinlock:preDebugUnitTestBuild UP-TO-DATE
:pinlock:preReleaseBuild UP-TO-DATE
:pinlock:preReleaseUnitTestBuild UP-TO-DATE
:pinlock:prepareComAndroidSupportAnimatedVectorDrawable2320Library
:pinlock:prepareComAndroidSupportAppcompatV72320Library
:pinlock:prepareComAndroidSupportSupportV42320Library
:pinlock:prepareComAndroidSupportSupportVectorDrawable2320Library
:pinlock:prepareDebugDependencies
:pinlock:compileDebugAidl
:pinlock:compileDebugRenderscript
:pinlock:generateDebugBuildConfig
:pinlock:generateDebugAssets UP-TO-DATE
:pinlock:mergeDebugAssets
:pinlock:generateDebugResValues
:pinlock:generateDebugResources
:pinlock:mergeDebugResources
:pinlock:processDebugManifest
:pinlock:processDebugResources
:pinlock:generateDebugSources
:pinlock:processDebugJavaRes UP-TO-DATE
:pinlock:compileDebugJavaWithJavac
:pinlock:extractDebugAnnotations
:pinlock:mergeDebugProguardFiles
:pinlock:packageDebugJar
:pinlock:compileDebugNdk UP-TO-DATE
:pinlock:packageDebugJniLibs UP-TO-DATE
:pinlock:packageDebugLocalJar UP-TO-DATE
:pinlock:packageDebugRenderscript UP-TO-DATE
:pinlock:packageDebugResources
:pinlock:bundleDebug
:pinlock:compileDebugSources
:pinlock:assembleDebug
:pinlock:copyReleaseLint UP-TO-DATE
:pinlock:checkReleaseManifest
:pinlock:prepareReleaseDependencies
:pinlock:compileReleaseAidl
:pinlock:compileReleaseRenderscript
:pinlock:generateReleaseBuildConfig
:pinlock:generateReleaseAssets UP-TO-DATE
:pinlock:mergeReleaseAssets
:pinlock:generateReleaseResValues
:pinlock:generateReleaseResources
:pinlock:mergeReleaseResources
:pinlock:processReleaseManifest
:pinlock:processReleaseResources
:pinlock:generateReleaseSources
:pinlock:processReleaseJavaRes UP-TO-DATE
:pinlock:compileReleaseJavaWithJavac
:pinlock:extractReleaseAnnotations
:pinlock:mergeReleaseProguardFiles
:pinlock:packageReleaseJar
:pinlock:compileReleaseNdk UP-TO-DATE
:pinlock:packageReleaseJniLibs UP-TO-DATE
:pinlock:packageReleaseLocalJar UP-TO-DATE
:pinlock:packageReleaseRenderscript UP-TO-DATE
:pinlock:packageReleaseResources
:pinlock:bundleRelease
:pinlock:compileReleaseSources
:pinlock:assembleRelease
:pinlock:javadoc/private/var/folders/bq/vtzpc5ns5sg2cthy61lqpg3dfzgbys/T/1547983537365-0/src/PinLock-master/pinlock/src/main/java/com/manusunny/pinlock/components/StatusDots.java:25: error: cannot find symbol
import com.manusunny.pinlock.R;
                            ^
  symbol:   class R
  location: package com.manusunny.pinlock
/private/var/folders/bq/vtzpc5ns5sg2cthy61lqpg3dfzgbys/T/1547983537365-0/src/PinLock-master/pinlock/src/main/java/com/manusunny/pinlock/components/Keypad.java:28: error: cannot find symbol
import com.manusunny.pinlock.R;
                            ^
  symbol:   class R
  location: package com.manusunny.pinlock
/private/var/folders/bq/vtzpc5ns5sg2cthy61lqpg3dfzgbys/T/1547983537365-0/src/PinLock-master/pinlock/src/main/java/com/manusunny/pinlock/components/Dot.java:25: error: cannot find symbol
import com.manusunny.pinlock.R;
                            ^
  symbol:   class R
  location: package com.manusunny.pinlock
/private/var/folders/bq/vtzpc5ns5sg2cthy61lqpg3dfzgbys/T/1547983537365-0/src/PinLock-master/pinlock/src/main/java/com/manusunny/pinlock/components/KeypadAdapter.java:33: error: cannot find symbol
import com.manusunny.pinlock.R;
                            ^
  symbol:   class R
  location: package com.manusunny.pinlock
/private/var/folders/bq/vtzpc5ns5sg2cthy61lqpg3dfzgbys/T/1547983537365-0/src/PinLock-master/pinlock/src/main/java/com/manusunny/pinlock/components/Keypad.java:101: warning: no @param for key
    public static String onKeyPress(String key) {
                         ^
/private/var/folders/bq/vtzpc5ns5sg2cthy61lqpg3dfzgbys/T/1547983537365-0/src/PinLock-master/pinlock/src/main/java/com/manusunny/pinlock/components/Keypad.java:101: warning: no @return
    public static String onKeyPress(String key) {
                         ^
/private/var/folders/bq/vtzpc5ns5sg2cthy61lqpg3dfzgbys/T/1547983537365-0/src/PinLock-master/pinlock/src/main/java/com/manusunny/pinlock/components/Keypad.java:123: warning: no description for @throws
     * @throws Throwable
       ^

7 warnings
:pinlock:javadocJar
:pinlock:sourcesJar
:pinlock:assemble
:pinlock:lint FAILED

FAILURE: Build failed with an exception.

* What went wrong:
Execution failed for task ':pinlock:lint'.
> No toolchains found in the NDK toolchains folder for ABI with prefix: mipsel-linux-android

* Try:
Run with --info or --debug option to get more log output.

* Exception is:
org.gradle.api.tasks.TaskExecutionException: Execution failed for task ':pinlock:lint'.
	at org.gradle.api.internal.tasks.execution.ExecuteActionsTaskExecuter.executeActions(ExecuteActionsTaskExecuter.java:69)
	at org.gradle.api.internal.tasks.execution.ExecuteActionsTaskExecuter.execute(ExecuteActionsTaskExecuter.java:46)
	at org.gradle.api.internal.tasks.execution.PostExecutionAnalysisTaskExecuter.execute(PostExecutionAnalysisTaskExecuter.java:35)
	at org.gradle.api.internal.tasks.execution.SkipUpToDateTaskExecuter.execute(SkipUpToDateTaskExecuter.java:64)
	at org.gradle.api.internal.tasks.execution.ValidatingTaskExecuter.execute(ValidatingTaskExecuter.java:58)
	at org.gradle.api.internal.tasks.execution.SkipEmptySourceFilesTaskExecuter.execute(SkipEmptySourceFilesTaskExecuter.java:52)
	at org.gradle.api.internal.tasks.execution.SkipTaskWithNoActionsExecuter.execute(SkipTaskWithNoActionsExecuter.java:52)
	at org.gradle.api.internal.tasks.execution.SkipOnlyIfTaskExecuter.execute(SkipOnlyIfTaskExecuter.java:53)
	at org.gradle.api.internal.tasks.execution.ExecuteAtMostOnceTaskExecuter.execute(ExecuteAtMostOnceTaskExecuter.java:43)
	at org.gradle.execution.taskgraph.DefaultTaskGraphExecuter$EventFiringTaskWorker.execute(DefaultTaskGraphExecuter.java:203)
	at org.gradle.execution.taskgraph.DefaultTaskGraphExecuter$EventFiringTaskWorker.execute(DefaultTaskGraphExecuter.java:185)
	at org.gradle.execution.taskgraph.AbstractTaskPlanExecutor$TaskExecutorWorker.processTask(AbstractTaskPlanExecutor.java:66)
	at org.gradle.execution.taskgraph.AbstractTaskPlanExecutor$TaskExecutorWorker.run(AbstractTaskPlanExecutor.java:50)
	at org.gradle.execution.taskgraph.DefaultTaskPlanExecutor.process(DefaultTaskPlanExecutor.java:25)
	at org.gradle.execution.taskgraph.DefaultTaskGraphExecuter.execute(DefaultTaskGraphExecuter.java:110)
	at org.gradle.execution.SelectedTaskExecutionAction.execute(SelectedTaskExecutionAction.java:37)
	at org.gradle.execution.DefaultBuildExecuter.execute(DefaultBuildExecuter.java:37)
	at org.gradle.execution.DefaultBuildExecuter.access$000(DefaultBuildExecuter.java:23)
	at org.gradle.execution.DefaultBuildExecuter$1.proceed(DefaultBuildExecuter.java:43)
	at org.gradle.execution.DryRunBuildExecutionAction.execute(DryRunBuildExecutionAction.java:32)
	at org.gradle.execution.DefaultBuildExecuter.execute(DefaultBuildExecuter.java:37)
	at org.gradle.execution.DefaultBuildExecuter.execute(DefaultBuildExecuter.java:30)
	at org.gradle.initialization.DefaultGradleLauncher$4.run(DefaultGradleLauncher.java:154)
	at org.gradle.internal.Factories$1.create(Factories.java:22)
	at org.gradle.internal.progress.DefaultBuildOperationExecutor.run(DefaultBuildOperationExecutor.java:90)
	at org.gradle.internal.progress.DefaultBuildOperationExecutor.run(DefaultBuildOperationExecutor.java:52)
	at org.gradle.initialization.DefaultGradleLauncher.doBuildStages(DefaultGradleLauncher.java:151)
	at org.gradle.initialization.DefaultGradleLauncher.access$200(DefaultGradleLauncher.java:32)
	at org.gradle.initialization.DefaultGradleLauncher$1.create(DefaultGradleLauncher.java:99)
	at org.gradle.initialization.DefaultGradleLauncher$1.create(DefaultGradleLauncher.java:93)
	at org.gradle.internal.progress.DefaultBuildOperationExecutor.run(DefaultBuildOperationExecutor.java:90)
	at org.gradle.internal.progress.DefaultBuildOperationExecutor.run(DefaultBuildOperationExecutor.java:62)
	at org.gradle.initialization.DefaultGradleLauncher.doBuild(DefaultGradleLauncher.java:93)
	at org.gradle.initialization.DefaultGradleLauncher.run(DefaultGradleLauncher.java:82)
	at org.gradle.launcher.exec.InProcessBuildActionExecuter$DefaultBuildController.run(InProcessBuildActionExecuter.java:94)
	at org.gradle.tooling.internal.provider.ExecuteBuildActionRunner.run(ExecuteBuildActionRunner.java:28)
	at org.gradle.launcher.exec.ChainingBuildActionRunner.run(ChainingBuildActionRunner.java:35)
	at org.gradle.launcher.exec.InProcessBuildActionExecuter.execute(InProcessBuildActionExecuter.java:43)
	at org.gradle.launcher.exec.InProcessBuildActionExecuter.execute(InProcessBuildActionExecuter.java:28)
	at org.gradle.launcher.exec.ContinuousBuildActionExecuter.execute(ContinuousBuildActionExecuter.java:77)
	at org.gradle.launcher.exec.ContinuousBuildActionExecuter.execute(ContinuousBuildActionExecuter.java:47)
	at org.gradle.launcher.exec.DaemonUsageSuggestingBuildActionExecuter.execute(DaemonUsageSuggestingBuildActionExecuter.java:51)
	at org.gradle.launcher.exec.DaemonUsageSuggestingBuildActionExecuter.execute(DaemonUsageSuggestingBuildActionExecuter.java:28)
	at org.gradle.launcher.cli.RunBuildAction.run(RunBuildAction.java:43)
	at org.gradle.internal.Actions$RunnableActionAdapter.execute(Actions.java:170)
	at org.gradle.launcher.cli.CommandLineActionFactory$ParseAndBuildAction.execute(CommandLineActionFactory.java:237)
	at org.gradle.launcher.cli.CommandLineActionFactory$ParseAndBuildAction.execute(CommandLineActionFactory.java:210)
	at org.gradle.launcher.cli.JavaRuntimeValidationAction.execute(JavaRuntimeValidationAction.java:35)
	at org.gradle.launcher.cli.JavaRuntimeValidationAction.execute(JavaRuntimeValidationAction.java:24)
	at org.gradle.launcher.cli.CommandLineActionFactory$WithLogging.execute(CommandLineActionFactory.java:206)
	at org.gradle.launcher.cli.CommandLineActionFactory$WithLogging.execute(CommandLineActionFactory.java:169)
	at org.gradle.launcher.cli.ExceptionReportingAction.execute(ExceptionReportingAction.java:33)
	at org.gradle.launcher.cli.ExceptionReportingAction.execute(ExceptionReportingAction.java:22)
	at org.gradle.launcher.Main.doAction(Main.java:33)
	at org.gradle.launcher.bootstrap.EntryPoint.run(EntryPoint.java:45)
	at org.gradle.launcher.bootstrap.ProcessBootstrap.runNoExit(ProcessBootstrap.java:54)
	at org.gradle.launcher.bootstrap.ProcessBootstrap.run(ProcessBootstrap.java:35)
	at org.gradle.launcher.GradleMain.main(GradleMain.java:23)
	at org.gradle.wrapper.BootstrapMainStarter.start(BootstrapMainStarter.java:33)
	at org.gradle.wrapper.WrapperExecutor.execute(WrapperExecutor.java:130)
	at org.gradle.wrapper.GradleWrapperMain.main(GradleWrapperMain.java:48)
Caused by: java.lang.RuntimeException: No toolchains found in the NDK toolchains folder for ABI with prefix: mipsel-linux-android
	at com.android.build.gradle.internal.NdkHandler.getDefaultToolchainVersion(NdkHandler.java:339)
	at com.android.build.gradle.internal.NdkHandler.getToolchainPath(NdkHandler.java:231)
	at com.android.build.gradle.internal.NdkHandler.getCCompiler(NdkHandler.java:417)
	at com.android.build.gradle.internal.model.ModelBuilder.createNativeToolchainModelMap(ModelBuilder.java:221)
	at com.android.build.gradle.internal.model.ModelBuilder.buildAll(ModelBuilder.java:162)
	at org.gradle.tooling.provider.model.ToolingModelBuilder$buildAll.call(Unknown Source)
	at com.android.build.gradle.tasks.Lint.createAndroidProject(Lint.groovy:236)
	at com.android.build.gradle.tasks.Lint.this$5$createAndroidProject(Lint.groovy)
	at com.android.build.gradle.tasks.Lint.lint(Lint.groovy:78)
	at org.gradle.internal.reflect.JavaMethod.invoke(JavaMethod.java:75)
	at org.gradle.api.internal.project.taskfactory.AnnotationProcessingTaskFactory$StandardTaskAction.doExecute(AnnotationProcessingTaskFactory.java:227)
	at org.gradle.api.internal.project.taskfactory.AnnotationProcessingTaskFactory$StandardTaskAction.execute(AnnotationProcessingTaskFactory.java:220)
	at org.gradle.api.internal.project.taskfactory.AnnotationProcessingTaskFactory$StandardTaskAction.execute(AnnotationProcessingTaskFactory.java:209)
	at org.gradle.api.internal.AbstractTask$TaskActionWrapper.execute(AbstractTask.java:585)
	at org.gradle.api.internal.AbstractTask$TaskActionWrapper.execute(AbstractTask.java:568)
	at org.gradle.api.internal.tasks.execution.ExecuteActionsTaskExecuter.executeAction(ExecuteActionsTaskExecuter.java:80)
	at org.gradle.api.internal.tasks.execution.ExecuteActionsTaskExecuter.executeActions(ExecuteActionsTaskExecuter.java:61)
	... 60 more


BUILD FAILED

Total time: 12.811 secs

2019-01-20 18:26:12,956 INFO  ProjectTaskService - Detecting possible tasks...
2019-01-20 18:26:12,956 INFO  SysUtils - Execute command: [/var/folders/bq/vtzpc5ns5sg2cthy61lqpg3dfzgbys/T/1547983537365-0/src/PinLock-master/gradlew, -b, /var/folders/bq/vtzpc5ns5sg2cthy61lqpg3dfzgbys/T/1547983537365-0/src/PinLock-master/sample/build.gradle, -Dorg.gradle.daemon=false, -Dorg.gradle.daemon.performance.enable-monitoring=false, -Dorg.gradle.configureondemand=true, tasks]
2019-01-20 18:26:19,686 INFO  ProjectTaskService - Detected possible tasks: 66
2019-01-20 18:26:19,687 INFO  ProjectTaskService - Excluded tasks (19): lintDebug mockableAndroidJar deviceCheck lint testReleaseUnitTest uninstallRelease deviceAndroidTest uninstallDebugAndroidTest installDebugAndroidTest connectedCheck connectedDebugAndroidTest uninstallAll test check testDebugUnitTest connectedAndroidTest installDebug lintRelease uninstallDebug
2019-01-20 18:26:19,687 INFO  SysUtils - Execute command: [/var/folders/bq/vtzpc5ns5sg2cthy61lqpg3dfzgbys/T/1547983537365-0/src/PinLock-master/gradlew, -b, /var/folders/bq/vtzpc5ns5sg2cthy61lqpg3dfzgbys/T/1547983537365-0/src/PinLock-master/sample/build.gradle, -Dorg.gradle.daemon=false, -Dorg.gradle.daemon.performance.enable-monitoring=false, -Dorg.gradle.configureondemand=true, --stacktrace, -x, lintDebug, -x, mockableAndroidJar, -x, deviceCheck, -x, lint, -x, testReleaseUnitTest, -x, uninstallRelease, -x, deviceAndroidTest, -x, uninstallDebugAndroidTest, -x, installDebugAndroidTest, -x, connectedCheck, -x, connectedDebugAndroidTest, -x, uninstallAll, -x, test, -x, check, -x, testDebugUnitTest, -x, connectedAndroidTest, -x, installDebug, -x, lintRelease, -x, uninstallDebug, build]
2019-01-20 18:26:39,176 INFO  SysUtils - Configuration on demand is an incubating feature.
:pinlock:compileLint
:pinlock:copyReleaseLint UP-TO-DATE
:pinlock:preBuild UP-TO-DATE
:pinlock:preReleaseBuild UP-TO-DATE
:pinlock:checkReleaseManifest
:pinlock:preDebugAndroidTestBuild UP-TO-DATE
:pinlock:preDebugBuild UP-TO-DATE
:pinlock:preDebugUnitTestBuild UP-TO-DATE
:pinlock:preReleaseUnitTestBuild UP-TO-DATE
:pinlock:prepareComAndroidSupportAnimatedVectorDrawable2320Library UP-TO-DATE
:pinlock:prepareComAndroidSupportAppcompatV72320Library UP-TO-DATE
:pinlock:prepareComAndroidSupportSupportV42320Library UP-TO-DATE
:pinlock:prepareComAndroidSupportSupportVectorDrawable2320Library UP-TO-DATE
:pinlock:prepareReleaseDependencies
:pinlock:compileReleaseAidl UP-TO-DATE
:pinlock:compileReleaseRenderscript UP-TO-DATE
:pinlock:generateReleaseBuildConfig UP-TO-DATE
:pinlock:generateReleaseAssets UP-TO-DATE
:pinlock:mergeReleaseAssets UP-TO-DATE
:pinlock:generateReleaseResValues UP-TO-DATE
:pinlock:generateReleaseResources UP-TO-DATE
:pinlock:mergeReleaseResources UP-TO-DATE
:pinlock:processReleaseManifest UP-TO-DATE
:pinlock:processReleaseResources UP-TO-DATE
:pinlock:generateReleaseSources UP-TO-DATE
:pinlock:processReleaseJavaRes UP-TO-DATE
:pinlock:compileReleaseJavaWithJavac UP-TO-DATE
:pinlock:extractReleaseAnnotations UP-TO-DATE
:pinlock:mergeReleaseProguardFiles UP-TO-DATE
:pinlock:packageReleaseJar UP-TO-DATE
:pinlock:compileReleaseNdk UP-TO-DATE
:pinlock:packageReleaseJniLibs UP-TO-DATE
:pinlock:packageReleaseLocalJar UP-TO-DATE
:pinlock:packageReleaseRenderscript UP-TO-DATE
:pinlock:packageReleaseResources UP-TO-DATE
:pinlock:bundleRelease UP-TO-DATE
:sample:preBuild UP-TO-DATE
:sample:preDebugBuild UP-TO-DATE
:sample:checkDebugManifest
:sample:preReleaseBuild UP-TO-DATE
:sample:prepareComAndroidSupportAnimatedVectorDrawable2320Library
:sample:prepareComAndroidSupportAppcompatV72320Library
:sample:prepareComAndroidSupportSupportV42320Library
:sample:prepareComAndroidSupportSupportVectorDrawable2320Library
:sample:prepareComManusunnyPinlockUnspecifiedLibrary
:sample:prepareDebugDependencies
:sample:compileDebugAidl
:sample:compileDebugRenderscript
:sample:generateDebugBuildConfig
:sample:generateDebugAssets UP-TO-DATE
:sample:mergeDebugAssets
:sample:generateDebugResValues
:sample:generateDebugResources
:sample:mergeDebugResources
:sample:processDebugManifest
:sample:processDebugResources
:sample:generateDebugSources
:sample:processDebugJavaRes UP-TO-DATE
:sample:compileDebugJavaWithJavac
:sample:compileDebugNdk UP-TO-DATE
:sample:compileDebugSources
:sample:preDexDebug
:sample:dexDebug
:sample:validateDebugSigning
:sample:packageDebug
:sample:zipalignDebug
:sample:assembleDebug
:sample:checkReleaseManifest
:sample:prepareReleaseDependencies
:sample:compileReleaseAidl
:sample:compileReleaseRenderscript
:sample:generateReleaseBuildConfig
:sample:generateReleaseAssets UP-TO-DATE
:sample:mergeReleaseAssets
:sample:generateReleaseResValues
:sample:generateReleaseResources
:sample:mergeReleaseResources
:sample:processReleaseManifest
:sample:processReleaseResources
:sample:generateReleaseSources
:sample:processReleaseJavaRes UP-TO-DATE
:sample:compileReleaseJavaWithJavac
:sample:compileReleaseNdk UP-TO-DATE
:sample:compileReleaseSources
:sample:preDexRelease
:sample:dexRelease
:sample:packageRelease
:sample:assembleRelease
:sample:assemble
:sample:build

BUILD SUCCESSFUL

Total time: 18.977 secs

2019-01-20 18:26:39,284 INFO  FullProcessService - Found APK file: /var/folders/bq/vtzpc5ns5sg2cthy61lqpg3dfzgbys/T/1547983537365-0/src/PinLock-master/sample/build/outputs/apk/sample-debug-unaligned.apk
