2019-01-19 20:11:42,334 INFO  DownloadService - Downloading "https://github.com/kingfisherphuoc/QuickActionDialogFragment/archive/master.zip", attempt 3
2019-01-19 20:11:44,328 INFO  DownloadService - Downloaded https://github.com/kingfisherphuoc/QuickActionDialogFragment/archive/master.zip, attempt 3
2019-01-19 20:11:44,329 INFO  DownloadService - Size of file "/var/folders/bq/vtzpc5ns5sg2cthy61lqpg3dfzgbys/T/1547903502330-0/master.zip": 95 KB
2019-01-19 20:11:44,329 INFO  ArchiveUtils - Checking entries [.gradle] in ZIP file...
2019-01-19 20:11:44,334 INFO  ArchiveUtils - Has entries [.gradle] in ZIP file /var/folders/bq/vtzpc5ns5sg2cthy61lqpg3dfzgbys/T/1547903502330-0/master.zip: true
2019-01-19 20:11:44,334 DEBUG ZipUtil - Extracting '/var/folders/bq/vtzpc5ns5sg2cthy61lqpg3dfzgbys/T/1547903502330-0/master.zip' into '/var/folders/bq/vtzpc5ns5sg2cthy61lqpg3dfzgbys/T/1547903502330-0/src'.
2019-01-19 20:11:44,350 INFO  FullProcessService - Size of directory with sources: 113 KB
2019-01-19 20:11:44,350 INFO  SysUtils - Execute command: [git, init, /var/folders/bq/vtzpc5ns5sg2cthy61lqpg3dfzgbys/T/1547903502330-0/src]
2019-01-19 20:11:44,368 INFO  SysUtils - Initialized empty Git repository in /private/var/folders/bq/vtzpc5ns5sg2cthy61lqpg3dfzgbys/T/1547903502330-0/src/.git/

2019-01-19 20:11:44,370 INFO  ProjectBuildService - Gradle wrapper(s): /var/folders/bq/vtzpc5ns5sg2cthy61lqpg3dfzgbys/T/1547903502330-0/src/QuickActionDialogFragment-master/gradlew
2019-01-19 20:11:44,373 INFO  ProjectBuildService - Build script(s): /var/folders/bq/vtzpc5ns5sg2cthy61lqpg3dfzgbys/T/1547903502330-0/src/QuickActionDialogFragment-master/quick-action-dialog-fragment/build.gradle /var/folders/bq/vtzpc5ns5sg2cthy61lqpg3dfzgbys/T/1547903502330-0/src/QuickActionDialogFragment-master/sample/build.gradle /var/folders/bq/vtzpc5ns5sg2cthy61lqpg3dfzgbys/T/1547903502330-0/src/QuickActionDialogFragment-master/build.gradle
2019-01-19 20:11:44,376 INFO  ProjectBuildService - All script(s): /var/folders/bq/vtzpc5ns5sg2cthy61lqpg3dfzgbys/T/1547903502330-0/src/QuickActionDialogFragment-master/quick-action-dialog-fragment/build.gradle /var/folders/bq/vtzpc5ns5sg2cthy61lqpg3dfzgbys/T/1547903502330-0/src/QuickActionDialogFragment-master/build.gradle /var/folders/bq/vtzpc5ns5sg2cthy61lqpg3dfzgbys/T/1547903502330-0/src/QuickActionDialogFragment-master/sample/build.gradle /var/folders/bq/vtzpc5ns5sg2cthy61lqpg3dfzgbys/T/1547903502330-0/src/QuickActionDialogFragment-master/settings.gradle
2019-01-19 20:11:44,376 INFO  DownloadService - Downloading "https://raw.githubusercontent.com/nuuneoi/JCenter/master/bintrayv1.gradle", attempt 3
2019-01-19 20:11:45,117 INFO  DownloadService - Downloaded https://raw.githubusercontent.com/nuuneoi/JCenter/master/bintrayv1.gradle, attempt 3
2019-01-19 20:11:45,118 INFO  DownloadService - Downloading "https://raw.githubusercontent.com/nuuneoi/JCenter/master/installv1.gradle", attempt 3
2019-01-19 20:11:45,210 INFO  DownloadService - Downloaded https://raw.githubusercontent.com/nuuneoi/JCenter/master/installv1.gradle, attempt 3
2019-01-19 20:11:45,210 INFO  ProjectBuildService - Remote scripts: https://raw.githubusercontent.com/nuuneoi/JCenter/master/bintrayv1.gradle https://raw.githubusercontent.com/nuuneoi/JCenter/master/installv1.gradle
2019-01-19 20:11:45,210 INFO  ProjectFixService - Fixing project...
2019-01-19 20:11:45,220 INFO  LocalPropertiesFixService - Created fake /var/folders/bq/vtzpc5ns5sg2cthy61lqpg3dfzgbys/T/1547903502330-0/src/QuickActionDialogFragment-master/quick-action-dialog-fragment/local.properties
2019-01-19 20:11:45,221 INFO  ProjectFixService - Build info for "/var/folders/bq/vtzpc5ns5sg2cthy61lqpg3dfzgbys/T/1547903502330-0/src/QuickActionDialogFragment-master/quick-action-dialog-fragment/build.gradle": [buildToolsVersion=23.0.2,compileSdkVersion=23,minSdkVersion=9,targetSdkVersion=23]
2019-01-19 20:11:45,222 INFO  LocalPropertiesFixService - Created fake /var/folders/bq/vtzpc5ns5sg2cthy61lqpg3dfzgbys/T/1547903502330-0/src/QuickActionDialogFragment-master/sample/local.properties
2019-01-19 20:11:45,222 INFO  ProjectFixService - Build info for "/var/folders/bq/vtzpc5ns5sg2cthy61lqpg3dfzgbys/T/1547903502330-0/src/QuickActionDialogFragment-master/sample/build.gradle": [buildToolsVersion=23.0.2,compileSdkVersion=23,minSdkVersion=9,targetSdkVersion=23]
2019-01-19 20:11:45,223 INFO  LocalPropertiesFixService - Created fake /var/folders/bq/vtzpc5ns5sg2cthy61lqpg3dfzgbys/T/1547903502330-0/src/QuickActionDialogFragment-master/local.properties
2019-01-19 20:11:45,223 INFO  WrapperPropertiesFixService - Gradle wrapper: https://services.gradle.org/distributions/gradle-2.4-all.zip
2019-01-19 20:11:45,224 INFO  WrapperPropertiesFixService - Gradle wrapper was changed from "-all.zip" to "-bin.zip" (https://services.gradle.org/distributions/gradle-2.4-bin.zip)
2019-01-19 20:11:45,225 INFO  ProjectFixService - Build info for "/var/folders/bq/vtzpc5ns5sg2cthy61lqpg3dfzgbys/T/1547903502330-0/src/QuickActionDialogFragment-master/build.gradle": [buildToolsVersion=23.0.2,compileSdkVersion=23,minSdkVersion=9,targetSdkVersion=23]
2019-01-19 20:11:45,225 INFO  ProjectFixService - Project was maybe fixed
2019-01-19 20:11:45,225 INFO  ProjectTaskService - Detecting possible tasks...
2019-01-19 20:11:45,225 INFO  SysUtils - Execute command: [/var/folders/bq/vtzpc5ns5sg2cthy61lqpg3dfzgbys/T/1547903502330-0/src/QuickActionDialogFragment-master/gradlew, -b, /var/folders/bq/vtzpc5ns5sg2cthy61lqpg3dfzgbys/T/1547903502330-0/src/QuickActionDialogFragment-master/quick-action-dialog-fragment/build.gradle, -Dorg.gradle.daemon=false, -Dorg.gradle.daemon.performance.enable-monitoring=false, -Dorg.gradle.configureondemand=true, tasks]
2019-01-19 20:11:54,846 ERROR ProjectTaskService - Could not detect possible Gradle tasks: Process exited with an error: 1 (Exit value: 1)
2019-01-19 20:11:54,846 INFO  ProjectTaskService - Detected possible tasks: 3
2019-01-19 20:11:54,847 INFO  ProjectTaskService - Excluded tasks (3): sourcesJar javadocJar javadoc
2019-01-19 20:11:54,847 INFO  SysUtils - Execute command: [/var/folders/bq/vtzpc5ns5sg2cthy61lqpg3dfzgbys/T/1547903502330-0/src/QuickActionDialogFragment-master/gradlew, -b, /var/folders/bq/vtzpc5ns5sg2cthy61lqpg3dfzgbys/T/1547903502330-0/src/QuickActionDialogFragment-master/quick-action-dialog-fragment/build.gradle, -Dorg.gradle.daemon=false, -Dorg.gradle.daemon.performance.enable-monitoring=false, -Dorg.gradle.configureondemand=true, --stacktrace, -x, sourcesJar, -x, javadocJar, -x, javadoc, build]
2019-01-19 20:12:10,533 ERROR SysUtils - Could not process external command
org.apache.commons.exec.ExecuteException: Process exited with an error: 1 (Exit value: 1)
	at org.apache.commons.exec.DefaultExecutor.executeInternal(DefaultExecutor.java:404)
	at org.apache.commons.exec.DefaultExecutor.execute(DefaultExecutor.java:166)
	at com.github.vbauer.apkmaster.util.SysUtils.execute(SysUtils.java:67)
	at com.github.vbauer.apkmaster.util.SysUtils.executeSimple(SysUtils.java:43)
	at com.github.vbauer.apkmaster.service.assembly.ProjectBuildService.buildProject(ProjectBuildService.java:78)
	at com.github.vbauer.apkmaster.service.assembly.ProjectBuildService.buildProject(ProjectBuildService.java:64)
	at com.github.vbauer.apkmaster.service.assembly.ProjectBuildService.buildProject(ProjectBuildService.java:43)
	at com.github.vbauer.apkmaster.service.FullProcessService.build(FullProcessService.java:84)
	at com.github.vbauer.apkmaster.service.FullProcessService.process(FullProcessService.java:34)
	at com.github.vbauer.apkmaster.app.MainApplication.process(MainApplication.java:38)
	at com.github.vbauer.apkmaster.app.MainApplication.main(MainApplication.java:20)
	at sun.reflect.GeneratedMethodAccessor8.invoke(Unknown Source)
	at sun.reflect.DelegatingMethodAccessorImpl.invoke(DelegatingMethodAccessorImpl.java:43)
	at java.lang.reflect.Method.invoke(Method.java:498)
	at com.android.arsenal.util.ReflectionUtils.invoke(ReflectionUtils.java:52)
	at com.android.arsenal.util.ApkMasterUtils.main(ApkMasterUtils.java:30)
	at com.android.arsenal.service.processor.impl.BuildProcessorServiceImpl.buildProject(BuildProcessorServiceImpl.java:196)
	at com.android.arsenal.service.processor.impl.BuildProcessorServiceImpl.build(BuildProcessorServiceImpl.java:130)
	at com.android.arsenal.service.processor.impl.BuildProcessorServiceImpl.lambda$createTasks$1(BuildProcessorServiceImpl.java:113)
	at java.util.concurrent.FutureTask.run(FutureTask.java:266)
	at java.util.concurrent.Executors$RunnableAdapter.call(Executors.java:511)
	at java.util.concurrent.FutureTask.run(FutureTask.java:266)
	at java.util.concurrent.ThreadPoolExecutor.runWorker(ThreadPoolExecutor.java:1149)
	at java.util.concurrent.ThreadPoolExecutor$Worker.run(ThreadPoolExecutor.java:624)
	at java.lang.Thread.run(Thread.java:748)
2019-01-19 20:12:10,533 INFO  SysUtils - Configuration on demand is an incubating feature.
:quick-action-dialog-fragment:compileLint
:quick-action-dialog-fragment:copyDebugLint UP-TO-DATE
:quick-action-dialog-fragment:preBuild UP-TO-DATE
:quick-action-dialog-fragment:preDebugBuild UP-TO-DATE
:quick-action-dialog-fragment:checkDebugManifest
:quick-action-dialog-fragment:preDebugAndroidTestBuild UP-TO-DATE
:quick-action-dialog-fragment:preDebugUnitTestBuild UP-TO-DATE
:quick-action-dialog-fragment:preReleaseBuild UP-TO-DATE
:quick-action-dialog-fragment:preReleaseUnitTestBuild UP-TO-DATE
:quick-action-dialog-fragment:prepareComAndroidSupportAppcompatV72311Library
:quick-action-dialog-fragment:prepareComAndroidSupportSupportV42311Library
:quick-action-dialog-fragment:prepareDebugDependencies
:quick-action-dialog-fragment:compileDebugAidl
:quick-action-dialog-fragment:compileDebugRenderscript
:quick-action-dialog-fragment:generateDebugBuildConfig
:quick-action-dialog-fragment:generateDebugAssets UP-TO-DATE
:quick-action-dialog-fragment:mergeDebugAssets
:quick-action-dialog-fragment:generateDebugResValues
:quick-action-dialog-fragment:generateDebugResources
:quick-action-dialog-fragment:mergeDebugResources
:quick-action-dialog-fragment:processDebugManifest
:quick-action-dialog-fragment:processDebugResources
:quick-action-dialog-fragment:generateDebugSources
:quick-action-dialog-fragment:processDebugJavaRes UP-TO-DATE
:quick-action-dialog-fragment:compileDebugJavaNote: /private/var/folders/bq/vtzpc5ns5sg2cthy61lqpg3dfzgbys/T/1547903502330-0/src/QuickActionDialogFragment-master/quick-action-dialog-fragment/src/main/java/com/kingfisherphuoc/quickactiondialog/QuickActionDialogFragment.java uses or overrides a deprecated API.
Note: Recompile with -Xlint:deprecation for details.

:quick-action-dialog-fragment:extractDebugAnnotations
:quick-action-dialog-fragment:mergeDebugProguardFiles
:quick-action-dialog-fragment:packageDebugJar
:quick-action-dialog-fragment:compileDebugNdk UP-TO-DATE
:quick-action-dialog-fragment:packageDebugJniLibs UP-TO-DATE
:quick-action-dialog-fragment:packageDebugLocalJar UP-TO-DATE
:quick-action-dialog-fragment:packageDebugRenderscript UP-TO-DATE
:quick-action-dialog-fragment:packageDebugResources
:quick-action-dialog-fragment:bundleDebug
:quick-action-dialog-fragment:compileDebugSources
:quick-action-dialog-fragment:assembleDebug
:quick-action-dialog-fragment:copyReleaseLint UP-TO-DATE
:quick-action-dialog-fragment:checkReleaseManifest
:quick-action-dialog-fragment:prepareReleaseDependencies
:quick-action-dialog-fragment:compileReleaseAidl
:quick-action-dialog-fragment:compileReleaseRenderscript
:quick-action-dialog-fragment:generateReleaseBuildConfig
:quick-action-dialog-fragment:generateReleaseAssets UP-TO-DATE
:quick-action-dialog-fragment:mergeReleaseAssets
:quick-action-dialog-fragment:generateReleaseResValues
:quick-action-dialog-fragment:generateReleaseResources
:quick-action-dialog-fragment:mergeReleaseResources
:quick-action-dialog-fragment:processReleaseManifest
:quick-action-dialog-fragment:processReleaseResources
:quick-action-dialog-fragment:generateReleaseSources
:quick-action-dialog-fragment:processReleaseJavaRes UP-TO-DATE
:quick-action-dialog-fragment:compileReleaseJavaNote: /private/var/folders/bq/vtzpc5ns5sg2cthy61lqpg3dfzgbys/T/1547903502330-0/src/QuickActionDialogFragment-master/quick-action-dialog-fragment/src/main/java/com/kingfisherphuoc/quickactiondialog/QuickActionDialogFragment.java uses or overrides a deprecated API.
Note: Recompile with -Xlint:deprecation for details.

:quick-action-dialog-fragment:extractReleaseAnnotations
:quick-action-dialog-fragment:mergeReleaseProguardFiles
:quick-action-dialog-fragment:packageReleaseJar
:quick-action-dialog-fragment:compileReleaseNdk UP-TO-DATE
:quick-action-dialog-fragment:packageReleaseJniLibs UP-TO-DATE
:quick-action-dialog-fragment:packageReleaseLocalJar UP-TO-DATE
:quick-action-dialog-fragment:packageReleaseRenderscript UP-TO-DATE
:quick-action-dialog-fragment:packageReleaseResources
:quick-action-dialog-fragment:bundleRelease
:quick-action-dialog-fragment:compileReleaseSources
:quick-action-dialog-fragment:assembleRelease
:quick-action-dialog-fragment:assemble
:quick-action-dialog-fragment:lint
Ran lint on variant release: 18 issues found
Ran lint on variant debug: 18 issues found
Wrote HTML report to file:/private/var/folders/bq/vtzpc5ns5sg2cthy61lqpg3dfzgbys/T/1547903502330-0/src/QuickActionDialogFragment-master/quick-action-dialog-fragment/build/outputs/lint-results.html
Wrote XML report to /private/var/folders/bq/vtzpc5ns5sg2cthy61lqpg3dfzgbys/T/1547903502330-0/src/QuickActionDialogFragment-master/quick-action-dialog-fragment/build/outputs/lint-results.xml
:quick-action-dialog-fragment:lint FAILED

FAILURE: Build failed with an exception.

* What went wrong:
Execution failed for task ':quick-action-dialog-fragment:lint'.
> Lint found errors in the project; aborting build.
  
  Fix the issues identified by lint, or add the following to your build script to proceed with errors:
  ...
  android {
      lintOptions {
          abortOnError false
      }
  }
  ...

* Try:
Run with --info or --debug option to get more log output.

* Exception is:
org.gradle.api.tasks.TaskExecutionException: Execution failed for task ':quick-action-dialog-fragment:lint'.
	at org.gradle.api.internal.tasks.execution.ExecuteActionsTaskExecuter.executeActions(ExecuteActionsTaskExecuter.java:69)
	at org.gradle.api.internal.tasks.execution.ExecuteActionsTaskExecuter.execute(ExecuteActionsTaskExecuter.java:46)
	at org.gradle.api.internal.tasks.execution.PostExecutionAnalysisTaskExecuter.execute(PostExecutionAnalysisTaskExecuter.java:35)
	at org.gradle.api.internal.tasks.execution.SkipUpToDateTaskExecuter.execute(SkipUpToDateTaskExecuter.java:64)
	at org.gradle.api.internal.tasks.execution.ValidatingTaskExecuter.execute(ValidatingTaskExecuter.java:58)
	at org.gradle.api.internal.tasks.execution.SkipEmptySourceFilesTaskExecuter.execute(SkipEmptySourceFilesTaskExecuter.java:42)
	at org.gradle.api.internal.tasks.execution.SkipTaskWithNoActionsExecuter.execute(SkipTaskWithNoActionsExecuter.java:52)
	at org.gradle.api.internal.tasks.execution.SkipOnlyIfTaskExecuter.execute(SkipOnlyIfTaskExecuter.java:53)
	at org.gradle.api.internal.tasks.execution.ExecuteAtMostOnceTaskExecuter.execute(ExecuteAtMostOnceTaskExecuter.java:43)
	at org.gradle.api.internal.AbstractTask.executeWithoutThrowingTaskFailure(AbstractTask.java:310)
	at org.gradle.execution.taskgraph.AbstractTaskPlanExecutor$TaskExecutorWorker.executeTask(AbstractTaskPlanExecutor.java:79)
	at org.gradle.execution.taskgraph.AbstractTaskPlanExecutor$TaskExecutorWorker.processTask(AbstractTaskPlanExecutor.java:63)
	at org.gradle.execution.taskgraph.AbstractTaskPlanExecutor$TaskExecutorWorker.run(AbstractTaskPlanExecutor.java:51)
	at org.gradle.execution.taskgraph.DefaultTaskPlanExecutor.process(DefaultTaskPlanExecutor.java:23)
	at org.gradle.execution.taskgraph.DefaultTaskGraphExecuter.execute(DefaultTaskGraphExecuter.java:88)
	at org.gradle.execution.SelectedTaskExecutionAction.execute(SelectedTaskExecutionAction.java:37)
	at org.gradle.execution.DefaultBuildExecuter.execute(DefaultBuildExecuter.java:62)
	at org.gradle.execution.DefaultBuildExecuter.access$200(DefaultBuildExecuter.java:23)
	at org.gradle.execution.DefaultBuildExecuter$2.proceed(DefaultBuildExecuter.java:68)
	at org.gradle.execution.DryRunBuildExecutionAction.execute(DryRunBuildExecutionAction.java:32)
	at org.gradle.execution.DefaultBuildExecuter.execute(DefaultBuildExecuter.java:62)
	at org.gradle.execution.DefaultBuildExecuter.execute(DefaultBuildExecuter.java:55)
	at org.gradle.initialization.DefaultGradleLauncher.doBuildStages(DefaultGradleLauncher.java:149)
	at org.gradle.initialization.DefaultGradleLauncher.doBuild(DefaultGradleLauncher.java:106)
	at org.gradle.initialization.DefaultGradleLauncher.run(DefaultGradleLauncher.java:86)
	at org.gradle.launcher.exec.InProcessBuildActionExecuter$DefaultBuildController.run(InProcessBuildActionExecuter.java:90)
	at org.gradle.tooling.internal.provider.ExecuteBuildActionRunner.run(ExecuteBuildActionRunner.java:28)
	at org.gradle.launcher.exec.ChainingBuildActionRunner.run(ChainingBuildActionRunner.java:35)
	at org.gradle.launcher.exec.InProcessBuildActionExecuter.execute(InProcessBuildActionExecuter.java:41)
	at org.gradle.launcher.exec.InProcessBuildActionExecuter.execute(InProcessBuildActionExecuter.java:28)
	at org.gradle.launcher.exec.DaemonUsageSuggestingBuildActionExecuter.execute(DaemonUsageSuggestingBuildActionExecuter.java:50)
	at org.gradle.launcher.exec.DaemonUsageSuggestingBuildActionExecuter.execute(DaemonUsageSuggestingBuildActionExecuter.java:27)
	at org.gradle.launcher.cli.RunBuildAction.run(RunBuildAction.java:40)
	at org.gradle.internal.Actions$RunnableActionAdapter.execute(Actions.java:169)
	at org.gradle.launcher.cli.CommandLineActionFactory$ParseAndBuildAction.execute(CommandLineActionFactory.java:237)
	at org.gradle.launcher.cli.CommandLineActionFactory$ParseAndBuildAction.execute(CommandLineActionFactory.java:210)
	at org.gradle.launcher.cli.JavaRuntimeValidationAction.execute(JavaRuntimeValidationAction.java:35)
	at org.gradle.launcher.cli.JavaRuntimeValidationAction.execute(JavaRuntimeValidationAction.java:24)
	at org.gradle.launcher.cli.CommandLineActionFactory$WithLogging.execute(CommandLineActionFactory.java:206)
	at org.gradle.launcher.cli.CommandLineActionFactory$WithLogging.execute(CommandLineActionFactory.java:169)
	at org.gradle.launcher.cli.ExceptionReportingAction.execute(ExceptionReportingAction.java:33)
	at org.gradle.launcher.cli.ExceptionReportingAction.execute(ExceptionReportingAction.java:22)
	at org.gradle.launcher.Main.doAction(Main.java:33)
	at org.gradle.launcher.bootstrap.EntryPoint.run(EntryPoint.java:45)
	at org.gradle.launcher.bootstrap.ProcessBootstrap.runNoExit(ProcessBootstrap.java:54)
	at org.gradle.launcher.bootstrap.ProcessBootstrap.run(ProcessBootstrap.java:35)
	at org.gradle.launcher.GradleMain.main(GradleMain.java:23)
	at org.gradle.wrapper.BootstrapMainStarter.start(BootstrapMainStarter.java:33)
	at org.gradle.wrapper.WrapperExecutor.execute(WrapperExecutor.java:130)
	at org.gradle.wrapper.GradleWrapperMain.main(GradleWrapperMain.java:48)
Caused by: org.gradle.api.GradleException: Lint found errors in the project; aborting build.

Fix the issues identified by lint, or add the following to your build script to proceed with errors:
...
android {
    lintOptions {
        abortOnError false
    }
}
...
	at com.android.build.gradle.tasks.Lint.abort(Lint.groovy:166)
	at com.android.build.gradle.tasks.Lint.lintAllVariants(Lint.groovy:131)
	at com.android.build.gradle.tasks.Lint$lintAllVariants$0.callCurrent(Unknown Source)
	at com.android.build.gradle.tasks.Lint.lint(Lint.groovy:77)
	at org.gradle.internal.reflect.JavaMethod.invoke(JavaMethod.java:75)
	at org.gradle.api.internal.project.taskfactory.AnnotationProcessingTaskFactory$StandardTaskAction.doExecute(AnnotationProcessingTaskFactory.java:226)
	at org.gradle.api.internal.project.taskfactory.AnnotationProcessingTaskFactory$StandardTaskAction.execute(AnnotationProcessingTaskFactory.java:219)
	at org.gradle.api.internal.project.taskfactory.AnnotationProcessingTaskFactory$StandardTaskAction.execute(AnnotationProcessingTaskFactory.java:208)
	at org.gradle.api.internal.AbstractTask$TaskActionWrapper.execute(AbstractTask.java:589)
	at org.gradle.api.internal.AbstractTask$TaskActionWrapper.execute(AbstractTask.java:572)
	at org.gradle.api.internal.tasks.execution.ExecuteActionsTaskExecuter.executeAction(ExecuteActionsTaskExecuter.java:80)
	at org.gradle.api.internal.tasks.execution.ExecuteActionsTaskExecuter.executeActions(ExecuteActionsTaskExecuter.java:61)
	... 49 more


BUILD FAILED

Total time: 15.152 secs

2019-01-19 20:12:10,576 INFO  ProjectTaskService - Detecting possible tasks...
2019-01-19 20:12:10,576 INFO  SysUtils - Execute command: [/var/folders/bq/vtzpc5ns5sg2cthy61lqpg3dfzgbys/T/1547903502330-0/src/QuickActionDialogFragment-master/gradlew, -b, /var/folders/bq/vtzpc5ns5sg2cthy61lqpg3dfzgbys/T/1547903502330-0/src/QuickActionDialogFragment-master/sample/build.gradle, -Dorg.gradle.daemon=false, -Dorg.gradle.daemon.performance.enable-monitoring=false, -Dorg.gradle.configureondemand=true, tasks]
2019-01-19 20:12:17,336 INFO  ProjectTaskService - Detected possible tasks: 68
2019-01-19 20:12:17,336 INFO  ProjectTaskService - Excluded tasks (22): lintDebug mockableAndroidJar javadocJar deviceCheck lint javadoc uninstallRelease deviceAndroidTest uninstallDebugAndroidTest installDebugAndroidTest connectedCheck uninstallAll sourcesJar testRelease test check connectedAndroidTest installDebug lintRelease testDebug connectedAndroidTestDebug uninstallDebug
2019-01-19 20:12:17,336 INFO  SysUtils - Execute command: [/var/folders/bq/vtzpc5ns5sg2cthy61lqpg3dfzgbys/T/1547903502330-0/src/QuickActionDialogFragment-master/gradlew, -b, /var/folders/bq/vtzpc5ns5sg2cthy61lqpg3dfzgbys/T/1547903502330-0/src/QuickActionDialogFragment-master/sample/build.gradle, -Dorg.gradle.daemon=false, -Dorg.gradle.daemon.performance.enable-monitoring=false, -Dorg.gradle.configureondemand=true, --stacktrace, -x, lintDebug, -x, mockableAndroidJar, -x, javadocJar, -x, deviceCheck, -x, lint, -x, javadoc, -x, uninstallRelease, -x, deviceAndroidTest, -x, uninstallDebugAndroidTest, -x, installDebugAndroidTest, -x, connectedCheck, -x, uninstallAll, -x, sourcesJar, -x, testRelease, -x, test, -x, check, -x, connectedAndroidTest, -x, installDebug, -x, lintRelease, -x, testDebug, -x, connectedAndroidTestDebug, -x, uninstallDebug, build]
2019-01-19 20:12:23,537 ERROR SysUtils - Could not process external command
org.apache.commons.exec.ExecuteException: Process exited with an error: 1 (Exit value: 1)
	at org.apache.commons.exec.DefaultExecutor.executeInternal(DefaultExecutor.java:404)
	at org.apache.commons.exec.DefaultExecutor.execute(DefaultExecutor.java:166)
	at com.github.vbauer.apkmaster.util.SysUtils.execute(SysUtils.java:67)
	at com.github.vbauer.apkmaster.util.SysUtils.executeSimple(SysUtils.java:43)
	at com.github.vbauer.apkmaster.service.assembly.ProjectBuildService.buildProject(ProjectBuildService.java:78)
	at com.github.vbauer.apkmaster.service.assembly.ProjectBuildService.buildProject(ProjectBuildService.java:64)
	at com.github.vbauer.apkmaster.service.assembly.ProjectBuildService.buildProject(ProjectBuildService.java:43)
	at com.github.vbauer.apkmaster.service.FullProcessService.build(FullProcessService.java:84)
	at com.github.vbauer.apkmaster.service.FullProcessService.process(FullProcessService.java:34)
	at com.github.vbauer.apkmaster.app.MainApplication.process(MainApplication.java:38)
	at com.github.vbauer.apkmaster.app.MainApplication.main(MainApplication.java:20)
	at sun.reflect.GeneratedMethodAccessor8.invoke(Unknown Source)
	at sun.reflect.DelegatingMethodAccessorImpl.invoke(DelegatingMethodAccessorImpl.java:43)
	at java.lang.reflect.Method.invoke(Method.java:498)
	at com.android.arsenal.util.ReflectionUtils.invoke(ReflectionUtils.java:52)
	at com.android.arsenal.util.ApkMasterUtils.main(ApkMasterUtils.java:30)
	at com.android.arsenal.service.processor.impl.BuildProcessorServiceImpl.buildProject(BuildProcessorServiceImpl.java:196)
	at com.android.arsenal.service.processor.impl.BuildProcessorServiceImpl.build(BuildProcessorServiceImpl.java:130)
	at com.android.arsenal.service.processor.impl.BuildProcessorServiceImpl.lambda$createTasks$1(BuildProcessorServiceImpl.java:113)
	at java.util.concurrent.FutureTask.run(FutureTask.java:266)
	at java.util.concurrent.Executors$RunnableAdapter.call(Executors.java:511)
	at java.util.concurrent.FutureTask.run(FutureTask.java:266)
	at java.util.concurrent.ThreadPoolExecutor.runWorker(ThreadPoolExecutor.java:1149)
	at java.util.concurrent.ThreadPoolExecutor$Worker.run(ThreadPoolExecutor.java:624)
	at java.lang.Thread.run(Thread.java:748)
2019-01-19 20:12:23,537 INFO  SysUtils - Configuration on demand is an incubating feature.

FAILURE: Build failed with an exception.

* What went wrong:
Task 'javadocJar' not found in project ':sample'.

* Try:
Run gradlew tasks to get a list of available tasks. Run with --info or --debug option to get more log output.

* Exception is:
org.gradle.execution.TaskSelectionException: Task 'javadocJar' not found in project ':sample'.
	at org.gradle.execution.TaskSelector.getSelection(TaskSelector.java:100)
	at org.gradle.execution.TaskSelector.getFilter(TaskSelector.java:63)
	at org.gradle.execution.ExcludedTaskFilteringBuildConfigurationAction.configure(ExcludedTaskFilteringBuildConfigurationAction.java:42)
	at org.gradle.execution.DefaultBuildExecuter.configure(DefaultBuildExecuter.java:42)
	at org.gradle.execution.DefaultBuildExecuter.access$100(DefaultBuildExecuter.java:23)
	at org.gradle.execution.DefaultBuildExecuter$1.proceed(DefaultBuildExecuter.java:48)
	at org.gradle.execution.DefaultTasksBuildExecutionAction.configure(DefaultTasksBuildExecutionAction.java:44)
	at org.gradle.execution.DefaultBuildExecuter.configure(DefaultBuildExecuter.java:42)
	at org.gradle.execution.DefaultBuildExecuter.select(DefaultBuildExecuter.java:35)
	at org.gradle.initialization.DefaultGradleLauncher.doBuildStages(DefaultGradleLauncher.java:142)
	at org.gradle.initialization.DefaultGradleLauncher.doBuild(DefaultGradleLauncher.java:106)
	at org.gradle.initialization.DefaultGradleLauncher.run(DefaultGradleLauncher.java:86)
	at org.gradle.launcher.exec.InProcessBuildActionExecuter$DefaultBuildController.run(InProcessBuildActionExecuter.java:90)
	at org.gradle.tooling.internal.provider.ExecuteBuildActionRunner.run(ExecuteBuildActionRunner.java:28)
	at org.gradle.launcher.exec.ChainingBuildActionRunner.run(ChainingBuildActionRunner.java:35)
	at org.gradle.launcher.exec.InProcessBuildActionExecuter.execute(InProcessBuildActionExecuter.java:41)
	at org.gradle.launcher.exec.InProcessBuildActionExecuter.execute(InProcessBuildActionExecuter.java:28)
	at org.gradle.launcher.exec.DaemonUsageSuggestingBuildActionExecuter.execute(DaemonUsageSuggestingBuildActionExecuter.java:50)
	at org.gradle.launcher.exec.DaemonUsageSuggestingBuildActionExecuter.execute(DaemonUsageSuggestingBuildActionExecuter.java:27)
	at org.gradle.launcher.cli.RunBuildAction.run(RunBuildAction.java:40)
	at org.gradle.internal.Actions$RunnableActionAdapter.execute(Actions.java:169)
	at org.gradle.launcher.cli.CommandLineActionFactory$ParseAndBuildAction.execute(CommandLineActionFactory.java:237)
	at org.gradle.launcher.cli.CommandLineActionFactory$ParseAndBuildAction.execute(CommandLineActionFactory.java:210)
	at org.gradle.launcher.cli.JavaRuntimeValidationAction.execute(JavaRuntimeValidationAction.java:35)
	at org.gradle.launcher.cli.JavaRuntimeValidationAction.execute(JavaRuntimeValidationAction.java:24)
	at org.gradle.launcher.cli.CommandLineActionFactory$WithLogging.execute(CommandLineActionFactory.java:206)
	at org.gradle.launcher.cli.CommandLineActionFactory$WithLogging.execute(CommandLineActionFactory.java:169)
	at org.gradle.launcher.cli.ExceptionReportingAction.execute(ExceptionReportingAction.java:33)
	at org.gradle.launcher.cli.ExceptionReportingAction.execute(ExceptionReportingAction.java:22)
	at org.gradle.launcher.Main.doAction(Main.java:33)
	at org.gradle.launcher.bootstrap.EntryPoint.run(EntryPoint.java:45)
	at org.gradle.launcher.bootstrap.ProcessBootstrap.runNoExit(ProcessBootstrap.java:54)
	at org.gradle.launcher.bootstrap.ProcessBootstrap.run(ProcessBootstrap.java:35)
	at org.gradle.launcher.GradleMain.main(GradleMain.java:23)
	at org.gradle.wrapper.BootstrapMainStarter.start(BootstrapMainStarter.java:33)
	at org.gradle.wrapper.WrapperExecutor.execute(WrapperExecutor.java:130)
	at org.gradle.wrapper.GradleWrapperMain.main(GradleWrapperMain.java:48)


BUILD FAILED

Total time: 5.684 secs

2019-01-19 20:12:23,537 ERROR ProjectBuildService - Excluded tasks were detected wrong
2019-01-19 20:12:23,537 INFO  SysUtils - Execute command: [/var/folders/bq/vtzpc5ns5sg2cthy61lqpg3dfzgbys/T/1547903502330-0/src/QuickActionDialogFragment-master/gradlew, -b, /var/folders/bq/vtzpc5ns5sg2cthy61lqpg3dfzgbys/T/1547903502330-0/src/QuickActionDialogFragment-master/sample/build.gradle, -Dorg.gradle.daemon=false, -Dorg.gradle.daemon.performance.enable-monitoring=false, -Dorg.gradle.configureondemand=true, --stacktrace, build]
2019-01-19 20:12:47,676 INFO  SysUtils - Configuration on demand is an incubating feature.
:quick-action-dialog-fragment:compileLint
:quick-action-dialog-fragment:copyReleaseLint UP-TO-DATE
:quick-action-dialog-fragment:preBuild UP-TO-DATE
:quick-action-dialog-fragment:preReleaseBuild UP-TO-DATE
:quick-action-dialog-fragment:checkReleaseManifest
:quick-action-dialog-fragment:preDebugAndroidTestBuild UP-TO-DATE
:quick-action-dialog-fragment:preDebugBuild UP-TO-DATE
:quick-action-dialog-fragment:preDebugUnitTestBuild UP-TO-DATE
:quick-action-dialog-fragment:preReleaseUnitTestBuild UP-TO-DATE
:quick-action-dialog-fragment:prepareComAndroidSupportAppcompatV72311Library UP-TO-DATE
:quick-action-dialog-fragment:prepareComAndroidSupportSupportV42311Library UP-TO-DATE
:quick-action-dialog-fragment:prepareReleaseDependencies
:quick-action-dialog-fragment:compileReleaseAidl UP-TO-DATE
:quick-action-dialog-fragment:compileReleaseRenderscript UP-TO-DATE
:quick-action-dialog-fragment:generateReleaseBuildConfig UP-TO-DATE
:quick-action-dialog-fragment:generateReleaseAssets UP-TO-DATE
:quick-action-dialog-fragment:mergeReleaseAssets UP-TO-DATE
:quick-action-dialog-fragment:generateReleaseResValues UP-TO-DATE
:quick-action-dialog-fragment:generateReleaseResources UP-TO-DATE
:quick-action-dialog-fragment:mergeReleaseResources UP-TO-DATE
:quick-action-dialog-fragment:processReleaseManifest UP-TO-DATE
:quick-action-dialog-fragment:processReleaseResources UP-TO-DATE
:quick-action-dialog-fragment:generateReleaseSources UP-TO-DATE
:quick-action-dialog-fragment:processReleaseJavaRes UP-TO-DATE
:quick-action-dialog-fragment:compileReleaseJava UP-TO-DATE
:quick-action-dialog-fragment:extractReleaseAnnotations UP-TO-DATE
:quick-action-dialog-fragment:mergeReleaseProguardFiles UP-TO-DATE
:quick-action-dialog-fragment:packageReleaseJar UP-TO-DATE
:quick-action-dialog-fragment:compileReleaseNdk UP-TO-DATE
:quick-action-dialog-fragment:packageReleaseJniLibs UP-TO-DATE
:quick-action-dialog-fragment:packageReleaseLocalJar UP-TO-DATE
:quick-action-dialog-fragment:packageReleaseRenderscript UP-TO-DATE
:quick-action-dialog-fragment:packageReleaseResources UP-TO-DATE
:quick-action-dialog-fragment:bundleRelease UP-TO-DATE
:sample:preBuild UP-TO-DATE
:sample:preDebugBuild UP-TO-DATE
:sample:checkDebugManifest
:sample:preReleaseBuild UP-TO-DATE
:sample:prepareComAndroidSupportAppcompatV72311Library
:sample:prepareComAndroidSupportSupportV42311Library
:sample:prepareComKingfisherphuocQuickActionDialogFragment11Library
:sample:prepareDebugDependencies
:sample:compileDebugAidl
:sample:compileDebugRenderscript
:sample:generateDebugBuildConfig
:sample:generateDebugAssets UP-TO-DATE
:sample:mergeDebugAssets
:sample:generateDebugResValues
:sample:generateDebugResources
:sample:mergeDebugResources
:sample:processDebugManifest
:sample:processDebugResources
:sample:generateDebugSources
:sample:processDebugJavaRes UP-TO-DATE
:sample:compileDebugJava
:sample:compileDebugNdk UP-TO-DATE
:sample:compileDebugSources
:sample:preDexDebug
:sample:dexDebug
:sample:validateDebugSigning
:sample:packageDebug
:sample:zipalignDebug
:sample:assembleDebug
:sample:checkReleaseManifest
:sample:prepareReleaseDependencies
:sample:compileReleaseAidl
:sample:compileReleaseRenderscript
:sample:generateReleaseBuildConfig
:sample:generateReleaseAssets UP-TO-DATE
:sample:mergeReleaseAssets
:sample:generateReleaseResValues
:sample:generateReleaseResources
:sample:mergeReleaseResources
:sample:processReleaseManifest
:sample:processReleaseResources
:sample:generateReleaseSources
:sample:processReleaseJavaRes UP-TO-DATE
:sample:compileReleaseJava
:sample:compileReleaseNdk UP-TO-DATE
:sample:compileReleaseSources
:sample:lintVitalRelease SKIPPED
:sample:preDexRelease
:sample:dexRelease
:sample:packageRelease
:sample:assembleRelease
:sample:assemble
:sample:compileLint
:sample:lint
Ran lint on variant debug: 15 issues found
Ran lint on variant release: 15 issues found
Wrote HTML report to file:/private/var/folders/bq/vtzpc5ns5sg2cthy61lqpg3dfzgbys/T/1547903502330-0/src/QuickActionDialogFragment-master/sample/build/outputs/lint-results.html
Wrote XML report to /private/var/folders/bq/vtzpc5ns5sg2cthy61lqpg3dfzgbys/T/1547903502330-0/src/QuickActionDialogFragment-master/sample/build/outputs/lint-results.xml
:sample:preCompileDebugUnitTestJava
:sample:preDebugUnitTestBuild UP-TO-DATE
:sample:prepareDebugUnitTestDependencies
:sample:processDebugUnitTestJavaRes UP-TO-DATE
:sample:compileDebugUnitTestJava UP-TO-DATE
:sample:compileDebugUnitTestSources UP-TO-DATE
:sample:mockableAndroidJar
:sample:assembleDebugUnitTest
:sample:testDebug
:sample:preCompileReleaseUnitTestJava
:sample:preReleaseUnitTestBuild UP-TO-DATE
:sample:prepareReleaseUnitTestDependencies
:sample:processReleaseUnitTestJavaRes UP-TO-DATE
:sample:compileReleaseUnitTestJava UP-TO-DATE
:sample:compileReleaseUnitTestSources UP-TO-DATE
:sample:assembleReleaseUnitTest
:sample:testRelease
:sample:test
:sample:check
:sample:build

BUILD SUCCESSFUL

Total time: 23.616 secs

2019-01-19 20:12:47,773 INFO  FullProcessService - Found APK file: /var/folders/bq/vtzpc5ns5sg2cthy61lqpg3dfzgbys/T/1547903502330-0/src/QuickActionDialogFragment-master/sample/build/outputs/apk/sample-debug-unaligned.apk
