2019-01-13 04:59:05,089 INFO  DownloadService - Downloading "https://github.com/KoMinkyu/teaspoon/archive/master.zip", attempt 3
2019-01-13 04:59:06,720 INFO  DownloadService - Downloaded https://github.com/KoMinkyu/teaspoon/archive/master.zip, attempt 3
2019-01-13 04:59:06,720 INFO  DownloadService - Size of file "/var/folders/bq/vtzpc5ns5sg2cthy61lqpg3dfzgbys/T/1547330345081-0/master.zip": 159 KB
2019-01-13 04:59:06,720 INFO  ArchiveUtils - Checking entries [.gradle] in ZIP file...
2019-01-13 04:59:06,721 INFO  ArchiveUtils - Has entries [.gradle] in ZIP file /var/folders/bq/vtzpc5ns5sg2cthy61lqpg3dfzgbys/T/1547330345081-0/master.zip: true
2019-01-13 04:59:06,721 DEBUG ZipUtil - Extracting '/var/folders/bq/vtzpc5ns5sg2cthy61lqpg3dfzgbys/T/1547330345081-0/master.zip' into '/var/folders/bq/vtzpc5ns5sg2cthy61lqpg3dfzgbys/T/1547330345081-0/src'.
2019-01-13 04:59:06,740 INFO  FullProcessService - Size of directory with sources: 182 KB
2019-01-13 04:59:06,740 INFO  SysUtils - Execute command: [git, init, /var/folders/bq/vtzpc5ns5sg2cthy61lqpg3dfzgbys/T/1547330345081-0/src]
2019-01-13 04:59:06,763 INFO  SysUtils - Initialized empty Git repository in /private/var/folders/bq/vtzpc5ns5sg2cthy61lqpg3dfzgbys/T/1547330345081-0/src/.git/

2019-01-13 04:59:06,767 INFO  ProjectBuildService - Gradle wrapper(s): /var/folders/bq/vtzpc5ns5sg2cthy61lqpg3dfzgbys/T/1547330345081-0/src/teaspoon-master/teaspoon-example/gradlew /var/folders/bq/vtzpc5ns5sg2cthy61lqpg3dfzgbys/T/1547330345081-0/src/teaspoon-master/gradlew
2019-01-13 04:59:06,771 INFO  ProjectBuildService - Build script(s): /var/folders/bq/vtzpc5ns5sg2cthy61lqpg3dfzgbys/T/1547330345081-0/src/teaspoon-master/teaspoon-example/build.gradle /var/folders/bq/vtzpc5ns5sg2cthy61lqpg3dfzgbys/T/1547330345081-0/src/teaspoon-master/teaspoon-processor/build.gradle /var/folders/bq/vtzpc5ns5sg2cthy61lqpg3dfzgbys/T/1547330345081-0/src/teaspoon-master/build.gradle /var/folders/bq/vtzpc5ns5sg2cthy61lqpg3dfzgbys/T/1547330345081-0/src/teaspoon-master/teaspoon-annotations/build.gradle /var/folders/bq/vtzpc5ns5sg2cthy61lqpg3dfzgbys/T/1547330345081-0/src/teaspoon-master/teaspoon-plugin/build.gradle
2019-01-13 04:59:06,775 INFO  ProjectBuildService - All script(s): /var/folders/bq/vtzpc5ns5sg2cthy61lqpg3dfzgbys/T/1547330345081-0/src/teaspoon-master/teaspoon-annotations/build.gradle /var/folders/bq/vtzpc5ns5sg2cthy61lqpg3dfzgbys/T/1547330345081-0/src/teaspoon-master/teaspoon-example/build.gradle /var/folders/bq/vtzpc5ns5sg2cthy61lqpg3dfzgbys/T/1547330345081-0/src/teaspoon-master/build.gradle /var/folders/bq/vtzpc5ns5sg2cthy61lqpg3dfzgbys/T/1547330345081-0/src/teaspoon-master/settings.gradle /var/folders/bq/vtzpc5ns5sg2cthy61lqpg3dfzgbys/T/1547330345081-0/src/teaspoon-master/teaspoon-processor/build.gradle /var/folders/bq/vtzpc5ns5sg2cthy61lqpg3dfzgbys/T/1547330345081-0/src/teaspoon-master/teaspoon-plugin/build.gradle
2019-01-13 04:59:06,775 INFO  ProjectBuildService - Remote scripts: none
2019-01-13 04:59:06,775 INFO  ProjectFixService - Fixing project...
2019-01-13 04:59:06,784 INFO  LocalPropertiesFixService - Created fake /var/folders/bq/vtzpc5ns5sg2cthy61lqpg3dfzgbys/T/1547330345081-0/src/teaspoon-master/teaspoon-example/local.properties
2019-01-13 04:59:06,785 INFO  WrapperPropertiesFixService - Gradle wrapper: https://services.gradle.org/distributions/gradle-2.4-all.zip
2019-01-13 04:59:06,785 INFO  WrapperPropertiesFixService - Gradle wrapper was changed from "-all.zip" to "-bin.zip" (https://services.gradle.org/distributions/gradle-2.4-bin.zip)
2019-01-13 04:59:06,786 INFO  ProjectFixService - Build info for "/var/folders/bq/vtzpc5ns5sg2cthy61lqpg3dfzgbys/T/1547330345081-0/src/teaspoon-master/teaspoon-example/build.gradle": [buildToolsVersion=23.0.2,compileSdkVersion=23,minSdkVersion=10,targetSdkVersion=23]
2019-01-13 04:59:06,786 INFO  LocalPropertiesFixService - Created fake /var/folders/bq/vtzpc5ns5sg2cthy61lqpg3dfzgbys/T/1547330345081-0/src/teaspoon-master/teaspoon-processor/local.properties
2019-01-13 04:59:06,787 INFO  ProjectFixService - Build info for "/var/folders/bq/vtzpc5ns5sg2cthy61lqpg3dfzgbys/T/1547330345081-0/src/teaspoon-master/teaspoon-processor/build.gradle": [buildToolsVersion=23.0.2,compileSdkVersion=23,minSdkVersion=10,targetSdkVersion=23]
2019-01-13 04:59:06,788 INFO  LocalPropertiesFixService - Created fake /var/folders/bq/vtzpc5ns5sg2cthy61lqpg3dfzgbys/T/1547330345081-0/src/teaspoon-master/local.properties
2019-01-13 04:59:06,789 INFO  WrapperPropertiesFixService - Gradle wrapper: https://services.gradle.org/distributions/gradle-2.8-all.zip
2019-01-13 04:59:06,789 INFO  WrapperPropertiesFixService - Gradle wrapper was changed from "-all.zip" to "-bin.zip" (https://services.gradle.org/distributions/gradle-2.8-bin.zip)
2019-01-13 04:59:06,789 INFO  ProjectFixService - Build info for "/var/folders/bq/vtzpc5ns5sg2cthy61lqpg3dfzgbys/T/1547330345081-0/src/teaspoon-master/build.gradle": [buildToolsVersion=23.0.1,compileSdkVersion=23,minSdkVersion=8,targetSdkVersion=23]
2019-01-13 04:59:06,790 INFO  LocalPropertiesFixService - Created fake /var/folders/bq/vtzpc5ns5sg2cthy61lqpg3dfzgbys/T/1547330345081-0/src/teaspoon-master/teaspoon-annotations/local.properties
2019-01-13 04:59:06,791 INFO  ProjectFixService - Build info for "/var/folders/bq/vtzpc5ns5sg2cthy61lqpg3dfzgbys/T/1547330345081-0/src/teaspoon-master/teaspoon-annotations/build.gradle": [buildToolsVersion=23.0.2,compileSdkVersion=23,minSdkVersion=10,targetSdkVersion=23]
2019-01-13 04:59:06,791 INFO  LocalPropertiesFixService - Created fake /var/folders/bq/vtzpc5ns5sg2cthy61lqpg3dfzgbys/T/1547330345081-0/src/teaspoon-master/teaspoon-plugin/local.properties
2019-01-13 04:59:06,792 INFO  ProjectFixService - Build info for "/var/folders/bq/vtzpc5ns5sg2cthy61lqpg3dfzgbys/T/1547330345081-0/src/teaspoon-master/teaspoon-plugin/build.gradle": [buildToolsVersion=23.0.2,compileSdkVersion=23,minSdkVersion=10,targetSdkVersion=23]
2019-01-13 04:59:06,793 INFO  ProjectFixService - Project was maybe fixed
2019-01-13 04:59:06,793 INFO  ProjectTaskService - Detecting possible tasks...
2019-01-13 04:59:06,793 INFO  SysUtils - Execute command: [/var/folders/bq/vtzpc5ns5sg2cthy61lqpg3dfzgbys/T/1547330345081-0/src/teaspoon-master/teaspoon-example/gradlew, -b, /var/folders/bq/vtzpc5ns5sg2cthy61lqpg3dfzgbys/T/1547330345081-0/src/teaspoon-master/teaspoon-example/build.gradle, -Dorg.gradle.daemon=false, -Dorg.gradle.daemon.performance.enable-monitoring=false, -Dorg.gradle.configureondemand=true, tasks]
2019-01-13 04:59:11,505 ERROR ProjectTaskService - Could not detect possible Gradle tasks: Process exited with an error: 1 (Exit value: 1)
2019-01-13 04:59:11,505 INFO  ProjectTaskService - Detected possible tasks: 0
2019-01-13 04:59:11,505 INFO  ProjectTaskService - Excluded tasks (0): none
2019-01-13 04:59:11,505 INFO  SysUtils - Execute command: [/var/folders/bq/vtzpc5ns5sg2cthy61lqpg3dfzgbys/T/1547330345081-0/src/teaspoon-master/teaspoon-example/gradlew, -b, /var/folders/bq/vtzpc5ns5sg2cthy61lqpg3dfzgbys/T/1547330345081-0/src/teaspoon-master/teaspoon-example/build.gradle, -Dorg.gradle.daemon=false, -Dorg.gradle.daemon.performance.enable-monitoring=false, -Dorg.gradle.configureondemand=true, --stacktrace, build]
2019-01-13 04:59:15,610 ERROR SysUtils - Could not process external command
org.apache.commons.exec.ExecuteException: Process exited with an error: 1 (Exit value: 1)
	at org.apache.commons.exec.DefaultExecutor.executeInternal(DefaultExecutor.java:404)
	at org.apache.commons.exec.DefaultExecutor.execute(DefaultExecutor.java:166)
	at com.github.vbauer.apkmaster.util.SysUtils.execute(SysUtils.java:67)
	at com.github.vbauer.apkmaster.util.SysUtils.executeSimple(SysUtils.java:43)
	at com.github.vbauer.apkmaster.service.assembly.ProjectBuildService.buildProject(ProjectBuildService.java:78)
	at com.github.vbauer.apkmaster.service.assembly.ProjectBuildService.buildProject(ProjectBuildService.java:64)
	at com.github.vbauer.apkmaster.service.assembly.ProjectBuildService.buildProject(ProjectBuildService.java:43)
	at com.github.vbauer.apkmaster.service.FullProcessService.build(FullProcessService.java:84)
	at com.github.vbauer.apkmaster.service.FullProcessService.process(FullProcessService.java:34)
	at com.github.vbauer.apkmaster.app.MainApplication.process(MainApplication.java:38)
	at com.github.vbauer.apkmaster.app.MainApplication.main(MainApplication.java:20)
	at sun.reflect.NativeMethodAccessorImpl.invoke0(Native Method)
	at sun.reflect.NativeMethodAccessorImpl.invoke(NativeMethodAccessorImpl.java:62)
	at sun.reflect.DelegatingMethodAccessorImpl.invoke(DelegatingMethodAccessorImpl.java:43)
	at java.lang.reflect.Method.invoke(Method.java:498)
	at com.android.arsenal.util.ReflectionUtils.invoke(ReflectionUtils.java:52)
	at com.android.arsenal.util.ApkMasterUtils.main(ApkMasterUtils.java:30)
	at com.android.arsenal.service.processor.impl.BuildProcessorServiceImpl.buildProject(BuildProcessorServiceImpl.java:196)
	at com.android.arsenal.service.processor.impl.BuildProcessorServiceImpl.build(BuildProcessorServiceImpl.java:130)
	at com.android.arsenal.service.processor.impl.BuildProcessorServiceImpl.lambda$createTasks$1(BuildProcessorServiceImpl.java:113)
	at java.util.concurrent.FutureTask.run(FutureTask.java:266)
	at java.util.concurrent.Executors$RunnableAdapter.call(Executors.java:511)
	at java.util.concurrent.FutureTask.run(FutureTask.java:266)
	at java.util.concurrent.ThreadPoolExecutor.runWorker(ThreadPoolExecutor.java:1149)
	at java.util.concurrent.ThreadPoolExecutor$Worker.run(ThreadPoolExecutor.java:624)
	at java.lang.Thread.run(Thread.java:748)
2019-01-13 04:59:15,610 INFO  SysUtils - Configuration on demand is an incubating feature.

FAILURE: Build failed with an exception.

* What went wrong:
A problem occurred configuring root project 'teaspoon-example'.
> Could not resolve all dependencies for configuration ':classpath'.
   > Could not find com.github.KoMinkyu.teaspoon:teaspoon-plugin:0.3.5.
     Searched in the following locations:
         https://repo1.maven.org/maven2/com/github/KoMinkyu/teaspoon/teaspoon-plugin/0.3.5/teaspoon-plugin-0.3.5.pom
         https://repo1.maven.org/maven2/com/github/KoMinkyu/teaspoon/teaspoon-plugin/0.3.5/teaspoon-plugin-0.3.5.jar
         file:/Users/vbauer/.m2/repository/com/github/KoMinkyu/teaspoon/teaspoon-plugin/0.3.5/teaspoon-plugin-0.3.5.pom
         file:/Users/vbauer/.m2/repository/com/github/KoMinkyu/teaspoon/teaspoon-plugin/0.3.5/teaspoon-plugin-0.3.5.jar
     Required by:
         :teaspoon-example:unspecified

* Try:
Run with --info or --debug option to get more log output.

* Exception is:
org.gradle.api.ProjectConfigurationException: A problem occurred configuring root project 'teaspoon-example'.
	at org.gradle.configuration.project.LifecycleProjectEvaluator.addConfigurationFailure(LifecycleProjectEvaluator.java:79)
	at org.gradle.configuration.project.LifecycleProjectEvaluator.evaluate(LifecycleProjectEvaluator.java:57)
	at org.gradle.api.internal.project.AbstractProject.evaluate(AbstractProject.java:487)
	at org.gradle.api.internal.project.AbstractProject.evaluate(AbstractProject.java:85)
	at org.gradle.execution.TaskPathProjectEvaluator.configure(TaskPathProjectEvaluator.java:35)
	at org.gradle.configuration.DefaultBuildConfigurer.configure(DefaultBuildConfigurer.java:33)
	at org.gradle.initialization.DefaultGradleLauncher.doBuildStages(DefaultGradleLauncher.java:129)
	at org.gradle.initialization.DefaultGradleLauncher.doBuild(DefaultGradleLauncher.java:106)
	at org.gradle.initialization.DefaultGradleLauncher.run(DefaultGradleLauncher.java:86)
	at org.gradle.launcher.exec.InProcessBuildActionExecuter$DefaultBuildController.run(InProcessBuildActionExecuter.java:90)
	at org.gradle.tooling.internal.provider.ExecuteBuildActionRunner.run(ExecuteBuildActionRunner.java:28)
	at org.gradle.launcher.exec.ChainingBuildActionRunner.run(ChainingBuildActionRunner.java:35)
	at org.gradle.launcher.exec.InProcessBuildActionExecuter.execute(InProcessBuildActionExecuter.java:41)
	at org.gradle.launcher.exec.InProcessBuildActionExecuter.execute(InProcessBuildActionExecuter.java:28)
	at org.gradle.launcher.exec.DaemonUsageSuggestingBuildActionExecuter.execute(DaemonUsageSuggestingBuildActionExecuter.java:50)
	at org.gradle.launcher.exec.DaemonUsageSuggestingBuildActionExecuter.execute(DaemonUsageSuggestingBuildActionExecuter.java:27)
	at org.gradle.launcher.cli.RunBuildAction.run(RunBuildAction.java:40)
	at org.gradle.internal.Actions$RunnableActionAdapter.execute(Actions.java:169)
	at org.gradle.launcher.cli.CommandLineActionFactory$ParseAndBuildAction.execute(CommandLineActionFactory.java:237)
	at org.gradle.launcher.cli.CommandLineActionFactory$ParseAndBuildAction.execute(CommandLineActionFactory.java:210)
	at org.gradle.launcher.cli.JavaRuntimeValidationAction.execute(JavaRuntimeValidationAction.java:35)
	at org.gradle.launcher.cli.JavaRuntimeValidationAction.execute(JavaRuntimeValidationAction.java:24)
	at org.gradle.launcher.cli.CommandLineActionFactory$WithLogging.execute(CommandLineActionFactory.java:206)
	at org.gradle.launcher.cli.CommandLineActionFactory$WithLogging.execute(CommandLineActionFactory.java:169)
	at org.gradle.launcher.cli.ExceptionReportingAction.execute(ExceptionReportingAction.java:33)
	at org.gradle.launcher.cli.ExceptionReportingAction.execute(ExceptionReportingAction.java:22)
	at org.gradle.launcher.Main.doAction(Main.java:33)
	at org.gradle.launcher.bootstrap.EntryPoint.run(EntryPoint.java:45)
	at org.gradle.launcher.bootstrap.ProcessBootstrap.runNoExit(ProcessBootstrap.java:54)
	at org.gradle.launcher.bootstrap.ProcessBootstrap.run(ProcessBootstrap.java:35)
	at org.gradle.launcher.GradleMain.main(GradleMain.java:23)
	at org.gradle.wrapper.BootstrapMainStarter.start(BootstrapMainStarter.java:33)
	at org.gradle.wrapper.WrapperExecutor.execute(WrapperExecutor.java:130)
	at org.gradle.wrapper.GradleWrapperMain.main(GradleWrapperMain.java:48)
Caused by: org.gradle.api.artifacts.ResolveException: Could not resolve all dependencies for configuration ':classpath'.
	at org.gradle.api.internal.artifacts.ivyservice.DefaultLenientConfiguration.rethrowFailure(DefaultLenientConfiguration.java:52)
	at org.gradle.api.internal.artifacts.ivyservice.DefaultResolvedConfiguration.rethrowFailure(DefaultResolvedConfiguration.java:36)
	at org.gradle.api.internal.artifacts.ivyservice.SelfResolvingDependencyResolver$FilesAggregatingResolvedConfiguration.rethrowFailure(SelfResolvingDependencyResolver.java:110)
	at org.gradle.api.internal.artifacts.ivyservice.ErrorHandlingArtifactDependencyResolver$ErrorHandlingResolvedConfiguration.rethrowFailure(ErrorHandlingArtifactDependencyResolver.java:180)
	at org.gradle.api.internal.artifacts.configurations.DefaultConfiguration$ConfigurationFileCollection.getFiles(DefaultConfiguration.java:467)
	at org.gradle.api.internal.artifacts.configurations.DefaultConfiguration.getFiles(DefaultConfiguration.java:218)
	at org.gradle.api.internal.artifacts.configurations.DefaultConfiguration_Decorated.getFiles(Unknown Source)
	at org.gradle.plugin.use.internal.DefaultPluginRequestApplicator.defineScriptHandlerClassScope(DefaultPluginRequestApplicator.java:146)
	at org.gradle.plugin.use.internal.DefaultPluginRequestApplicator.applyPlugins(DefaultPluginRequestApplicator.java:58)
	at org.gradle.configuration.DefaultScriptPluginFactory$ScriptPluginImpl.apply(DefaultScriptPluginFactory.java:128)
	at org.gradle.configuration.project.BuildScriptProcessor.execute(BuildScriptProcessor.java:39)
	at org.gradle.configuration.project.BuildScriptProcessor.execute(BuildScriptProcessor.java:26)
	at org.gradle.configuration.project.ConfigureActionsProjectEvaluator.evaluate(ConfigureActionsProjectEvaluator.java:34)
	at org.gradle.configuration.project.LifecycleProjectEvaluator.evaluate(LifecycleProjectEvaluator.java:55)
	... 32 more
Caused by: org.gradle.internal.resolve.ModuleVersionNotFoundException: Could not find com.github.KoMinkyu.teaspoon:teaspoon-plugin:0.3.5.
Searched in the following locations:
    https://repo1.maven.org/maven2/com/github/KoMinkyu/teaspoon/teaspoon-plugin/0.3.5/teaspoon-plugin-0.3.5.pom
    https://repo1.maven.org/maven2/com/github/KoMinkyu/teaspoon/teaspoon-plugin/0.3.5/teaspoon-plugin-0.3.5.jar
    file:/Users/vbauer/.m2/repository/com/github/KoMinkyu/teaspoon/teaspoon-plugin/0.3.5/teaspoon-plugin-0.3.5.pom
    file:/Users/vbauer/.m2/repository/com/github/KoMinkyu/teaspoon/teaspoon-plugin/0.3.5/teaspoon-plugin-0.3.5.jar
Required by:
    :teaspoon-example:unspecified
	at org.gradle.internal.resolve.result.DefaultBuildableComponentResolveResult.notFound(DefaultBuildableComponentResolveResult.java:35)
	at org.gradle.api.internal.artifacts.ivyservice.ivyresolve.RepositoryChainDependencyResolver.resolve(RepositoryChainDependencyResolver.java:86)
	at org.gradle.api.internal.artifacts.ivyservice.ivyresolve.RepositoryChainAdapter.resolve(RepositoryChainAdapter.java:69)
	at org.gradle.api.internal.artifacts.ivyservice.clientmodule.ClientModuleResolver.resolve(ClientModuleResolver.java:44)
	at org.gradle.api.internal.artifacts.ivyservice.resolveengine.graph.DependencyGraphBuilder$ModuleVersionResolveState.resolve(DependencyGraphBuilder.java:576)
	at org.gradle.api.internal.artifacts.ivyservice.resolveengine.graph.DependencyGraphBuilder$ModuleVersionResolveState.getMetaData(DependencyGraphBuilder.java:586)
	at org.gradle.api.internal.artifacts.ivyservice.resolveengine.graph.DependencyGraphBuilder$DependencyEdge.calculateTargetConfigurations(DependencyGraphBuilder.java:271)
	at org.gradle.api.internal.artifacts.ivyservice.resolveengine.graph.DependencyGraphBuilder$DependencyEdge.attachToTargetConfigurations(DependencyGraphBuilder.java:245)
	at org.gradle.api.internal.artifacts.ivyservice.resolveengine.graph.DependencyGraphBuilder.traverseGraph(DependencyGraphBuilder.java:155)
	at org.gradle.api.internal.artifacts.ivyservice.resolveengine.graph.DependencyGraphBuilder.resolveDependencyGraph(DependencyGraphBuilder.java:93)
	at org.gradle.api.internal.artifacts.ivyservice.resolveengine.graph.DependencyGraphBuilder.resolve(DependencyGraphBuilder.java:83)
	at org.gradle.api.internal.artifacts.ivyservice.resolveengine.DefaultDependencyResolver$1.execute(DefaultDependencyResolver.java:125)
	at org.gradle.api.internal.artifacts.ivyservice.resolveengine.DefaultDependencyResolver$1.execute(DefaultDependencyResolver.java:90)
	at org.gradle.internal.Transformers$4.transform(Transformers.java:137)
	at org.gradle.api.internal.artifacts.ivyservice.DefaultIvyContextManager.withIvy(DefaultIvyContextManager.java:61)
	at org.gradle.api.internal.artifacts.ivyservice.DefaultIvyContextManager.withIvy(DefaultIvyContextManager.java:39)
	at org.gradle.api.internal.artifacts.ivyservice.resolveengine.DefaultDependencyResolver.resolve(DefaultDependencyResolver.java:90)
	at org.gradle.api.internal.artifacts.ivyservice.CacheLockingArtifactDependencyResolver$1.run(CacheLockingArtifactDependencyResolver.java:42)
	at org.gradle.internal.Factories$1.create(Factories.java:22)
	at org.gradle.cache.internal.DefaultCacheAccess.useCache(DefaultCacheAccess.java:192)
	at org.gradle.cache.internal.DefaultCacheAccess.useCache(DefaultCacheAccess.java:175)
	at org.gradle.cache.internal.DefaultPersistentDirectoryStore.useCache(DefaultPersistentDirectoryStore.java:106)
	at org.gradle.cache.internal.DefaultCacheFactory$ReferenceTrackingCache.useCache(DefaultCacheFactory.java:187)
	at org.gradle.api.internal.artifacts.ivyservice.DefaultCacheLockingManager.useCache(DefaultCacheLockingManager.java:64)
	at org.gradle.api.internal.artifacts.ivyservice.CacheLockingArtifactDependencyResolver.resolve(CacheLockingArtifactDependencyResolver.java:40)
	at org.gradle.api.internal.artifacts.ivyservice.SelfResolvingDependencyResolver.resolve(SelfResolvingDependencyResolver.java:45)
	at org.gradle.api.internal.artifacts.ivyservice.ShortcircuitEmptyConfigsArtifactDependencyResolver.resolve(ShortcircuitEmptyConfigsArtifactDependencyResolver.java:58)
	at org.gradle.api.internal.artifacts.ivyservice.ErrorHandlingArtifactDependencyResolver.resolve(ErrorHandlingArtifactDependencyResolver.java:47)
	at org.gradle.api.internal.artifacts.ivyservice.DefaultConfigurationResolver.resolve(DefaultConfigurationResolver.java:46)
	at org.gradle.api.internal.artifacts.configurations.DefaultConfiguration.resolveNow(DefaultConfiguration.java:263)
	at org.gradle.api.internal.artifacts.configurations.DefaultConfiguration.getResolvedConfiguration(DefaultConfiguration.java:253)
	at org.gradle.api.internal.artifacts.configurations.DefaultConfiguration_Decorated.getResolvedConfiguration(Unknown Source)
	at org.gradle.api.internal.artifacts.configurations.DefaultConfiguration$ConfigurationFileCollection.getFiles(DefaultConfiguration.java:465)
	... 41 more


BUILD FAILED

Total time: 3.627 secs

2019-01-13 04:59:15,614 INFO  ProjectTaskService - Detecting possible tasks...
2019-01-13 04:59:15,614 INFO  SysUtils - Execute command: [/var/folders/bq/vtzpc5ns5sg2cthy61lqpg3dfzgbys/T/1547330345081-0/src/teaspoon-master/gradlew, -b, /var/folders/bq/vtzpc5ns5sg2cthy61lqpg3dfzgbys/T/1547330345081-0/src/teaspoon-master/teaspoon-processor/build.gradle, -Dorg.gradle.daemon=false, -Dorg.gradle.daemon.performance.enable-monitoring=false, -Dorg.gradle.configureondemand=true, tasks]
2019-01-13 04:59:24,272 INFO  ProjectTaskService - Detected possible tasks: 65
2019-01-13 04:59:24,272 INFO  ProjectTaskService - Excluded tasks (16): lintDebug mockableAndroidJar deviceCheck lint testReleaseUnitTest deviceAndroidTest uninstallDebugAndroidTest installDebugAndroidTest connectedCheck connectedDebugAndroidTest uninstallAll test check testDebugUnitTest connectedAndroidTest lintRelease
2019-01-13 04:59:24,272 INFO  SysUtils - Execute command: [/var/folders/bq/vtzpc5ns5sg2cthy61lqpg3dfzgbys/T/1547330345081-0/src/teaspoon-master/gradlew, -b, /var/folders/bq/vtzpc5ns5sg2cthy61lqpg3dfzgbys/T/1547330345081-0/src/teaspoon-master/teaspoon-processor/build.gradle, -Dorg.gradle.daemon=false, -Dorg.gradle.daemon.performance.enable-monitoring=false, -Dorg.gradle.configureondemand=true, --stacktrace, -x, lintDebug, -x, mockableAndroidJar, -x, deviceCheck, -x, lint, -x, testReleaseUnitTest, -x, deviceAndroidTest, -x, uninstallDebugAndroidTest, -x, installDebugAndroidTest, -x, connectedCheck, -x, connectedDebugAndroidTest, -x, uninstallAll, -x, test, -x, check, -x, testDebugUnitTest, -x, connectedAndroidTest, -x, lintRelease, build]
2019-01-13 04:59:31,085 INFO  SysUtils - Configuration on demand is an incubating feature.
:teaspoon-processor:preBuild UP-TO-DATE
:teaspoon-processor:preDebugBuild UP-TO-DATE
:teaspoon-processor:compileDebugNdk UP-TO-DATE
:teaspoon-processor:compileLint
:teaspoon-processor:copyDebugLint UP-TO-DATE
:teaspoon-processor:mergeDebugProguardFiles
:teaspoon-processor:packageDebugRenderscript UP-TO-DATE
:teaspoon-processor:checkDebugManifest
:teaspoon-processor:prepareDebugDependencies
:teaspoon-processor:compileDebugRenderscript
:teaspoon-processor:generateDebugResValues
:teaspoon-processor:generateDebugResources
:teaspoon-processor:packageDebugResources
:teaspoon-annotations:compileJavawarning: [options] bootstrap class path not set in conjunction with -source 1.7
1 warning

:teaspoon-annotations:processResources UP-TO-DATE
:teaspoon-annotations:classes
:teaspoon-annotations:jar
:teaspoon-processor:compileDebugAidl
:teaspoon-processor:generateDebugBuildConfig
:teaspoon-processor:generateDebugAssets UP-TO-DATE
:teaspoon-processor:mergeDebugAssets
:teaspoon-processor:processDebugManifest
:teaspoon-processor:processDebugResources
:teaspoon-processor:generateDebugSources
:teaspoon-processor:compileDebugJavaWithJavac
:teaspoon-processor:processDebugJavaRes UP-TO-DATE
:teaspoon-processor:transformResourcesWithMergeJavaResForDebug
:teaspoon-processor:transformClassesAndResourcesWithSyncLibJarsForDebug
:teaspoon-processor:mergeDebugJniLibFolders
:teaspoon-processor:transformNative_libsWithMergeJniLibsForDebug
:teaspoon-processor:transformNative_libsWithSyncJniLibsForDebug
:teaspoon-processor:bundleDebug
:teaspoon-processor:compileDebugSources
:teaspoon-processor:assembleDebug
:teaspoon-processor:preReleaseBuild UP-TO-DATE
:teaspoon-processor:compileReleaseNdk UP-TO-DATE
:teaspoon-processor:copyReleaseLint UP-TO-DATE
:teaspoon-processor:mergeReleaseProguardFiles
:teaspoon-processor:packageReleaseRenderscript UP-TO-DATE
:teaspoon-processor:checkReleaseManifest
:teaspoon-processor:prepareReleaseDependencies
:teaspoon-processor:compileReleaseRenderscript
:teaspoon-processor:generateReleaseResValues
:teaspoon-processor:generateReleaseResources
:teaspoon-processor:packageReleaseResources
:teaspoon-processor:compileReleaseAidl
:teaspoon-processor:generateReleaseBuildConfig
:teaspoon-processor:generateReleaseAssets UP-TO-DATE
:teaspoon-processor:mergeReleaseAssets
:teaspoon-processor:processReleaseManifest
:teaspoon-processor:processReleaseResources
:teaspoon-processor:generateReleaseSources
:teaspoon-processor:compileReleaseJavaWithJavac
:teaspoon-processor:processReleaseJavaRes UP-TO-DATE
:teaspoon-processor:transformResourcesWithMergeJavaResForRelease
:teaspoon-processor:transformClassesAndResourcesWithSyncLibJarsForRelease
:teaspoon-processor:mergeReleaseJniLibFolders
:teaspoon-processor:transformNative_libsWithMergeJniLibsForRelease
:teaspoon-processor:transformNative_libsWithSyncJniLibsForRelease
:teaspoon-processor:bundleRelease
:teaspoon-processor:compileReleaseSources
:teaspoon-processor:assembleRelease
:teaspoon-processor:assemble
:teaspoon-processor:build

BUILD SUCCESSFUL

Total time: 6.319 secs

2019-01-13 04:59:31,095 INFO  ProjectTaskService - Detecting possible tasks...
2019-01-13 04:59:31,095 INFO  SysUtils - Execute command: [/var/folders/bq/vtzpc5ns5sg2cthy61lqpg3dfzgbys/T/1547330345081-0/src/teaspoon-master/gradlew, -b, /var/folders/bq/vtzpc5ns5sg2cthy61lqpg3dfzgbys/T/1547330345081-0/src/teaspoon-master/build.gradle, -Dorg.gradle.daemon=false, -Dorg.gradle.daemon.performance.enable-monitoring=false, -Dorg.gradle.configureondemand=true, tasks]
2019-01-13 04:59:36,143 INFO  ProjectTaskService - Detected possible tasks: 77
2019-01-13 04:59:36,144 INFO  ProjectTaskService - Excluded tasks (17): lintDebug mockableAndroidJar deviceCheck lint testReleaseUnitTest javadoc deviceAndroidTest uninstallDebugAndroidTest installDebugAndroidTest connectedCheck connectedDebugAndroidTest uninstallAll test check testDebugUnitTest connectedAndroidTest lintRelease
2019-01-13 04:59:36,144 INFO  SysUtils - Execute command: [/var/folders/bq/vtzpc5ns5sg2cthy61lqpg3dfzgbys/T/1547330345081-0/src/teaspoon-master/gradlew, -b, /var/folders/bq/vtzpc5ns5sg2cthy61lqpg3dfzgbys/T/1547330345081-0/src/teaspoon-master/build.gradle, -Dorg.gradle.daemon=false, -Dorg.gradle.daemon.performance.enable-monitoring=false, -Dorg.gradle.configureondemand=true, --stacktrace, -x, lintDebug, -x, mockableAndroidJar, -x, deviceCheck, -x, lint, -x, testReleaseUnitTest, -x, javadoc, -x, deviceAndroidTest, -x, uninstallDebugAndroidTest, -x, installDebugAndroidTest, -x, connectedCheck, -x, connectedDebugAndroidTest, -x, uninstallAll, -x, test, -x, check, -x, testDebugUnitTest, -x, connectedAndroidTest, -x, lintRelease, build]
2019-01-13 04:59:44,443 INFO  SysUtils - Configuration on demand is an incubating feature.
:assemble UP-TO-DATE
:build
:teaspoon-annotations:compileJava UP-TO-DATE
:teaspoon-annotations:processResources UP-TO-DATE
:teaspoon-annotations:classes UP-TO-DATE
:teaspoon-annotations:jar UP-TO-DATE
:teaspoon-annotations:assemble UP-TO-DATE
:teaspoon-annotations:build
:teaspoon-plugin:compileJava UP-TO-DATE
:teaspoon-plugin:compileGroovy
:teaspoon-plugin:processResources
:teaspoon-plugin:classes
:teaspoon-plugin:jar
:teaspoon-plugin:assemble
:teaspoon-plugin:build
:teaspoon-processor:preBuild UP-TO-DATE
:teaspoon-processor:preDebugBuild UP-TO-DATE
:teaspoon-processor:compileDebugNdk UP-TO-DATE
:teaspoon-processor:compileLint
:teaspoon-processor:copyDebugLint UP-TO-DATE
:teaspoon-processor:mergeDebugProguardFiles UP-TO-DATE
:teaspoon-processor:packageDebugRenderscript UP-TO-DATE
:teaspoon-processor:checkDebugManifest
:teaspoon-processor:prepareDebugDependencies
:teaspoon-processor:compileDebugRenderscript UP-TO-DATE
:teaspoon-processor:generateDebugResValues UP-TO-DATE
:teaspoon-processor:generateDebugResources UP-TO-DATE
:teaspoon-processor:packageDebugResources UP-TO-DATE
:teaspoon-processor:compileDebugAidl UP-TO-DATE
:teaspoon-processor:generateDebugBuildConfig UP-TO-DATE
:teaspoon-processor:generateDebugAssets UP-TO-DATE
:teaspoon-processor:mergeDebugAssets UP-TO-DATE
:teaspoon-processor:processDebugManifest UP-TO-DATE
:teaspoon-processor:processDebugResources UP-TO-DATE
:teaspoon-processor:generateDebugSources UP-TO-DATE
:teaspoon-processor:compileDebugJavaWithJavac UP-TO-DATE
:teaspoon-processor:processDebugJavaRes UP-TO-DATE
:teaspoon-processor:transformResourcesWithMergeJavaResForDebug UP-TO-DATE
:teaspoon-processor:transformClassesAndResourcesWithSyncLibJarsForDebug UP-TO-DATE
:teaspoon-processor:mergeDebugJniLibFolders UP-TO-DATE
:teaspoon-processor:transformNative_libsWithMergeJniLibsForDebug UP-TO-DATE
:teaspoon-processor:transformNative_libsWithSyncJniLibsForDebug UP-TO-DATE
:teaspoon-processor:bundleDebug UP-TO-DATE
:teaspoon-processor:compileDebugSources UP-TO-DATE
:teaspoon-processor:assembleDebug UP-TO-DATE
:teaspoon-processor:preReleaseBuild UP-TO-DATE
:teaspoon-processor:compileReleaseNdk UP-TO-DATE
:teaspoon-processor:copyReleaseLint UP-TO-DATE
:teaspoon-processor:mergeReleaseProguardFiles UP-TO-DATE
:teaspoon-processor:packageReleaseRenderscript UP-TO-DATE
:teaspoon-processor:checkReleaseManifest
:teaspoon-processor:prepareReleaseDependencies
:teaspoon-processor:compileReleaseRenderscript UP-TO-DATE
:teaspoon-processor:generateReleaseResValues UP-TO-DATE
:teaspoon-processor:generateReleaseResources UP-TO-DATE
:teaspoon-processor:packageReleaseResources UP-TO-DATE
:teaspoon-processor:compileReleaseAidl UP-TO-DATE
:teaspoon-processor:generateReleaseBuildConfig UP-TO-DATE
:teaspoon-processor:generateReleaseAssets UP-TO-DATE
:teaspoon-processor:mergeReleaseAssets UP-TO-DATE
:teaspoon-processor:processReleaseManifest UP-TO-DATE
:teaspoon-processor:processReleaseResources UP-TO-DATE
:teaspoon-processor:generateReleaseSources UP-TO-DATE
:teaspoon-processor:compileReleaseJavaWithJavac UP-TO-DATE
:teaspoon-processor:processReleaseJavaRes UP-TO-DATE
:teaspoon-processor:transformResourcesWithMergeJavaResForRelease UP-TO-DATE
:teaspoon-processor:transformClassesAndResourcesWithSyncLibJarsForRelease UP-TO-DATE
:teaspoon-processor:mergeReleaseJniLibFolders UP-TO-DATE
:teaspoon-processor:transformNative_libsWithMergeJniLibsForRelease UP-TO-DATE
:teaspoon-processor:transformNative_libsWithSyncJniLibsForRelease UP-TO-DATE
:teaspoon-processor:bundleRelease UP-TO-DATE
:teaspoon-processor:compileReleaseSources UP-TO-DATE
:teaspoon-processor:assembleRelease UP-TO-DATE
:teaspoon-processor:assemble UP-TO-DATE
:teaspoon-processor:build

BUILD SUCCESSFUL

Total time: 7.752 secs

2019-01-13 04:59:44,454 INFO  ProjectTaskService - Detecting possible tasks...
2019-01-13 04:59:44,455 INFO  SysUtils - Execute command: [/var/folders/bq/vtzpc5ns5sg2cthy61lqpg3dfzgbys/T/1547330345081-0/src/teaspoon-master/gradlew, -b, /var/folders/bq/vtzpc5ns5sg2cthy61lqpg3dfzgbys/T/1547330345081-0/src/teaspoon-master/teaspoon-annotations/build.gradle, -Dorg.gradle.daemon=false, -Dorg.gradle.daemon.performance.enable-monitoring=false, -Dorg.gradle.configureondemand=true, tasks]
2019-01-13 04:59:49,494 ERROR ProjectTaskService - Could not detect possible Gradle tasks: Process exited with an error: 1 (Exit value: 1)
2019-01-13 04:59:49,494 INFO  ProjectTaskService - Detected possible tasks: 0
2019-01-13 04:59:49,494 INFO  ProjectTaskService - Excluded tasks (0): none
2019-01-13 04:59:49,494 INFO  SysUtils - Execute command: [/var/folders/bq/vtzpc5ns5sg2cthy61lqpg3dfzgbys/T/1547330345081-0/src/teaspoon-master/gradlew, -b, /var/folders/bq/vtzpc5ns5sg2cthy61lqpg3dfzgbys/T/1547330345081-0/src/teaspoon-master/teaspoon-annotations/build.gradle, -Dorg.gradle.daemon=false, -Dorg.gradle.daemon.performance.enable-monitoring=false, -Dorg.gradle.configureondemand=true, --stacktrace, build]
2019-01-13 04:59:52,569 INFO  SysUtils - Configuration on demand is an incubating feature.
:teaspoon-annotations:compileJava UP-TO-DATE
:teaspoon-annotations:processResources UP-TO-DATE
:teaspoon-annotations:classes UP-TO-DATE
:teaspoon-annotations:jar UP-TO-DATE
:teaspoon-annotations:assemble UP-TO-DATE
:teaspoon-annotations:compileTestJava UP-TO-DATE
:teaspoon-annotations:processTestResources UP-TO-DATE
:teaspoon-annotations:testClasses UP-TO-DATE
:teaspoon-annotations:test UP-TO-DATE
:teaspoon-annotations:check UP-TO-DATE
:teaspoon-annotations:build UP-TO-DATE

BUILD SUCCESSFUL

Total time: 2.61 secs

2019-01-13 04:59:52,578 INFO  ProjectTaskService - Detecting possible tasks...
2019-01-13 04:59:52,578 INFO  SysUtils - Execute command: [/var/folders/bq/vtzpc5ns5sg2cthy61lqpg3dfzgbys/T/1547330345081-0/src/teaspoon-master/gradlew, -b, /var/folders/bq/vtzpc5ns5sg2cthy61lqpg3dfzgbys/T/1547330345081-0/src/teaspoon-master/teaspoon-plugin/build.gradle, -Dorg.gradle.daemon=false, -Dorg.gradle.daemon.performance.enable-monitoring=false, -Dorg.gradle.configureondemand=true, tasks]
2019-01-13 04:59:57,517 ERROR ProjectTaskService - Could not detect possible Gradle tasks: Process exited with an error: 1 (Exit value: 1)
2019-01-13 04:59:57,517 INFO  ProjectTaskService - Detected possible tasks: 0
2019-01-13 04:59:57,517 INFO  ProjectTaskService - Excluded tasks (0): none
2019-01-13 04:59:57,517 INFO  SysUtils - Execute command: [/var/folders/bq/vtzpc5ns5sg2cthy61lqpg3dfzgbys/T/1547330345081-0/src/teaspoon-master/gradlew, -b, /var/folders/bq/vtzpc5ns5sg2cthy61lqpg3dfzgbys/T/1547330345081-0/src/teaspoon-master/teaspoon-plugin/build.gradle, -Dorg.gradle.daemon=false, -Dorg.gradle.daemon.performance.enable-monitoring=false, -Dorg.gradle.configureondemand=true, --stacktrace, build]
2019-01-13 05:00:00,817 INFO  SysUtils - Configuration on demand is an incubating feature.
:teaspoon-plugin:compileJava UP-TO-DATE
:teaspoon-plugin:compileGroovy UP-TO-DATE
:teaspoon-plugin:processResources UP-TO-DATE
:teaspoon-plugin:classes UP-TO-DATE
:teaspoon-plugin:jar UP-TO-DATE
:teaspoon-plugin:assemble UP-TO-DATE
:teaspoon-plugin:compileTestJava UP-TO-DATE
:teaspoon-plugin:compileTestGroovy UP-TO-DATE
:teaspoon-plugin:processTestResources UP-TO-DATE
:teaspoon-plugin:testClasses UP-TO-DATE
:teaspoon-plugin:test UP-TO-DATE
:teaspoon-plugin:check UP-TO-DATE
:teaspoon-plugin:build UP-TO-DATE

BUILD SUCCESSFUL

Total time: 2.833 secs

2019-01-13 05:00:00,829 ERROR FullProcessService - Project build has not produced APK file
2019-01-13 05:00:00,840 ERROR FullProcessService - Could not find generated or existed APK file
