2016-07-16 02:47:36,843 INFO  c.g.v.a.s.n.DownloadService - Downloading "https://github.com/facebook/react-native/archive/master.zip", attempt 3
2016-07-16 02:47:40,199 INFO  c.g.v.a.s.n.DownloadService - Downloaded https://github.com/facebook/react-native/archive/master.zip, attempt 3
2016-07-16 02:47:47,240 DEBUG o.z.z.ZipUtil - Extracting '/var/folders/3k/mymj0cx15f9c3m0kv4gch66h0000gn/T/1468615655500-0/master.zip' into '/var/folders/3k/mymj0cx15f9c3m0kv4gch66h0000gn/T/1468615655500-0/src'.
2016-07-16 02:47:48,530 INFO  c.g.v.a.s.FullProcessService - Size of directory with sources: 24 MB
2016-07-16 02:47:48,737 INFO  c.g.v.a.s.a.ProjectBuildService - Gradle wrapper(s): /var/folders/3k/mymj0cx15f9c3m0kv4gch66h0000gn/T/1468615655500-0/src/react-native-master/gradlew /var/folders/3k/mymj0cx15f9c3m0kv4gch66h0000gn/T/1468615655500-0/src/react-native-master/local-cli/generator-android/templates/bin/gradlew
2016-07-16 02:47:48,869 INFO  c.g.v.a.s.a.ProjectBuildService - Build script(s): /var/folders/3k/mymj0cx15f9c3m0kv4gch66h0000gn/T/1468615655500-0/src/react-native-master/build.gradle /var/folders/3k/mymj0cx15f9c3m0kv4gch66h0000gn/T/1468615655500-0/src/react-native-master/Examples/Movies/android/app/build.gradle /var/folders/3k/mymj0cx15f9c3m0kv4gch66h0000gn/T/1468615655500-0/src/react-native-master/Examples/UIExplorer/android/app/build.gradle /var/folders/3k/mymj0cx15f9c3m0kv4gch66h0000gn/T/1468615655500-0/src/react-native-master/ReactAndroid/build.gradle /var/folders/3k/mymj0cx15f9c3m0kv4gch66h0000gn/T/1468615655500-0/src/react-native-master/local-cli/generator-android/templates/src/app/build.gradle /var/folders/3k/mymj0cx15f9c3m0kv4gch66h0000gn/T/1468615655500-0/src/react-native-master/local-cli/generator-android/templates/src/build.gradle /var/folders/3k/mymj0cx15f9c3m0kv4gch66h0000gn/T/1468615655500-0/src/react-native-master/local-cli/rnpm/link/test/fixtures/android/build.gradle
2016-07-16 02:47:48,988 INFO  c.g.v.a.s.a.ProjectBuildService - All script(s): /var/folders/3k/mymj0cx15f9c3m0kv4gch66h0000gn/T/1468615655500-0/src/react-native-master/build.gradle /var/folders/3k/mymj0cx15f9c3m0kv4gch66h0000gn/T/1468615655500-0/src/react-native-master/Examples/Movies/android/app/build.gradle /var/folders/3k/mymj0cx15f9c3m0kv4gch66h0000gn/T/1468615655500-0/src/react-native-master/Examples/UIExplorer/android/app/build.gradle /var/folders/3k/mymj0cx15f9c3m0kv4gch66h0000gn/T/1468615655500-0/src/react-native-master/Examples/UIExplorer/android/app/react.gradle /var/folders/3k/mymj0cx15f9c3m0kv4gch66h0000gn/T/1468615655500-0/src/react-native-master/local-cli/generator-android/templates/src/app/build.gradle /var/folders/3k/mymj0cx15f9c3m0kv4gch66h0000gn/T/1468615655500-0/src/react-native-master/local-cli/generator-android/templates/src/build.gradle /var/folders/3k/mymj0cx15f9c3m0kv4gch66h0000gn/T/1468615655500-0/src/react-native-master/local-cli/generator-android/templates/src/settings.gradle /var/folders/3k/mymj0cx15f9c3m0kv4gch66h0000gn/T/1468615655500-0/src/react-native-master/local-cli/rnpm/link/test/fixtures/android/build.gradle /var/folders/3k/mymj0cx15f9c3m0kv4gch66h0000gn/T/1468615655500-0/src/react-native-master/local-cli/rnpm/link/test/fixtures/android/patchedBuild.gradle /var/folders/3k/mymj0cx15f9c3m0kv4gch66h0000gn/T/1468615655500-0/src/react-native-master/local-cli/rnpm/link/test/fixtures/android/patchedSettings.gradle /var/folders/3k/mymj0cx15f9c3m0kv4gch66h0000gn/T/1468615655500-0/src/react-native-master/local-cli/rnpm/link/test/fixtures/android/settings.gradle /var/folders/3k/mymj0cx15f9c3m0kv4gch66h0000gn/T/1468615655500-0/src/react-native-master/react.gradle /var/folders/3k/mymj0cx15f9c3m0kv4gch66h0000gn/T/1468615655500-0/src/react-native-master/ReactAndroid/build.gradle /var/folders/3k/mymj0cx15f9c3m0kv4gch66h0000gn/T/1468615655500-0/src/react-native-master/ReactAndroid/release.gradle /var/folders/3k/mymj0cx15f9c3m0kv4gch66h0000gn/T/1468615655500-0/src/react-native-master/settings.gradle
2016-07-16 02:47:49,008 INFO  c.g.v.a.s.a.ProjectBuildService - Remote scripts: none
2016-07-16 02:47:49,009 INFO  c.g.v.a.s.a.ProjectFixService - Fixing project...
2016-07-16 02:47:49,369 INFO  c.g.v.a.s.AndroidToolsService - ANDROID_HOME: /Users/vbauer/Library/Android/sdk
2016-07-16 02:47:49,370 INFO  c.g.v.a.s.AndroidToolsService - NDK_HOME: /Users/vbauer/Library/Android/ndk
2016-07-16 02:47:49,374 INFO  c.g.v.a.s.AndroidToolsService - Available build tools: 19.1.0 20.0.0 21.1.1 21.1.2 22.0.0 22.0.1 23.0.1 23.0.2 23.0.3 24.0.0
2016-07-16 02:47:49,375 INFO  c.g.v.a.s.AndroidToolsService - Available build tools after clean up: 19.1.0 20.0.0 21.1.1 21.1.2 22.0.0 22.0.1 23.0.1 23.0.2 23.0.3 24.0.0
2016-07-16 02:47:49,381 INFO  c.g.v.a.s.AndroidToolsService - Available platforms: 10 11 12 13 14 15 16 17 18 19 20 21 22 23 24 7 8 9 24
2016-07-16 02:47:49,382 INFO  c.g.v.a.s.AndroidToolsService - Available platforms after clean up: 7 8 9 10 11 12 13 14 15 16 17 18 19 20 21 22 23 24
2016-07-16 02:47:49,383 INFO  c.g.v.a.s.a.f.LocalPropertiesFixService - Created fake /var/folders/3k/mymj0cx15f9c3m0kv4gch66h0000gn/T/1468615655500-0/src/react-native-master/local.properties
2016-07-16 02:47:49,386 INFO  c.g.v.a.s.a.f.WrapperPropertiesFixService - Project uses full gradle wrapper: true (https://services.gradle.org/distributions/gradle-2.11-all.zip)
2016-07-16 02:47:49,387 INFO  c.g.v.a.s.a.f.WrapperPropertiesFixService - Gradle wrapper was changed from "-all.zip" to "-bin.zip" (https://services.gradle.org/distributions/gradle-2.11-bin.zip)
2016-07-16 02:47:49,400 INFO  c.g.v.a.s.a.ProjectFixService - Build info for "/var/folders/3k/mymj0cx15f9c3m0kv4gch66h0000gn/T/1468615655500-0/src/react-native-master/build.gradle": [buildToolsVersion=23.0.1,compileSdkVersion=23,minSdkVersion=16,targetSdkVersion=22]
2016-07-16 02:47:49,410 INFO  c.g.v.a.s.a.f.LocalPropertiesFixService - Created fake /var/folders/3k/mymj0cx15f9c3m0kv4gch66h0000gn/T/1468615655500-0/src/react-native-master/Examples/Movies/android/app/local.properties
2016-07-16 02:47:49,411 INFO  c.g.v.a.s.a.ProjectFixService - Build info for "/var/folders/3k/mymj0cx15f9c3m0kv4gch66h0000gn/T/1468615655500-0/src/react-native-master/Examples/Movies/android/app/build.gradle": [buildToolsVersion=23.0.1,compileSdkVersion=23,minSdkVersion=16,targetSdkVersion=22]
2016-07-16 02:47:49,413 INFO  c.g.v.a.s.a.f.LocalPropertiesFixService - Created fake /var/folders/3k/mymj0cx15f9c3m0kv4gch66h0000gn/T/1468615655500-0/src/react-native-master/Examples/UIExplorer/android/app/local.properties
2016-07-16 02:47:49,415 INFO  c.g.v.a.s.a.ProjectFixService - Build info for "/var/folders/3k/mymj0cx15f9c3m0kv4gch66h0000gn/T/1468615655500-0/src/react-native-master/Examples/UIExplorer/android/app/build.gradle": [buildToolsVersion=23.0.1,compileSdkVersion=23,minSdkVersion=16,targetSdkVersion=22]
2016-07-16 02:47:49,416 INFO  c.g.v.a.s.a.f.LocalPropertiesFixService - Created fake /var/folders/3k/mymj0cx15f9c3m0kv4gch66h0000gn/T/1468615655500-0/src/react-native-master/ReactAndroid/local.properties
2016-07-16 02:47:49,423 INFO  c.g.v.a.s.a.ProjectFixService - Build info for "/var/folders/3k/mymj0cx15f9c3m0kv4gch66h0000gn/T/1468615655500-0/src/react-native-master/ReactAndroid/build.gradle": [buildToolsVersion=23.0.1,compileSdkVersion=23,minSdkVersion=16,targetSdkVersion=22]
2016-07-16 02:47:49,424 INFO  c.g.v.a.s.a.f.LocalPropertiesFixService - Created fake /var/folders/3k/mymj0cx15f9c3m0kv4gch66h0000gn/T/1468615655500-0/src/react-native-master/local-cli/generator-android/templates/src/app/local.properties
2016-07-16 02:47:49,427 INFO  c.g.v.a.s.a.ProjectFixService - Build info for "/var/folders/3k/mymj0cx15f9c3m0kv4gch66h0000gn/T/1468615655500-0/src/react-native-master/local-cli/generator-android/templates/src/app/build.gradle": [buildToolsVersion=23.0.1,compileSdkVersion=23,minSdkVersion=16,targetSdkVersion=22]
2016-07-16 02:47:49,428 INFO  c.g.v.a.s.a.f.LocalPropertiesFixService - Created fake /var/folders/3k/mymj0cx15f9c3m0kv4gch66h0000gn/T/1468615655500-0/src/react-native-master/local-cli/generator-android/templates/src/local.properties
2016-07-16 02:47:49,434 INFO  c.g.v.a.s.a.ProjectFixService - Build info for "/var/folders/3k/mymj0cx15f9c3m0kv4gch66h0000gn/T/1468615655500-0/src/react-native-master/local-cli/generator-android/templates/src/build.gradle": [buildToolsVersion=23.0.1,compileSdkVersion=23,minSdkVersion=16,targetSdkVersion=22]
2016-07-16 02:47:49,436 INFO  c.g.v.a.s.a.f.LocalPropertiesFixService - Created fake /var/folders/3k/mymj0cx15f9c3m0kv4gch66h0000gn/T/1468615655500-0/src/react-native-master/local-cli/rnpm/link/test/fixtures/android/local.properties
2016-07-16 02:47:49,443 INFO  c.g.v.a.s.a.ProjectFixService - Build info for "/var/folders/3k/mymj0cx15f9c3m0kv4gch66h0000gn/T/1468615655500-0/src/react-native-master/local-cli/rnpm/link/test/fixtures/android/build.gradle": [buildToolsVersion=23.0.1,compileSdkVersion=23,minSdkVersion=16,targetSdkVersion=22]
2016-07-16 02:47:49,444 INFO  c.g.v.a.s.a.ProjectFixService - Project was maybe fixed
2016-07-16 02:47:49,453 INFO  c.g.v.a.s.a.ProjectTaskService - Detecting possible tasks...
2016-07-16 02:47:49,458 INFO  c.g.v.a.u.SysUtils - Execute command: [/var/folders/3k/mymj0cx15f9c3m0kv4gch66h0000gn/T/1468615655500-0/src/react-native-master/gradlew, -b, /var/folders/3k/mymj0cx15f9c3m0kv4gch66h0000gn/T/1468615655500-0/src/react-native-master/build.gradle, tasks]
2016-07-16 02:48:13,936 INFO  c.g.v.a.s.a.ProjectTaskService - Detected possible tasks: 83
2016-07-16 02:48:13,940 INFO  c.g.v.a.s.a.ProjectTaskService - Excluded tasks: lintDebug deviceCheck lint testReleaseUnitTest deviceAndroidTest connectedCheck test check testDebugUnitTest connectedAndroidTest lintRelease
2016-07-16 02:48:13,941 INFO  c.g.v.a.u.SysUtils - Execute command: [/var/folders/3k/mymj0cx15f9c3m0kv4gch66h0000gn/T/1468615655500-0/src/react-native-master/gradlew, -b, /var/folders/3k/mymj0cx15f9c3m0kv4gch66h0000gn/T/1468615655500-0/src/react-native-master/build.gradle, --stacktrace, -x, lintDebug, -x, deviceCheck, -x, lint, -x, testReleaseUnitTest, -x, deviceAndroidTest, -x, connectedCheck, -x, test, -x, check, -x, testDebugUnitTest, -x, connectedAndroidTest, -x, lintRelease, build]
2016-07-16 02:49:47,406 INFO  c.g.v.a.s.a.ProjectBuildService - :ReactAndroid:androidSourcesJar
:ReactAndroid:preBuild UP-TO-DATE
:ReactAndroid:preDebugBuild UP-TO-DATE
:ReactAndroid:compileDebugNdk UP-TO-DATE
:ReactAndroid:compileLint
:ReactAndroid:copyDebugLint UP-TO-DATE
:ReactAndroid:checkDebugManifest
:ReactAndroid:preDebugAndroidTestBuild UP-TO-DATE
:ReactAndroid:preDebugUnitTestBuild UP-TO-DATE
:ReactAndroid:preReleaseBuild UP-TO-DATE
:ReactAndroid:preReleaseUnitTestBuild UP-TO-DATE
:ReactAndroid:prepareComAndroidSupportAppcompatV72301Library
:ReactAndroid:prepareComAndroidSupportRecyclerviewV72301Library
:ReactAndroid:prepareComAndroidSupportSupportV42321Library
:ReactAndroid:prepareComFacebookFrescoDrawee0110Library
:ReactAndroid:prepareComFacebookFrescoFbcore0110Library
:ReactAndroid:prepareComFacebookFrescoFresco0110Library
:ReactAndroid:prepareComFacebookFrescoImagepipeline0110Library
:ReactAndroid:prepareComFacebookFrescoImagepipelineBase0110Library
:ReactAndroid:prepareComFacebookFrescoImagepipelineOkhttp30110Library
:ReactAndroid:prepareComFacebookSoloaderSoloader010Library
:ReactAndroid:prepareOrgWebkitAndroidJscR174650Library
:ReactAndroid:prepareDebugDependencies
:ReactAndroid:compileDebugAidl
:ReactAndroid:compileDebugRenderscript
:ReactAndroid:generateDebugBuildConfig
:ReactAndroid:generateDebugAssets UP-TO-DATE
:ReactAndroid:mergeDebugAssets
:ReactAndroid:generateDebugResValues
:ReactAndroid:generateDebugResources
:ReactAndroid:mergeDebugResources
:ReactAndroid:processDebugManifest
:ReactAndroid:processDebugResources
:ReactAndroid:generateDebugSources
:ReactAndroid:createNativeDepsDirectories UP-TO-DATE
:ReactAndroid:downloadBoost
Download https://downloads.sourceforge.net/project/boost/boost/1.57.0/boost_1_57_0.zip
:ReactAndroid:prepareBoost
:ReactAndroid:downloadDoubleConversion
Download https://github.com/google/double-conversion/archive/v1.1.1.tar.gz
:ReactAndroid:prepareDoubleConversion
:ReactAndroid:downloadFolly
Download https://github.com/facebook/folly/archive/deprecate-dynamic-initializer.tar.gz
:ReactAndroid:prepareFolly
:ReactAndroid:downloadGlog
Download https://github.com/google/glog/archive/v0.3.3.tar.gz
:ReactAndroid:prepareGlog
:ReactAndroid:downloadJSCHeaders
Download https://svn.webkit.org/repository/webkit/!svn/bc/174650/trunk/Source/JavaScriptCore/API/JavaScript.h
Download https://svn.webkit.org/repository/webkit/!svn/bc/174650/trunk/Source/JavaScriptCore/API/JSBase.h
Download https://svn.webkit.org/repository/webkit/!svn/bc/174650/trunk/Source/JavaScriptCore/API/JSContextRef.h
Download https://svn.webkit.org/repository/webkit/!svn/bc/174650/trunk/Source/JavaScriptCore/API/JSObjectRef.h
Download https://svn.webkit.org/repository/webkit/!svn/bc/174650/trunk/Source/JavaScriptCore/API/JSRetainPtr.h
Download https://svn.webkit.org/repository/webkit/!svn/bc/174650/trunk/Source/JavaScriptCore/API/JSStringRef.h
Download https://svn.webkit.org/repository/webkit/!svn/bc/174650/trunk/Source/JavaScriptCore/API/JSValueRef.h
Download https://svn.webkit.org/repository/webkit/!svn/bc/174650/trunk/Source/JavaScriptCore/API/WebKitAvailability.h
:ReactAndroid:prepareJSC
:ReactAndroid:buildReactNdkLib
[armeabi-v7a] StaticLibrary  : libboost.a
[armeabi-v7a] Prebuilt       : libjsc.so <= /private/var/folders/3k/mymj0cx15f9c3m0kv4gch66h0000gn/T/1468615655500-0/src/react-native-master/ReactAndroid/build/third-party-ndk/jsc/jni/armeabi-v7a/
make: /Users/vbauer/Library/Android/ndk/toolchains/arm-linux-androideabi-4.8/prebuilt/darwin-x86_64/bin/arm-linux-androideabi-gcc-ar: No such file or directory
make: *** [/private/var/folders/3k/mymj0cx15f9c3m0kv4gch66h0000gn/T/1468615655500-0/src/react-native-master/ReactAndroid/build/tmp/buildReactNdkLib/local/armeabi-v7a/libboost.a] Error 1
make: *** Waiting for unfinished jobs....
:ReactAndroid:buildReactNdkLib FAILED

FAILURE: Build failed with an exception.

* What went wrong:
Execution failed for task ':ReactAndroid:buildReactNdkLib'.
> Process 'command '/Users/vbauer/Library/Android/ndk/ndk-build'' finished with non-zero exit value 2

* Try:
Run with --info or --debug option to get more log output.

* Exception is:
org.gradle.api.tasks.TaskExecutionException: Execution failed for task ':ReactAndroid:buildReactNdkLib'.
	at org.gradle.api.internal.tasks.execution.ExecuteActionsTaskExecuter.executeActions(ExecuteActionsTaskExecuter.java:69)
	at org.gradle.api.internal.tasks.execution.ExecuteActionsTaskExecuter.execute(ExecuteActionsTaskExecuter.java:46)
	at org.gradle.api.internal.tasks.execution.PostExecutionAnalysisTaskExecuter.execute(PostExecutionAnalysisTaskExecuter.java:35)
	at org.gradle.api.internal.tasks.execution.SkipUpToDateTaskExecuter.execute(SkipUpToDateTaskExecuter.java:64)
	at org.gradle.api.internal.tasks.execution.ValidatingTaskExecuter.execute(ValidatingTaskExecuter.java:58)
	at org.gradle.api.internal.tasks.execution.SkipEmptySourceFilesTaskExecuter.execute(SkipEmptySourceFilesTaskExecuter.java:52)
	at org.gradle.api.internal.tasks.execution.SkipTaskWithNoActionsExecuter.execute(SkipTaskWithNoActionsExecuter.java:52)
	at org.gradle.api.internal.tasks.execution.SkipOnlyIfTaskExecuter.execute(SkipOnlyIfTaskExecuter.java:53)
	at org.gradle.api.internal.tasks.execution.ExecuteAtMostOnceTaskExecuter.execute(ExecuteAtMostOnceTaskExecuter.java:43)
	at org.gradle.execution.taskgraph.DefaultTaskGraphExecuter$EventFiringTaskWorker.execute(DefaultTaskGraphExecuter.java:203)
	at org.gradle.execution.taskgraph.DefaultTaskGraphExecuter$EventFiringTaskWorker.execute(DefaultTaskGraphExecuter.java:185)
	at org.gradle.execution.taskgraph.AbstractTaskPlanExecutor$TaskExecutorWorker.processTask(AbstractTaskPlanExecutor.java:66)
	at org.gradle.execution.taskgraph.AbstractTaskPlanExecutor$TaskExecutorWorker.run(AbstractTaskPlanExecutor.java:50)
	at org.gradle.execution.taskgraph.DefaultTaskPlanExecutor.process(DefaultTaskPlanExecutor.java:25)
	at org.gradle.execution.taskgraph.DefaultTaskGraphExecuter.execute(DefaultTaskGraphExecuter.java:110)
	at org.gradle.execution.SelectedTaskExecutionAction.execute(SelectedTaskExecutionAction.java:37)
	at org.gradle.execution.DefaultBuildExecuter.execute(DefaultBuildExecuter.java:37)
	at org.gradle.execution.DefaultBuildExecuter.access$000(DefaultBuildExecuter.java:23)
	at org.gradle.execution.DefaultBuildExecuter$1.proceed(DefaultBuildExecuter.java:43)
	at org.gradle.execution.DryRunBuildExecutionAction.execute(DryRunBuildExecutionAction.java:32)
	at org.gradle.execution.DefaultBuildExecuter.execute(DefaultBuildExecuter.java:37)
	at org.gradle.execution.DefaultBuildExecuter.execute(DefaultBuildExecuter.java:30)
	at org.gradle.initialization.DefaultGradleLauncher$4.run(DefaultGradleLauncher.java:154)
	at org.gradle.internal.Factories$1.create(Factories.java:22)
	at org.gradle.internal.progress.DefaultBuildOperationExecutor.run(DefaultBuildOperationExecutor.java:90)
	at org.gradle.internal.progress.DefaultBuildOperationExecutor.run(DefaultBuildOperationExecutor.java:52)
	at org.gradle.initialization.DefaultGradleLauncher.doBuildStages(DefaultGradleLauncher.java:151)
	at org.gradle.initialization.DefaultGradleLauncher.access$200(DefaultGradleLauncher.java:32)
	at org.gradle.initialization.DefaultGradleLauncher$1.create(DefaultGradleLauncher.java:99)
	at org.gradle.initialization.DefaultGradleLauncher$1.create(DefaultGradleLauncher.java:93)
	at org.gradle.internal.progress.DefaultBuildOperationExecutor.run(DefaultBuildOperationExecutor.java:90)
	at org.gradle.internal.progress.DefaultBuildOperationExecutor.run(DefaultBuildOperationExecutor.java:62)
	at org.gradle.initialization.DefaultGradleLauncher.doBuild(DefaultGradleLauncher.java:93)
	at org.gradle.initialization.DefaultGradleLauncher.run(DefaultGradleLauncher.java:82)
	at org.gradle.launcher.exec.InProcessBuildActionExecuter$DefaultBuildController.run(InProcessBuildActionExecuter.java:94)
	at org.gradle.tooling.internal.provider.ExecuteBuildActionRunner.run(ExecuteBuildActionRunner.java:28)
	at org.gradle.launcher.exec.ChainingBuildActionRunner.run(ChainingBuildActionRunner.java:35)
	at org.gradle.launcher.exec.InProcessBuildActionExecuter.execute(InProcessBuildActionExecuter.java:43)
	at org.gradle.launcher.exec.InProcessBuildActionExecuter.execute(InProcessBuildActionExecuter.java:28)
	at org.gradle.launcher.exec.ContinuousBuildActionExecuter.execute(ContinuousBuildActionExecuter.java:75)
	at org.gradle.launcher.exec.ContinuousBuildActionExecuter.execute(ContinuousBuildActionExecuter.java:45)
	at org.gradle.launcher.exec.DaemonUsageSuggestingBuildActionExecuter.execute(DaemonUsageSuggestingBuildActionExecuter.java:51)
	at org.gradle.launcher.exec.DaemonUsageSuggestingBuildActionExecuter.execute(DaemonUsageSuggestingBuildActionExecuter.java:28)
	at org.gradle.launcher.cli.RunBuildAction.run(RunBuildAction.java:43)
	at org.gradle.internal.Actions$RunnableActionAdapter.execute(Actions.java:170)
	at org.gradle.launcher.cli.CommandLineActionFactory$ParseAndBuildAction.execute(CommandLineActionFactory.java:237)
	at org.gradle.launcher.cli.CommandLineActionFactory$ParseAndBuildAction.execute(CommandLineActionFactory.java:210)
	at org.gradle.launcher.cli.JavaRuntimeValidationAction.execute(JavaRuntimeValidationAction.java:35)
	at org.gradle.launcher.cli.JavaRuntimeValidationAction.execute(JavaRuntimeValidationAction.java:24)
	at org.gradle.launcher.cli.CommandLineActionFactory$WithLogging.execute(CommandLineActionFactory.java:206)
	at org.gradle.launcher.cli.CommandLineActionFactory$WithLogging.execute(CommandLineActionFactory.java:169)
	at org.gradle.launcher.cli.ExceptionReportingAction.execute(ExceptionReportingAction.java:33)
	at org.gradle.launcher.cli.ExceptionReportingAction.execute(ExceptionReportingAction.java:22)
	at org.gradle.launcher.Main.doAction(Main.java:33)
	at org.gradle.launcher.bootstrap.EntryPoint.run(EntryPoint.java:45)
	at org.gradle.launcher.bootstrap.ProcessBootstrap.runNoExit(ProcessBootstrap.java:54)
	at org.gradle.launcher.bootstrap.ProcessBootstrap.run(ProcessBootstrap.java:35)
	at org.gradle.launcher.GradleMain.main(GradleMain.java:23)
	at org.gradle.wrapper.BootstrapMainStarter.start(BootstrapMainStarter.java:30)
	at org.gradle.wrapper.WrapperExecutor.execute(WrapperExecutor.java:129)
	at org.gradle.wrapper.GradleWrapperMain.main(GradleWrapperMain.java:61)
Caused by: org.gradle.process.internal.ExecException: Process 'command '/Users/vbauer/Library/Android/ndk/ndk-build'' finished with non-zero exit value 2
	at org.gradle.process.internal.DefaultExecHandle$ExecResultImpl.assertNormalExitValue(DefaultExecHandle.java:367)
	at org.gradle.process.internal.DefaultExecAction.execute(DefaultExecAction.java:31)
	at org.gradle.api.tasks.AbstractExecTask.exec(AbstractExecTask.java:54)
	at org.gradle.internal.reflect.JavaMethod.invoke(JavaMethod.java:75)
	at org.gradle.api.internal.project.taskfactory.AnnotationProcessingTaskFactory$StandardTaskAction.doExecute(AnnotationProcessingTaskFactory.java:227)
	at org.gradle.api.internal.project.taskfactory.AnnotationProcessingTaskFactory$StandardTaskAction.execute(AnnotationProcessingTaskFactory.java:220)
	at org.gradle.api.internal.project.taskfactory.AnnotationProcessingTaskFactory$StandardTaskAction.execute(AnnotationProcessingTaskFactory.java:209)
	at org.gradle.api.internal.AbstractTask$TaskActionWrapper.execute(AbstractTask.java:585)
	at org.gradle.api.internal.AbstractTask$TaskActionWrapper.execute(AbstractTask.java:568)
	at org.gradle.api.internal.tasks.execution.ExecuteActionsTaskExecuter.executeAction(ExecuteActionsTaskExecuter.java:80)
	at org.gradle.api.internal.tasks.execution.ExecuteActionsTaskExecuter.executeActions(ExecuteActionsTaskExecuter.java:61)
	... 60 more


BUILD FAILED

Total time: 1 mins 32.906 secs

2016-07-16 02:49:47,431 ERROR c.g.v.a.s.a.ProjectBuildService - Can not build project using script "/var/folders/3k/mymj0cx15f9c3m0kv4gch66h0000gn/T/1468615655500-0/src/react-native-master/build.gradle"
2016-07-16 02:49:48,292 INFO  c.g.v.a.s.a.ProjectTaskService - Detecting possible tasks...
2016-07-16 02:49:48,293 INFO  c.g.v.a.u.SysUtils - Execute command: [/var/folders/3k/mymj0cx15f9c3m0kv4gch66h0000gn/T/1468615655500-0/src/react-native-master/gradlew, -b, /var/folders/3k/mymj0cx15f9c3m0kv4gch66h0000gn/T/1468615655500-0/src/react-native-master/Examples/Movies/android/app/build.gradle, tasks]
2016-07-16 02:50:04,377 INFO  c.g.v.a.s.a.ProjectTaskService - Detected possible tasks: 68
2016-07-16 02:50:04,378 INFO  c.g.v.a.s.a.ProjectTaskService - Excluded tasks: lintDebug test check deviceCheck testDebugUnitTest connectedAndroidTest lint testReleaseUnitTest lintRelease deviceAndroidTest connectedCheck
2016-07-16 02:50:04,378 INFO  c.g.v.a.u.SysUtils - Execute command: [/var/folders/3k/mymj0cx15f9c3m0kv4gch66h0000gn/T/1468615655500-0/src/react-native-master/gradlew, -b, /var/folders/3k/mymj0cx15f9c3m0kv4gch66h0000gn/T/1468615655500-0/src/react-native-master/Examples/Movies/android/app/build.gradle, --stacktrace, -x, lintDebug, -x, test, -x, check, -x, deviceCheck, -x, testDebugUnitTest, -x, connectedAndroidTest, -x, lint, -x, testReleaseUnitTest, -x, lintRelease, -x, deviceAndroidTest, -x, connectedCheck, build]
2016-07-16 02:50:31,708 INFO  c.g.v.a.s.a.ProjectBuildService - :ReactAndroid:preBuild UP-TO-DATE
:ReactAndroid:preReleaseBuild UP-TO-DATE
:ReactAndroid:compileReleaseNdk UP-TO-DATE
:ReactAndroid:compileLint
:ReactAndroid:copyReleaseLint UP-TO-DATE
:ReactAndroid:checkReleaseManifest
:ReactAndroid:preDebugAndroidTestBuild UP-TO-DATE
:ReactAndroid:preDebugBuild UP-TO-DATE
:ReactAndroid:preDebugUnitTestBuild UP-TO-DATE
:ReactAndroid:preReleaseUnitTestBuild UP-TO-DATE
:ReactAndroid:prepareComAndroidSupportAppcompatV72301Library UP-TO-DATE
:ReactAndroid:prepareComAndroidSupportRecyclerviewV72301Library UP-TO-DATE
:ReactAndroid:prepareComAndroidSupportSupportV42321Library UP-TO-DATE
:ReactAndroid:prepareComFacebookFrescoDrawee0110Library UP-TO-DATE
:ReactAndroid:prepareComFacebookFrescoFbcore0110Library UP-TO-DATE
:ReactAndroid:prepareComFacebookFrescoFresco0110Library UP-TO-DATE
:ReactAndroid:prepareComFacebookFrescoImagepipeline0110Library UP-TO-DATE
:ReactAndroid:prepareComFacebookFrescoImagepipelineBase0110Library UP-TO-DATE
:ReactAndroid:prepareComFacebookFrescoImagepipelineOkhttp30110Library UP-TO-DATE
:ReactAndroid:prepareComFacebookSoloaderSoloader010Library UP-TO-DATE
:ReactAndroid:prepareOrgWebkitAndroidJscR174650Library UP-TO-DATE
:ReactAndroid:prepareReleaseDependencies
:ReactAndroid:compileReleaseAidl
:ReactAndroid:compileReleaseRenderscript
:ReactAndroid:generateReleaseBuildConfig
:ReactAndroid:generateReleaseAssets UP-TO-DATE
:ReactAndroid:mergeReleaseAssets
:ReactAndroid:generateReleaseResValues
:ReactAndroid:generateReleaseResources
:ReactAndroid:mergeReleaseResources
:ReactAndroid:processReleaseManifest
:ReactAndroid:processReleaseResources
:ReactAndroid:generateReleaseSources
:ReactAndroid:createNativeDepsDirectories UP-TO-DATE
:ReactAndroid:downloadBoost UP-TO-DATE
:ReactAndroid:prepareBoost UP-TO-DATE
:ReactAndroid:downloadDoubleConversion UP-TO-DATE
:ReactAndroid:prepareDoubleConversion UP-TO-DATE
:ReactAndroid:downloadFolly UP-TO-DATE
:ReactAndroid:prepareFolly UP-TO-DATE
:ReactAndroid:downloadGlog UP-TO-DATE
:ReactAndroid:prepareGlog UP-TO-DATE
:ReactAndroid:downloadJSCHeaders UP-TO-DATE
:ReactAndroid:prepareJSC
:ReactAndroid:buildReactNdkLib
[armeabi-v7a] Compile++      : reactnativejni <= JExecutorToken.cpp
[armeabi-v7a] Compile++      : reactnativejni <= JMessageQueueThread.cpp
[armeabi-v7a] Compile++      : reactnativejni <= JSCPerfLogging.cpp
make: /Users/vbauer/Library/Android/ndk/toolchains/arm-linux-androideabi-4.8/prebuilt/darwin-x86_64/bin/arm-linux-androideabi-g++: No such file or directory
make: /Users/vbauer/Library/Android/ndk/toolchains/arm-linux-androideabi-4.8/prebuilt/darwin-x86_64/bin/arm-linux-androideabi-g++: No such file or directory
make: *** [/private/var/folders/3k/mymj0cx15f9c3m0kv4gch66h0000gn/T/1468615655500-0/src/react-native-master/ReactAndroid/build/tmp/buildReactNdkLib/local/armeabi-v7a/objs/reactnativejni/JMessageQueueThread.o] Error 1
make: *** Waiting for unfinished jobs....
make: /Users/vbauer/Library/Android/ndk/toolchains/arm-linux-androideabi-4.8/prebuilt/darwin-x86_64/bin/arm-linux-androideabi-g++: No such file or directory
make: *** [/private/var/folders/3k/mymj0cx15f9c3m0kv4gch66h0000gn/T/1468615655500-0/src/react-native-master/ReactAndroid/build/tmp/buildReactNdkLib/local/armeabi-v7a/objs/reactnativejni/JSCPerfLogging.o] Error 1
make: *** [/private/var/folders/3k/mymj0cx15f9c3m0kv4gch66h0000gn/T/1468615655500-0/src/react-native-master/ReactAndroid/build/tmp/buildReactNdkLib/local/armeabi-v7a/objs/reactnativejni/JExecutorToken.o] Error 1
:ReactAndroid:buildReactNdkLib FAILED

FAILURE: Build failed with an exception.

* What went wrong:
Execution failed for task ':ReactAndroid:buildReactNdkLib'.
> Process 'command '/Users/vbauer/Library/Android/ndk/ndk-build'' finished with non-zero exit value 2

* Try:
Run with --info or --debug option to get more log output.

* Exception is:
org.gradle.api.tasks.TaskExecutionException: Execution failed for task ':ReactAndroid:buildReactNdkLib'.
	at org.gradle.api.internal.tasks.execution.ExecuteActionsTaskExecuter.executeActions(ExecuteActionsTaskExecuter.java:69)
	at org.gradle.api.internal.tasks.execution.ExecuteActionsTaskExecuter.execute(ExecuteActionsTaskExecuter.java:46)
	at org.gradle.api.internal.tasks.execution.PostExecutionAnalysisTaskExecuter.execute(PostExecutionAnalysisTaskExecuter.java:35)
	at org.gradle.api.internal.tasks.execution.SkipUpToDateTaskExecuter.execute(SkipUpToDateTaskExecuter.java:64)
	at org.gradle.api.internal.tasks.execution.ValidatingTaskExecuter.execute(ValidatingTaskExecuter.java:58)
	at org.gradle.api.internal.tasks.execution.SkipEmptySourceFilesTaskExecuter.execute(SkipEmptySourceFilesTaskExecuter.java:52)
	at org.gradle.api.internal.tasks.execution.SkipTaskWithNoActionsExecuter.execute(SkipTaskWithNoActionsExecuter.java:52)
	at org.gradle.api.internal.tasks.execution.SkipOnlyIfTaskExecuter.execute(SkipOnlyIfTaskExecuter.java:53)
	at org.gradle.api.internal.tasks.execution.ExecuteAtMostOnceTaskExecuter.execute(ExecuteAtMostOnceTaskExecuter.java:43)
	at org.gradle.execution.taskgraph.DefaultTaskGraphExecuter$EventFiringTaskWorker.execute(DefaultTaskGraphExecuter.java:203)
	at org.gradle.execution.taskgraph.DefaultTaskGraphExecuter$EventFiringTaskWorker.execute(DefaultTaskGraphExecuter.java:185)
	at org.gradle.execution.taskgraph.AbstractTaskPlanExecutor$TaskExecutorWorker.processTask(AbstractTaskPlanExecutor.java:66)
	at org.gradle.execution.taskgraph.AbstractTaskPlanExecutor$TaskExecutorWorker.run(AbstractTaskPlanExecutor.java:50)
	at org.gradle.execution.taskgraph.DefaultTaskPlanExecutor.process(DefaultTaskPlanExecutor.java:25)
	at org.gradle.execution.taskgraph.DefaultTaskGraphExecuter.execute(DefaultTaskGraphExecuter.java:110)
	at org.gradle.execution.SelectedTaskExecutionAction.execute(SelectedTaskExecutionAction.java:37)
	at org.gradle.execution.DefaultBuildExecuter.execute(DefaultBuildExecuter.java:37)
	at org.gradle.execution.DefaultBuildExecuter.access$000(DefaultBuildExecuter.java:23)
	at org.gradle.execution.DefaultBuildExecuter$1.proceed(DefaultBuildExecuter.java:43)
	at org.gradle.execution.DryRunBuildExecutionAction.execute(DryRunBuildExecutionAction.java:32)
	at org.gradle.execution.DefaultBuildExecuter.execute(DefaultBuildExecuter.java:37)
	at org.gradle.execution.DefaultBuildExecuter.execute(DefaultBuildExecuter.java:30)
	at org.gradle.initialization.DefaultGradleLauncher$4.run(DefaultGradleLauncher.java:154)
	at org.gradle.internal.Factories$1.create(Factories.java:22)
	at org.gradle.internal.progress.DefaultBuildOperationExecutor.run(DefaultBuildOperationExecutor.java:90)
	at org.gradle.internal.progress.DefaultBuildOperationExecutor.run(DefaultBuildOperationExecutor.java:52)
	at org.gradle.initialization.DefaultGradleLauncher.doBuildStages(DefaultGradleLauncher.java:151)
	at org.gradle.initialization.DefaultGradleLauncher.access$200(DefaultGradleLauncher.java:32)
	at org.gradle.initialization.DefaultGradleLauncher$1.create(DefaultGradleLauncher.java:99)
	at org.gradle.initialization.DefaultGradleLauncher$1.create(DefaultGradleLauncher.java:93)
	at org.gradle.internal.progress.DefaultBuildOperationExecutor.run(DefaultBuildOperationExecutor.java:90)
	at org.gradle.internal.progress.DefaultBuildOperationExecutor.run(DefaultBuildOperationExecutor.java:62)
	at org.gradle.initialization.DefaultGradleLauncher.doBuild(DefaultGradleLauncher.java:93)
	at org.gradle.initialization.DefaultGradleLauncher.run(DefaultGradleLauncher.java:82)
	at org.gradle.launcher.exec.InProcessBuildActionExecuter$DefaultBuildController.run(InProcessBuildActionExecuter.java:94)
	at org.gradle.tooling.internal.provider.ExecuteBuildActionRunner.run(ExecuteBuildActionRunner.java:28)
	at org.gradle.launcher.exec.ChainingBuildActionRunner.run(ChainingBuildActionRunner.java:35)
	at org.gradle.launcher.exec.InProcessBuildActionExecuter.execute(InProcessBuildActionExecuter.java:43)
	at org.gradle.launcher.exec.InProcessBuildActionExecuter.execute(InProcessBuildActionExecuter.java:28)
	at org.gradle.launcher.exec.ContinuousBuildActionExecuter.execute(ContinuousBuildActionExecuter.java:75)
	at org.gradle.launcher.exec.ContinuousBuildActionExecuter.execute(ContinuousBuildActionExecuter.java:45)
	at org.gradle.launcher.exec.DaemonUsageSuggestingBuildActionExecuter.execute(DaemonUsageSuggestingBuildActionExecuter.java:51)
	at org.gradle.launcher.exec.DaemonUsageSuggestingBuildActionExecuter.execute(DaemonUsageSuggestingBuildActionExecuter.java:28)
	at org.gradle.launcher.cli.RunBuildAction.run(RunBuildAction.java:43)
	at org.gradle.internal.Actions$RunnableActionAdapter.execute(Actions.java:170)
	at org.gradle.launcher.cli.CommandLineActionFactory$ParseAndBuildAction.execute(CommandLineActionFactory.java:237)
	at org.gradle.launcher.cli.CommandLineActionFactory$ParseAndBuildAction.execute(CommandLineActionFactory.java:210)
	at org.gradle.launcher.cli.JavaRuntimeValidationAction.execute(JavaRuntimeValidationAction.java:35)
	at org.gradle.launcher.cli.JavaRuntimeValidationAction.execute(JavaRuntimeValidationAction.java:24)
	at org.gradle.launcher.cli.CommandLineActionFactory$WithLogging.execute(CommandLineActionFactory.java:206)
	at org.gradle.launcher.cli.CommandLineActionFactory$WithLogging.execute(CommandLineActionFactory.java:169)
	at org.gradle.launcher.cli.ExceptionReportingAction.execute(ExceptionReportingAction.java:33)
	at org.gradle.launcher.cli.ExceptionReportingAction.execute(ExceptionReportingAction.java:22)
	at org.gradle.launcher.Main.doAction(Main.java:33)
	at org.gradle.launcher.bootstrap.EntryPoint.run(EntryPoint.java:45)
	at org.gradle.launcher.bootstrap.ProcessBootstrap.runNoExit(ProcessBootstrap.java:54)
	at org.gradle.launcher.bootstrap.ProcessBootstrap.run(ProcessBootstrap.java:35)
	at org.gradle.launcher.GradleMain.main(GradleMain.java:23)
	at org.gradle.wrapper.BootstrapMainStarter.start(BootstrapMainStarter.java:30)
	at org.gradle.wrapper.WrapperExecutor.execute(WrapperExecutor.java:129)
	at org.gradle.wrapper.GradleWrapperMain.main(GradleWrapperMain.java:61)
Caused by: org.gradle.process.internal.ExecException: Process 'command '/Users/vbauer/Library/Android/ndk/ndk-build'' finished with non-zero exit value 2
	at org.gradle.process.internal.DefaultExecHandle$ExecResultImpl.assertNormalExitValue(DefaultExecHandle.java:367)
	at org.gradle.process.internal.DefaultExecAction.execute(DefaultExecAction.java:31)
	at org.gradle.api.tasks.AbstractExecTask.exec(AbstractExecTask.java:54)
	at org.gradle.internal.reflect.JavaMethod.invoke(JavaMethod.java:75)
	at org.gradle.api.internal.project.taskfactory.AnnotationProcessingTaskFactory$StandardTaskAction.doExecute(AnnotationProcessingTaskFactory.java:227)
	at org.gradle.api.internal.project.taskfactory.AnnotationProcessingTaskFactory$StandardTaskAction.execute(AnnotationProcessingTaskFactory.java:220)
	at org.gradle.api.internal.project.taskfactory.AnnotationProcessingTaskFactory$StandardTaskAction.execute(AnnotationProcessingTaskFactory.java:209)
	at org.gradle.api.internal.AbstractTask$TaskActionWrapper.execute(AbstractTask.java:585)
	at org.gradle.api.internal.AbstractTask$TaskActionWrapper.execute(AbstractTask.java:568)
	at org.gradle.api.internal.tasks.execution.ExecuteActionsTaskExecuter.executeAction(ExecuteActionsTaskExecuter.java:80)
	at org.gradle.api.internal.tasks.execution.ExecuteActionsTaskExecuter.executeActions(ExecuteActionsTaskExecuter.java:61)
	... 60 more


BUILD FAILED

Total time: 26.766 secs

2016-07-16 02:50:31,709 ERROR c.g.v.a.s.a.ProjectBuildService - Can not build project using script "/var/folders/3k/mymj0cx15f9c3m0kv4gch66h0000gn/T/1468615655500-0/src/react-native-master/Examples/Movies/android/app/build.gradle"
2016-07-16 02:50:32,027 INFO  c.g.v.a.s.a.ProjectTaskService - Detecting possible tasks...
2016-07-16 02:50:32,027 INFO  c.g.v.a.u.SysUtils - Execute command: [/var/folders/3k/mymj0cx15f9c3m0kv4gch66h0000gn/T/1468615655500-0/src/react-native-master/gradlew, -b, /var/folders/3k/mymj0cx15f9c3m0kv4gch66h0000gn/T/1468615655500-0/src/react-native-master/Examples/UIExplorer/android/app/build.gradle, tasks]
2016-07-16 02:50:48,650 INFO  c.g.v.a.s.a.ProjectTaskService - Detected possible tasks: 72
2016-07-16 02:50:48,650 INFO  c.g.v.a.s.a.ProjectTaskService - Excluded tasks: lintDebug test check deviceCheck testDebugUnitTest connectedAndroidTest lint testReleaseUnitTest lintRelease deviceAndroidTest connectedCheck
2016-07-16 02:50:48,651 INFO  c.g.v.a.u.SysUtils - Execute command: [/var/folders/3k/mymj0cx15f9c3m0kv4gch66h0000gn/T/1468615655500-0/src/react-native-master/gradlew, -b, /var/folders/3k/mymj0cx15f9c3m0kv4gch66h0000gn/T/1468615655500-0/src/react-native-master/Examples/UIExplorer/android/app/build.gradle, --stacktrace, -x, lintDebug, -x, test, -x, check, -x, deviceCheck, -x, testDebugUnitTest, -x, connectedAndroidTest, -x, lint, -x, testReleaseUnitTest, -x, lintRelease, -x, deviceAndroidTest, -x, connectedCheck, build]
2016-07-16 02:51:13,528 INFO  c.g.v.a.s.a.ProjectBuildService - :ReactAndroid:preBuild UP-TO-DATE
:ReactAndroid:preReleaseBuild UP-TO-DATE
:ReactAndroid:compileReleaseNdk UP-TO-DATE
:ReactAndroid:compileLint
:ReactAndroid:copyReleaseLint UP-TO-DATE
:ReactAndroid:checkReleaseManifest
:ReactAndroid:preDebugAndroidTestBuild UP-TO-DATE
:ReactAndroid:preDebugBuild UP-TO-DATE
:ReactAndroid:preDebugUnitTestBuild UP-TO-DATE
:ReactAndroid:preReleaseUnitTestBuild UP-TO-DATE
:ReactAndroid:prepareComAndroidSupportAppcompatV72301Library UP-TO-DATE
:ReactAndroid:prepareComAndroidSupportRecyclerviewV72301Library UP-TO-DATE
:ReactAndroid:prepareComAndroidSupportSupportV42321Library UP-TO-DATE
:ReactAndroid:prepareComFacebookFrescoDrawee0110Library UP-TO-DATE
:ReactAndroid:prepareComFacebookFrescoFbcore0110Library UP-TO-DATE
:ReactAndroid:prepareComFacebookFrescoFresco0110Library UP-TO-DATE
:ReactAndroid:prepareComFacebookFrescoImagepipeline0110Library UP-TO-DATE
:ReactAndroid:prepareComFacebookFrescoImagepipelineBase0110Library UP-TO-DATE
:ReactAndroid:prepareComFacebookFrescoImagepipelineOkhttp30110Library UP-TO-DATE
:ReactAndroid:prepareComFacebookSoloaderSoloader010Library UP-TO-DATE
:ReactAndroid:prepareOrgWebkitAndroidJscR174650Library UP-TO-DATE
:ReactAndroid:prepareReleaseDependencies
:ReactAndroid:compileReleaseAidl UP-TO-DATE
:ReactAndroid:compileReleaseRenderscript UP-TO-DATE
:ReactAndroid:generateReleaseBuildConfig UP-TO-DATE
:ReactAndroid:generateReleaseAssets UP-TO-DATE
:ReactAndroid:mergeReleaseAssets UP-TO-DATE
:ReactAndroid:generateReleaseResValues UP-TO-DATE
:ReactAndroid:generateReleaseResources UP-TO-DATE
:ReactAndroid:mergeReleaseResources UP-TO-DATE
:ReactAndroid:processReleaseManifest UP-TO-DATE
:ReactAndroid:processReleaseResources UP-TO-DATE
:ReactAndroid:generateReleaseSources UP-TO-DATE
:ReactAndroid:createNativeDepsDirectories UP-TO-DATE
:ReactAndroid:downloadBoost UP-TO-DATE
:ReactAndroid:prepareBoost UP-TO-DATE
:ReactAndroid:downloadDoubleConversion UP-TO-DATE
:ReactAndroid:prepareDoubleConversion UP-TO-DATE
:ReactAndroid:downloadFolly UP-TO-DATE
:ReactAndroid:prepareFolly UP-TO-DATE
:ReactAndroid:downloadGlog UP-TO-DATE
:ReactAndroid:prepareGlog UP-TO-DATE
:ReactAndroid:downloadJSCHeaders UP-TO-DATE
:ReactAndroid:prepareJSC
:ReactAndroid:buildReactNdkLib
[armeabi-v7a] Compile++      : reactnativejni <= JExecutorToken.cpp
[armeabi-v7a] Compile++      : reactnativejni <= JMessageQueueThread.cpp
make: /Users/vbauer/Library/Android/ndk/toolchains/arm-linux-androideabi-4.8/prebuilt/darwin-x86_64/bin/arm-linux-androideabi-g++: No such file or directory
make: /Users/vbauer/Library/Android/ndk/toolchains/arm-linux-androideabi-4.8/prebuilt/darwin-x86_64/bin/arm-linux-androideabi-g++: No such file or directory
[armeabi-v7a] Compile++      : reactnativejni <= JSCPerfLogging.cpp
make: *** [/private/var/folders/3k/mymj0cx15f9c3m0kv4gch66h0000gn/T/1468615655500-0/src/react-native-master/ReactAndroid/build/tmp/buildReactNdkLib/local/armeabi-v7a/objs/reactnativejni/JMessageQueueThread.o] Error 1
make: *** Waiting for unfinished jobs....
make: /Users/vbauer/Library/Android/ndk/toolchains/arm-linux-androideabi-4.8/prebuilt/darwin-x86_64/bin/arm-linux-androideabi-g++: No such file or directory
make: *** [/private/var/folders/3k/mymj0cx15f9c3m0kv4gch66h0000gn/T/1468615655500-0/src/react-native-master/ReactAndroid/build/tmp/buildReactNdkLib/local/armeabi-v7a/objs/reactnativejni/JExecutorToken.o] Error 1
make: *** [/private/var/folders/3k/mymj0cx15f9c3m0kv4gch66h0000gn/T/1468615655500-0/src/react-native-master/ReactAndroid/build/tmp/buildReactNdkLib/local/armeabi-v7a/objs/reactnativejni/JSCPerfLogging.o] Error 1
:ReactAndroid:buildReactNdkLib FAILED

FAILURE: Build failed with an exception.

* What went wrong:
Execution failed for task ':ReactAndroid:buildReactNdkLib'.
> Process 'command '/Users/vbauer/Library/Android/ndk/ndk-build'' finished with non-zero exit value 2

* Try:
Run with --info or --debug option to get more log output.

* Exception is:
org.gradle.api.tasks.TaskExecutionException: Execution failed for task ':ReactAndroid:buildReactNdkLib'.
	at org.gradle.api.internal.tasks.execution.ExecuteActionsTaskExecuter.executeActions(ExecuteActionsTaskExecuter.java:69)
	at org.gradle.api.internal.tasks.execution.ExecuteActionsTaskExecuter.execute(ExecuteActionsTaskExecuter.java:46)
	at org.gradle.api.internal.tasks.execution.PostExecutionAnalysisTaskExecuter.execute(PostExecutionAnalysisTaskExecuter.java:35)
	at org.gradle.api.internal.tasks.execution.SkipUpToDateTaskExecuter.execute(SkipUpToDateTaskExecuter.java:64)
	at org.gradle.api.internal.tasks.execution.ValidatingTaskExecuter.execute(ValidatingTaskExecuter.java:58)
	at org.gradle.api.internal.tasks.execution.SkipEmptySourceFilesTaskExecuter.execute(SkipEmptySourceFilesTaskExecuter.java:52)
	at org.gradle.api.internal.tasks.execution.SkipTaskWithNoActionsExecuter.execute(SkipTaskWithNoActionsExecuter.java:52)
	at org.gradle.api.internal.tasks.execution.SkipOnlyIfTaskExecuter.execute(SkipOnlyIfTaskExecuter.java:53)
	at org.gradle.api.internal.tasks.execution.ExecuteAtMostOnceTaskExecuter.execute(ExecuteAtMostOnceTaskExecuter.java:43)
	at org.gradle.execution.taskgraph.DefaultTaskGraphExecuter$EventFiringTaskWorker.execute(DefaultTaskGraphExecuter.java:203)
	at org.gradle.execution.taskgraph.DefaultTaskGraphExecuter$EventFiringTaskWorker.execute(DefaultTaskGraphExecuter.java:185)
	at org.gradle.execution.taskgraph.AbstractTaskPlanExecutor$TaskExecutorWorker.processTask(AbstractTaskPlanExecutor.java:66)
	at org.gradle.execution.taskgraph.AbstractTaskPlanExecutor$TaskExecutorWorker.run(AbstractTaskPlanExecutor.java:50)
	at org.gradle.execution.taskgraph.DefaultTaskPlanExecutor.process(DefaultTaskPlanExecutor.java:25)
	at org.gradle.execution.taskgraph.DefaultTaskGraphExecuter.execute(DefaultTaskGraphExecuter.java:110)
	at org.gradle.execution.SelectedTaskExecutionAction.execute(SelectedTaskExecutionAction.java:37)
	at org.gradle.execution.DefaultBuildExecuter.execute(DefaultBuildExecuter.java:37)
	at org.gradle.execution.DefaultBuildExecuter.access$000(DefaultBuildExecuter.java:23)
	at org.gradle.execution.DefaultBuildExecuter$1.proceed(DefaultBuildExecuter.java:43)
	at org.gradle.execution.DryRunBuildExecutionAction.execute(DryRunBuildExecutionAction.java:32)
	at org.gradle.execution.DefaultBuildExecuter.execute(DefaultBuildExecuter.java:37)
	at org.gradle.execution.DefaultBuildExecuter.execute(DefaultBuildExecuter.java:30)
	at org.gradle.initialization.DefaultGradleLauncher$4.run(DefaultGradleLauncher.java:154)
	at org.gradle.internal.Factories$1.create(Factories.java:22)
	at org.gradle.internal.progress.DefaultBuildOperationExecutor.run(DefaultBuildOperationExecutor.java:90)
	at org.gradle.internal.progress.DefaultBuildOperationExecutor.run(DefaultBuildOperationExecutor.java:52)
	at org.gradle.initialization.DefaultGradleLauncher.doBuildStages(DefaultGradleLauncher.java:151)
	at org.gradle.initialization.DefaultGradleLauncher.access$200(DefaultGradleLauncher.java:32)
	at org.gradle.initialization.DefaultGradleLauncher$1.create(DefaultGradleLauncher.java:99)
	at org.gradle.initialization.DefaultGradleLauncher$1.create(DefaultGradleLauncher.java:93)
	at org.gradle.internal.progress.DefaultBuildOperationExecutor.run(DefaultBuildOperationExecutor.java:90)
	at org.gradle.internal.progress.DefaultBuildOperationExecutor.run(DefaultBuildOperationExecutor.java:62)
	at org.gradle.initialization.DefaultGradleLauncher.doBuild(DefaultGradleLauncher.java:93)
	at org.gradle.initialization.DefaultGradleLauncher.run(DefaultGradleLauncher.java:82)
	at org.gradle.launcher.exec.InProcessBuildActionExecuter$DefaultBuildController.run(InProcessBuildActionExecuter.java:94)
	at org.gradle.tooling.internal.provider.ExecuteBuildActionRunner.run(ExecuteBuildActionRunner.java:28)
	at org.gradle.launcher.exec.ChainingBuildActionRunner.run(ChainingBuildActionRunner.java:35)
	at org.gradle.launcher.exec.InProcessBuildActionExecuter.execute(InProcessBuildActionExecuter.java:43)
	at org.gradle.launcher.exec.InProcessBuildActionExecuter.execute(InProcessBuildActionExecuter.java:28)
	at org.gradle.launcher.exec.ContinuousBuildActionExecuter.execute(ContinuousBuildActionExecuter.java:75)
	at org.gradle.launcher.exec.ContinuousBuildActionExecuter.execute(ContinuousBuildActionExecuter.java:45)
	at org.gradle.launcher.exec.DaemonUsageSuggestingBuildActionExecuter.execute(DaemonUsageSuggestingBuildActionExecuter.java:51)
	at org.gradle.launcher.exec.DaemonUsageSuggestingBuildActionExecuter.execute(DaemonUsageSuggestingBuildActionExecuter.java:28)
	at org.gradle.launcher.cli.RunBuildAction.run(RunBuildAction.java:43)
	at org.gradle.internal.Actions$RunnableActionAdapter.execute(Actions.java:170)
	at org.gradle.launcher.cli.CommandLineActionFactory$ParseAndBuildAction.execute(CommandLineActionFactory.java:237)
	at org.gradle.launcher.cli.CommandLineActionFactory$ParseAndBuildAction.execute(CommandLineActionFactory.java:210)
	at org.gradle.launcher.cli.JavaRuntimeValidationAction.execute(JavaRuntimeValidationAction.java:35)
	at org.gradle.launcher.cli.JavaRuntimeValidationAction.execute(JavaRuntimeValidationAction.java:24)
	at org.gradle.launcher.cli.CommandLineActionFactory$WithLogging.execute(CommandLineActionFactory.java:206)
	at org.gradle.launcher.cli.CommandLineActionFactory$WithLogging.execute(CommandLineActionFactory.java:169)
	at org.gradle.launcher.cli.ExceptionReportingAction.execute(ExceptionReportingAction.java:33)
	at org.gradle.launcher.cli.ExceptionReportingAction.execute(ExceptionReportingAction.java:22)
	at org.gradle.launcher.Main.doAction(Main.java:33)
	at org.gradle.launcher.bootstrap.EntryPoint.run(EntryPoint.java:45)
	at org.gradle.launcher.bootstrap.ProcessBootstrap.runNoExit(ProcessBootstrap.java:54)
	at org.gradle.launcher.bootstrap.ProcessBootstrap.run(ProcessBootstrap.java:35)
	at org.gradle.launcher.GradleMain.main(GradleMain.java:23)
	at org.gradle.wrapper.BootstrapMainStarter.start(BootstrapMainStarter.java:30)
	at org.gradle.wrapper.WrapperExecutor.execute(WrapperExecutor.java:129)
	at org.gradle.wrapper.GradleWrapperMain.main(GradleWrapperMain.java:61)
Caused by: org.gradle.process.internal.ExecException: Process 'command '/Users/vbauer/Library/Android/ndk/ndk-build'' finished with non-zero exit value 2
	at org.gradle.process.internal.DefaultExecHandle$ExecResultImpl.assertNormalExitValue(DefaultExecHandle.java:367)
	at org.gradle.process.internal.DefaultExecAction.execute(DefaultExecAction.java:31)
	at org.gradle.api.tasks.AbstractExecTask.exec(AbstractExecTask.java:54)
	at org.gradle.internal.reflect.JavaMethod.invoke(JavaMethod.java:75)
	at org.gradle.api.internal.project.taskfactory.AnnotationProcessingTaskFactory$StandardTaskAction.doExecute(AnnotationProcessingTaskFactory.java:227)
	at org.gradle.api.internal.project.taskfactory.AnnotationProcessingTaskFactory$StandardTaskAction.execute(AnnotationProcessingTaskFactory.java:220)
	at org.gradle.api.internal.project.taskfactory.AnnotationProcessingTaskFactory$StandardTaskAction.execute(AnnotationProcessingTaskFactory.java:209)
	at org.gradle.api.internal.AbstractTask$TaskActionWrapper.execute(AbstractTask.java:585)
	at org.gradle.api.internal.AbstractTask$TaskActionWrapper.execute(AbstractTask.java:568)
	at org.gradle.api.internal.tasks.execution.ExecuteActionsTaskExecuter.executeAction(ExecuteActionsTaskExecuter.java:80)
	at org.gradle.api.internal.tasks.execution.ExecuteActionsTaskExecuter.executeActions(ExecuteActionsTaskExecuter.java:61)
	... 60 more


BUILD FAILED

Total time: 24.301 secs

2016-07-16 02:51:13,530 ERROR c.g.v.a.s.a.ProjectBuildService - Can not build project using script "/var/folders/3k/mymj0cx15f9c3m0kv4gch66h0000gn/T/1468615655500-0/src/react-native-master/Examples/UIExplorer/android/app/build.gradle"
2016-07-16 02:51:13,952 INFO  c.g.v.a.s.a.ProjectTaskService - Detecting possible tasks...
2016-07-16 02:51:13,953 INFO  c.g.v.a.u.SysUtils - Execute command: [/var/folders/3k/mymj0cx15f9c3m0kv4gch66h0000gn/T/1468615655500-0/src/react-native-master/gradlew, -b, /var/folders/3k/mymj0cx15f9c3m0kv4gch66h0000gn/T/1468615655500-0/src/react-native-master/ReactAndroid/build.gradle, tasks]
2016-07-16 02:51:34,529 INFO  c.g.v.a.s.a.ProjectTaskService - Detected possible tasks: 74
2016-07-16 02:51:34,531 INFO  c.g.v.a.s.a.ProjectTaskService - Excluded tasks: lintDebug deviceCheck lint testReleaseUnitTest deviceAndroidTest connectedCheck test check testDebugUnitTest connectedAndroidTest lintRelease
2016-07-16 02:51:34,531 INFO  c.g.v.a.u.SysUtils - Execute command: [/var/folders/3k/mymj0cx15f9c3m0kv4gch66h0000gn/T/1468615655500-0/src/react-native-master/gradlew, -b, /var/folders/3k/mymj0cx15f9c3m0kv4gch66h0000gn/T/1468615655500-0/src/react-native-master/ReactAndroid/build.gradle, --stacktrace, -x, lintDebug, -x, deviceCheck, -x, lint, -x, testReleaseUnitTest, -x, deviceAndroidTest, -x, connectedCheck, -x, test, -x, check, -x, testDebugUnitTest, -x, connectedAndroidTest, -x, lintRelease, build]
2016-07-16 02:51:57,779 INFO  c.g.v.a.s.a.ProjectBuildService - :ReactAndroid:androidSourcesJar UP-TO-DATE
:ReactAndroid:preBuild UP-TO-DATE
:ReactAndroid:preDebugBuild UP-TO-DATE
:ReactAndroid:compileDebugNdk UP-TO-DATE
:ReactAndroid:compileLint
:ReactAndroid:copyDebugLint UP-TO-DATE
:ReactAndroid:checkDebugManifest
:ReactAndroid:preDebugAndroidTestBuild UP-TO-DATE
:ReactAndroid:preDebugUnitTestBuild UP-TO-DATE
:ReactAndroid:preReleaseBuild UP-TO-DATE
:ReactAndroid:preReleaseUnitTestBuild UP-TO-DATE
:ReactAndroid:prepareComAndroidSupportAppcompatV72301Library UP-TO-DATE
:ReactAndroid:prepareComAndroidSupportRecyclerviewV72301Library UP-TO-DATE
:ReactAndroid:prepareComAndroidSupportSupportV42321Library UP-TO-DATE
:ReactAndroid:prepareComFacebookFrescoDrawee0110Library UP-TO-DATE
:ReactAndroid:prepareComFacebookFrescoFbcore0110Library UP-TO-DATE
:ReactAndroid:prepareComFacebookFrescoFresco0110Library UP-TO-DATE
:ReactAndroid:prepareComFacebookFrescoImagepipeline0110Library UP-TO-DATE
:ReactAndroid:prepareComFacebookFrescoImagepipelineBase0110Library UP-TO-DATE
:ReactAndroid:prepareComFacebookFrescoImagepipelineOkhttp30110Library UP-TO-DATE
:ReactAndroid:prepareComFacebookSoloaderSoloader010Library UP-TO-DATE
:ReactAndroid:prepareOrgWebkitAndroidJscR174650Library UP-TO-DATE
:ReactAndroid:prepareDebugDependencies
:ReactAndroid:compileDebugAidl UP-TO-DATE
:ReactAndroid:compileDebugRenderscript UP-TO-DATE
:ReactAndroid:generateDebugBuildConfig UP-TO-DATE
:ReactAndroid:generateDebugAssets UP-TO-DATE
:ReactAndroid:mergeDebugAssets UP-TO-DATE
:ReactAndroid:generateDebugResValues UP-TO-DATE
:ReactAndroid:generateDebugResources UP-TO-DATE
:ReactAndroid:mergeDebugResources UP-TO-DATE
:ReactAndroid:processDebugManifest UP-TO-DATE
:ReactAndroid:processDebugResources UP-TO-DATE
:ReactAndroid:generateDebugSources UP-TO-DATE
:ReactAndroid:createNativeDepsDirectories UP-TO-DATE
:ReactAndroid:downloadBoost UP-TO-DATE
:ReactAndroid:prepareBoost UP-TO-DATE
:ReactAndroid:downloadDoubleConversion UP-TO-DATE
:ReactAndroid:prepareDoubleConversion UP-TO-DATE
:ReactAndroid:downloadFolly UP-TO-DATE
:ReactAndroid:prepareFolly UP-TO-DATE
:ReactAndroid:downloadGlog UP-TO-DATE
:ReactAndroid:prepareGlog UP-TO-DATE
:ReactAndroid:downloadJSCHeaders UP-TO-DATE
:ReactAndroid:prepareJSC
:ReactAndroid:buildReactNdkLib
[armeabi-v7a] Compile++      : reactnativejni <= JExecutorToken.cpp
[armeabi-v7a] Compile++      : reactnativejni <= JMessageQueueThread.cpp
make: /Users/vbauer/Library/Android/ndk/toolchains/arm-linux-androideabi-4.8/prebuilt/darwin-x86_64/bin/arm-linux-androideabi-g++: No such file or directory
[armeabi-v7a] Compile++      : reactnativejni <= JSCPerfLogging.cpp
make: /Users/vbauer/Library/Android/ndk/toolchains/arm-linux-androideabi-4.8/prebuilt/darwin-x86_64/bin/arm-linux-androideabi-g++: No such file or directory
make: /Users/vbauer/Library/Android/ndk/toolchains/arm-linux-androideabi-4.8/prebuilt/darwin-x86_64/bin/arm-linux-androideabi-g++: No such file or directory
make: *** [/private/var/folders/3k/mymj0cx15f9c3m0kv4gch66h0000gn/T/1468615655500-0/src/react-native-master/ReactAndroid/build/tmp/buildReactNdkLib/local/armeabi-v7a/objs/reactnativejni/JExecutorToken.o] Error 1
make: *** Waiting for unfinished jobs....
make: *** [/private/var/folders/3k/mymj0cx15f9c3m0kv4gch66h0000gn/T/1468615655500-0/src/react-native-master/ReactAndroid/build/tmp/buildReactNdkLib/local/armeabi-v7a/objs/reactnativejni/JSCPerfLogging.o] Error 1
make: *** [/private/var/folders/3k/mymj0cx15f9c3m0kv4gch66h0000gn/T/1468615655500-0/src/react-native-master/ReactAndroid/build/tmp/buildReactNdkLib/local/armeabi-v7a/objs/reactnativejni/JMessageQueueThread.o] Error 1
:ReactAndroid:buildReactNdkLib FAILED

FAILURE: Build failed with an exception.

* What went wrong:
Execution failed for task ':ReactAndroid:buildReactNdkLib'.
> Process 'command '/Users/vbauer/Library/Android/ndk/ndk-build'' finished with non-zero exit value 2

* Try:
Run with --info or --debug option to get more log output.

* Exception is:
org.gradle.api.tasks.TaskExecutionException: Execution failed for task ':ReactAndroid:buildReactNdkLib'.
	at org.gradle.api.internal.tasks.execution.ExecuteActionsTaskExecuter.executeActions(ExecuteActionsTaskExecuter.java:69)
	at org.gradle.api.internal.tasks.execution.ExecuteActionsTaskExecuter.execute(ExecuteActionsTaskExecuter.java:46)
	at org.gradle.api.internal.tasks.execution.PostExecutionAnalysisTaskExecuter.execute(PostExecutionAnalysisTaskExecuter.java:35)
	at org.gradle.api.internal.tasks.execution.SkipUpToDateTaskExecuter.execute(SkipUpToDateTaskExecuter.java:64)
	at org.gradle.api.internal.tasks.execution.ValidatingTaskExecuter.execute(ValidatingTaskExecuter.java:58)
	at org.gradle.api.internal.tasks.execution.SkipEmptySourceFilesTaskExecuter.execute(SkipEmptySourceFilesTaskExecuter.java:52)
	at org.gradle.api.internal.tasks.execution.SkipTaskWithNoActionsExecuter.execute(SkipTaskWithNoActionsExecuter.java:52)
	at org.gradle.api.internal.tasks.execution.SkipOnlyIfTaskExecuter.execute(SkipOnlyIfTaskExecuter.java:53)
	at org.gradle.api.internal.tasks.execution.ExecuteAtMostOnceTaskExecuter.execute(ExecuteAtMostOnceTaskExecuter.java:43)
	at org.gradle.execution.taskgraph.DefaultTaskGraphExecuter$EventFiringTaskWorker.execute(DefaultTaskGraphExecuter.java:203)
	at org.gradle.execution.taskgraph.DefaultTaskGraphExecuter$EventFiringTaskWorker.execute(DefaultTaskGraphExecuter.java:185)
	at org.gradle.execution.taskgraph.AbstractTaskPlanExecutor$TaskExecutorWorker.processTask(AbstractTaskPlanExecutor.java:66)
	at org.gradle.execution.taskgraph.AbstractTaskPlanExecutor$TaskExecutorWorker.run(AbstractTaskPlanExecutor.java:50)
	at org.gradle.execution.taskgraph.DefaultTaskPlanExecutor.process(DefaultTaskPlanExecutor.java:25)
	at org.gradle.execution.taskgraph.DefaultTaskGraphExecuter.execute(DefaultTaskGraphExecuter.java:110)
	at org.gradle.execution.SelectedTaskExecutionAction.execute(SelectedTaskExecutionAction.java:37)
	at org.gradle.execution.DefaultBuildExecuter.execute(DefaultBuildExecuter.java:37)
	at org.gradle.execution.DefaultBuildExecuter.access$000(DefaultBuildExecuter.java:23)
	at org.gradle.execution.DefaultBuildExecuter$1.proceed(DefaultBuildExecuter.java:43)
	at org.gradle.execution.DryRunBuildExecutionAction.execute(DryRunBuildExecutionAction.java:32)
	at org.gradle.execution.DefaultBuildExecuter.execute(DefaultBuildExecuter.java:37)
	at org.gradle.execution.DefaultBuildExecuter.execute(DefaultBuildExecuter.java:30)
	at org.gradle.initialization.DefaultGradleLauncher$4.run(DefaultGradleLauncher.java:154)
	at org.gradle.internal.Factories$1.create(Factories.java:22)
	at org.gradle.internal.progress.DefaultBuildOperationExecutor.run(DefaultBuildOperationExecutor.java:90)
	at org.gradle.internal.progress.DefaultBuildOperationExecutor.run(DefaultBuildOperationExecutor.java:52)
	at org.gradle.initialization.DefaultGradleLauncher.doBuildStages(DefaultGradleLauncher.java:151)
	at org.gradle.initialization.DefaultGradleLauncher.access$200(DefaultGradleLauncher.java:32)
	at org.gradle.initialization.DefaultGradleLauncher$1.create(DefaultGradleLauncher.java:99)
	at org.gradle.initialization.DefaultGradleLauncher$1.create(DefaultGradleLauncher.java:93)
	at org.gradle.internal.progress.DefaultBuildOperationExecutor.run(DefaultBuildOperationExecutor.java:90)
	at org.gradle.internal.progress.DefaultBuildOperationExecutor.run(DefaultBuildOperationExecutor.java:62)
	at org.gradle.initialization.DefaultGradleLauncher.doBuild(DefaultGradleLauncher.java:93)
	at org.gradle.initialization.DefaultGradleLauncher.run(DefaultGradleLauncher.java:82)
	at org.gradle.launcher.exec.InProcessBuildActionExecuter$DefaultBuildController.run(InProcessBuildActionExecuter.java:94)
	at org.gradle.tooling.internal.provider.ExecuteBuildActionRunner.run(ExecuteBuildActionRunner.java:28)
	at org.gradle.launcher.exec.ChainingBuildActionRunner.run(ChainingBuildActionRunner.java:35)
	at org.gradle.launcher.exec.InProcessBuildActionExecuter.execute(InProcessBuildActionExecuter.java:43)
	at org.gradle.launcher.exec.InProcessBuildActionExecuter.execute(InProcessBuildActionExecuter.java:28)
	at org.gradle.launcher.exec.ContinuousBuildActionExecuter.execute(ContinuousBuildActionExecuter.java:75)
	at org.gradle.launcher.exec.ContinuousBuildActionExecuter.execute(ContinuousBuildActionExecuter.java:45)
	at org.gradle.launcher.exec.DaemonUsageSuggestingBuildActionExecuter.execute(DaemonUsageSuggestingBuildActionExecuter.java:51)
	at org.gradle.launcher.exec.DaemonUsageSuggestingBuildActionExecuter.execute(DaemonUsageSuggestingBuildActionExecuter.java:28)
	at org.gradle.launcher.cli.RunBuildAction.run(RunBuildAction.java:43)
	at org.gradle.internal.Actions$RunnableActionAdapter.execute(Actions.java:170)
	at org.gradle.launcher.cli.CommandLineActionFactory$ParseAndBuildAction.execute(CommandLineActionFactory.java:237)
	at org.gradle.launcher.cli.CommandLineActionFactory$ParseAndBuildAction.execute(CommandLineActionFactory.java:210)
	at org.gradle.launcher.cli.JavaRuntimeValidationAction.execute(JavaRuntimeValidationAction.java:35)
	at org.gradle.launcher.cli.JavaRuntimeValidationAction.execute(JavaRuntimeValidationAction.java:24)
	at org.gradle.launcher.cli.CommandLineActionFactory$WithLogging.execute(CommandLineActionFactory.java:206)
	at org.gradle.launcher.cli.CommandLineActionFactory$WithLogging.execute(CommandLineActionFactory.java:169)
	at org.gradle.launcher.cli.ExceptionReportingAction.execute(ExceptionReportingAction.java:33)
	at org.gradle.launcher.cli.ExceptionReportingAction.execute(ExceptionReportingAction.java:22)
	at org.gradle.launcher.Main.doAction(Main.java:33)
	at org.gradle.launcher.bootstrap.EntryPoint.run(EntryPoint.java:45)
	at org.gradle.launcher.bootstrap.ProcessBootstrap.runNoExit(ProcessBootstrap.java:54)
	at org.gradle.launcher.bootstrap.ProcessBootstrap.run(ProcessBootstrap.java:35)
	at org.gradle.launcher.GradleMain.main(GradleMain.java:23)
	at org.gradle.wrapper.BootstrapMainStarter.start(BootstrapMainStarter.java:30)
	at org.gradle.wrapper.WrapperExecutor.execute(WrapperExecutor.java:129)
	at org.gradle.wrapper.GradleWrapperMain.main(GradleWrapperMain.java:61)
Caused by: org.gradle.process.internal.ExecException: Process 'command '/Users/vbauer/Library/Android/ndk/ndk-build'' finished with non-zero exit value 2
	at org.gradle.process.internal.DefaultExecHandle$ExecResultImpl.assertNormalExitValue(DefaultExecHandle.java:367)
	at org.gradle.process.internal.DefaultExecAction.execute(DefaultExecAction.java:31)
	at org.gradle.api.tasks.AbstractExecTask.exec(AbstractExecTask.java:54)
	at org.gradle.internal.reflect.JavaMethod.invoke(JavaMethod.java:75)
	at org.gradle.api.internal.project.taskfactory.AnnotationProcessingTaskFactory$StandardTaskAction.doExecute(AnnotationProcessingTaskFactory.java:227)
	at org.gradle.api.internal.project.taskfactory.AnnotationProcessingTaskFactory$StandardTaskAction.execute(AnnotationProcessingTaskFactory.java:220)
	at org.gradle.api.internal.project.taskfactory.AnnotationProcessingTaskFactory$StandardTaskAction.execute(AnnotationProcessingTaskFactory.java:209)
	at org.gradle.api.internal.AbstractTask$TaskActionWrapper.execute(AbstractTask.java:585)
	at org.gradle.api.internal.AbstractTask$TaskActionWrapper.execute(AbstractTask.java:568)
	at org.gradle.api.internal.tasks.execution.ExecuteActionsTaskExecuter.executeAction(ExecuteActionsTaskExecuter.java:80)
	at org.gradle.api.internal.tasks.execution.ExecuteActionsTaskExecuter.executeActions(ExecuteActionsTaskExecuter.java:61)
	... 60 more


BUILD FAILED

Total time: 22.652 secs

2016-07-16 02:51:57,782 ERROR c.g.v.a.s.a.ProjectBuildService - Can not build project using script "/var/folders/3k/mymj0cx15f9c3m0kv4gch66h0000gn/T/1468615655500-0/src/react-native-master/ReactAndroid/build.gradle"
2016-07-16 02:51:58,427 INFO  c.g.v.a.s.a.ProjectTaskService - Detecting possible tasks...
2016-07-16 02:51:58,427 INFO  c.g.v.a.u.SysUtils - Execute command: [/var/folders/3k/mymj0cx15f9c3m0kv4gch66h0000gn/T/1468615655500-0/src/react-native-master/gradlew, -b, /var/folders/3k/mymj0cx15f9c3m0kv4gch66h0000gn/T/1468615655500-0/src/react-native-master/local-cli/generator-android/templates/src/app/build.gradle, tasks]
2016-07-16 02:52:06,941 ERROR c.g.v.a.s.a.ProjectTaskService - Could not detect possible Gradle tasks: Process exited with an error: 1 (Exit value: 1)
2016-07-16 02:52:06,942 INFO  c.g.v.a.s.a.ProjectTaskService - Detected possible tasks: 0
2016-07-16 02:52:06,942 INFO  c.g.v.a.s.a.ProjectTaskService - Excluded tasks: none
2016-07-16 02:52:06,943 INFO  c.g.v.a.u.SysUtils - Execute command: [/var/folders/3k/mymj0cx15f9c3m0kv4gch66h0000gn/T/1468615655500-0/src/react-native-master/gradlew, -b, /var/folders/3k/mymj0cx15f9c3m0kv4gch66h0000gn/T/1468615655500-0/src/react-native-master/local-cli/generator-android/templates/src/app/build.gradle, --stacktrace, build]
2016-07-16 02:52:14,917 INFO  c.g.v.a.s.a.ProjectBuildService - 
FAILURE: Build failed with an exception.

* Where:
Build file '/private/var/folders/3k/mymj0cx15f9c3m0kv4gch66h0000gn/T/1468615655500-0/src/react-native-master/local-cli/generator-android/templates/src/app/build.gradle' line: 1

* What went wrong:
A problem occurred evaluating project ':app'.
> Failed to apply plugin [id 'com.android.application']
   > Gradle version 2.2 is required. Current version is 2.11. If using the gradle wrapper, try editing the distributionUrl in /Users/vbauer/Documents/workspace/java/bloodhound/gradle/wrapper/gradle-wrapper.properties to gradle-2.2-all.zip

* Try:
Run with --info or --debug option to get more log output.

* Exception is:
org.gradle.api.GradleScriptException: A problem occurred evaluating project ':app'.
	at org.gradle.groovy.scripts.internal.DefaultScriptRunnerFactory$ScriptRunnerImpl.run(DefaultScriptRunnerFactory.java:93)
	at org.gradle.configuration.DefaultScriptPluginFactory$ScriptPluginImpl$2.run(DefaultScriptPluginFactory.java:150)
	at org.gradle.configuration.ProjectScriptTarget.addConfiguration(ProjectScriptTarget.java:72)
	at org.gradle.configuration.DefaultScriptPluginFactory$ScriptPluginImpl.apply(DefaultScriptPluginFactory.java:155)
	at org.gradle.configuration.project.BuildScriptProcessor.execute(BuildScriptProcessor.java:38)
	at org.gradle.configuration.project.BuildScriptProcessor.execute(BuildScriptProcessor.java:25)
	at org.gradle.configuration.project.ConfigureActionsProjectEvaluator.evaluate(ConfigureActionsProjectEvaluator.java:34)
	at org.gradle.configuration.project.LifecycleProjectEvaluator.evaluate(LifecycleProjectEvaluator.java:55)
	at org.gradle.api.internal.project.AbstractProject.evaluate(AbstractProject.java:521)
	at org.gradle.api.internal.project.AbstractProject.evaluate(AbstractProject.java:92)
	at org.gradle.execution.TaskPathProjectEvaluator.configureHierarchy(TaskPathProjectEvaluator.java:47)
	at org.gradle.configuration.DefaultBuildConfigurer.configure(DefaultBuildConfigurer.java:35)
	at org.gradle.initialization.DefaultGradleLauncher$2.run(DefaultGradleLauncher.java:125)
	at org.gradle.internal.Factories$1.create(Factories.java:22)
	at org.gradle.internal.progress.DefaultBuildOperationExecutor.run(DefaultBuildOperationExecutor.java:90)
	at org.gradle.internal.progress.DefaultBuildOperationExecutor.run(DefaultBuildOperationExecutor.java:52)
	at org.gradle.initialization.DefaultGradleLauncher.doBuildStages(DefaultGradleLauncher.java:122)
	at org.gradle.initialization.DefaultGradleLauncher.access$200(DefaultGradleLauncher.java:32)
	at org.gradle.initialization.DefaultGradleLauncher$1.create(DefaultGradleLauncher.java:99)
	at org.gradle.initialization.DefaultGradleLauncher$1.create(DefaultGradleLauncher.java:93)
	at org.gradle.internal.progress.DefaultBuildOperationExecutor.run(DefaultBuildOperationExecutor.java:90)
	at org.gradle.internal.progress.DefaultBuildOperationExecutor.run(DefaultBuildOperationExecutor.java:62)
	at org.gradle.initialization.DefaultGradleLauncher.doBuild(DefaultGradleLauncher.java:93)
	at org.gradle.initialization.DefaultGradleLauncher.run(DefaultGradleLauncher.java:82)
	at org.gradle.launcher.exec.InProcessBuildActionExecuter$DefaultBuildController.run(InProcessBuildActionExecuter.java:94)
	at org.gradle.tooling.internal.provider.ExecuteBuildActionRunner.run(ExecuteBuildActionRunner.java:28)
	at org.gradle.launcher.exec.ChainingBuildActionRunner.run(ChainingBuildActionRunner.java:35)
	at org.gradle.launcher.exec.InProcessBuildActionExecuter.execute(InProcessBuildActionExecuter.java:43)
	at org.gradle.launcher.exec.InProcessBuildActionExecuter.execute(InProcessBuildActionExecuter.java:28)
	at org.gradle.launcher.exec.ContinuousBuildActionExecuter.execute(ContinuousBuildActionExecuter.java:75)
	at org.gradle.launcher.exec.ContinuousBuildActionExecuter.execute(ContinuousBuildActionExecuter.java:45)
	at org.gradle.launcher.exec.DaemonUsageSuggestingBuildActionExecuter.execute(DaemonUsageSuggestingBuildActionExecuter.java:51)
	at org.gradle.launcher.exec.DaemonUsageSuggestingBuildActionExecuter.execute(DaemonUsageSuggestingBuildActionExecuter.java:28)
	at org.gradle.launcher.cli.RunBuildAction.run(RunBuildAction.java:43)
	at org.gradle.internal.Actions$RunnableActionAdapter.execute(Actions.java:170)
	at org.gradle.launcher.cli.CommandLineActionFactory$ParseAndBuildAction.execute(CommandLineActionFactory.java:237)
	at org.gradle.launcher.cli.CommandLineActionFactory$ParseAndBuildAction.execute(CommandLineActionFactory.java:210)
	at org.gradle.launcher.cli.JavaRuntimeValidationAction.execute(JavaRuntimeValidationAction.java:35)
	at org.gradle.launcher.cli.JavaRuntimeValidationAction.execute(JavaRuntimeValidationAction.java:24)
	at org.gradle.launcher.cli.CommandLineActionFactory$WithLogging.execute(CommandLineActionFactory.java:206)
	at org.gradle.launcher.cli.CommandLineActionFactory$WithLogging.execute(CommandLineActionFactory.java:169)
	at org.gradle.launcher.cli.ExceptionReportingAction.execute(ExceptionReportingAction.java:33)
	at org.gradle.launcher.cli.ExceptionReportingAction.execute(ExceptionReportingAction.java:22)
	at org.gradle.launcher.Main.doAction(Main.java:33)
	at org.gradle.launcher.bootstrap.EntryPoint.run(EntryPoint.java:45)
	at org.gradle.launcher.bootstrap.ProcessBootstrap.runNoExit(ProcessBootstrap.java:54)
	at org.gradle.launcher.bootstrap.ProcessBootstrap.run(ProcessBootstrap.java:35)
	at org.gradle.launcher.GradleMain.main(GradleMain.java:23)
	at org.gradle.wrapper.BootstrapMainStarter.start(BootstrapMainStarter.java:30)
	at org.gradle.wrapper.WrapperExecutor.execute(WrapperExecutor.java:129)
	at org.gradle.wrapper.GradleWrapperMain.main(GradleWrapperMain.java:61)
Caused by: org.gradle.api.internal.plugins.PluginApplicationException: Failed to apply plugin [id 'com.android.application']
	at org.gradle.api.internal.plugins.DefaultPluginManager.doApply(DefaultPluginManager.java:153)
	at org.gradle.api.internal.plugins.DefaultPluginManager.apply(DefaultPluginManager.java:112)
	at org.gradle.api.internal.plugins.DefaultObjectConfigurationAction.applyType(DefaultObjectConfigurationAction.java:112)
	at org.gradle.api.internal.plugins.DefaultObjectConfigurationAction.access$200(DefaultObjectConfigurationAction.java:35)
	at org.gradle.api.internal.plugins.DefaultObjectConfigurationAction$3.run(DefaultObjectConfigurationAction.java:79)
	at org.gradle.api.internal.plugins.DefaultObjectConfigurationAction.execute(DefaultObjectConfigurationAction.java:135)
	at org.gradle.api.internal.project.AbstractPluginAware.apply(AbstractPluginAware.java:46)
	at org.gradle.api.plugins.PluginAware$apply.call(Unknown Source)
	at org.gradle.api.internal.project.ProjectScript.apply(ProjectScript.groovy:35)
	at org.gradle.api.Script$apply$0.callCurrent(Unknown Source)
	at build_bq94a3qz6svl3hnwex8yukdmy.run(/private/var/folders/3k/mymj0cx15f9c3m0kv4gch66h0000gn/T/1468615655500-0/src/react-native-master/local-cli/generator-android/templates/src/app/build.gradle:1)
	at org.gradle.groovy.scripts.internal.DefaultScriptRunnerFactory$ScriptRunnerImpl.run(DefaultScriptRunnerFactory.java:91)
	... 50 more
Caused by: org.gradle.tooling.BuildException: Gradle version 2.2 is required. Current version is 2.11. If using the gradle wrapper, try editing the distributionUrl in /Users/vbauer/Documents/workspace/java/bloodhound/gradle/wrapper/gradle-wrapper.properties to gradle-2.2-all.zip
	at com.android.build.gradle.BasePlugin.checkGradleVersion(BasePlugin.groovy:436)
	at com.android.build.gradle.BasePlugin.configureProject(BasePlugin.groovy:265)
	at com.android.build.gradle.BasePlugin$_apply_closure1.doCall(BasePlugin.groovy:252)
	at com.android.build.gradle.BasePlugin$_apply_closure1.doCall(BasePlugin.groovy)
	at com.android.build.gradle.internal.profile.SpanRecorders$2.call(SpanRecorders.groovy:52)
	at com.android.builder.profile.ThreadRecorder$1.record(ThreadRecorder.java:48)
	at com.android.build.gradle.internal.profile.SpanRecorders.record(SpanRecorders.groovy:54)
	at com.android.build.gradle.BasePlugin.apply(BasePlugin.groovy:251)
	at com.android.build.gradle.AppPlugin.super$2$apply(AppPlugin.groovy)
	at com.android.build.gradle.AppPlugin.apply(AppPlugin.groovy:66)
	at com.android.build.gradle.AppPlugin.apply(AppPlugin.groovy)
	at org.gradle.api.internal.plugins.ImperativeOnlyPluginApplicator.applyImperative(ImperativeOnlyPluginApplicator.java:35)
	at org.gradle.api.internal.plugins.RuleBasedPluginApplicator.applyImperative(RuleBasedPluginApplicator.java:43)
	at org.gradle.api.internal.plugins.DefaultPluginManager.doApply(DefaultPluginManager.java:137)
	... 61 more


BUILD FAILED

Total time: 7.44 secs

2016-07-16 02:52:14,918 ERROR c.g.v.a.s.a.ProjectBuildService - Can not build project using script "/var/folders/3k/mymj0cx15f9c3m0kv4gch66h0000gn/T/1468615655500-0/src/react-native-master/local-cli/generator-android/templates/src/app/build.gradle"
2016-07-16 02:52:15,353 INFO  c.g.v.a.s.a.ProjectTaskService - Detecting possible tasks...
2016-07-16 02:52:15,354 INFO  c.g.v.a.u.SysUtils - Execute command: [/var/folders/3k/mymj0cx15f9c3m0kv4gch66h0000gn/T/1468615655500-0/src/react-native-master/gradlew, -b, /var/folders/3k/mymj0cx15f9c3m0kv4gch66h0000gn/T/1468615655500-0/src/react-native-master/local-cli/generator-android/templates/src/build.gradle, tasks]
2016-07-16 02:52:22,384 ERROR c.g.v.a.s.a.ProjectTaskService - Could not detect possible Gradle tasks: Process exited with an error: 1 (Exit value: 1)
2016-07-16 02:52:22,384 INFO  c.g.v.a.s.a.ProjectTaskService - Detected possible tasks: 0
2016-07-16 02:52:22,384 INFO  c.g.v.a.s.a.ProjectTaskService - Excluded tasks: none
2016-07-16 02:52:22,384 INFO  c.g.v.a.u.SysUtils - Execute command: [/var/folders/3k/mymj0cx15f9c3m0kv4gch66h0000gn/T/1468615655500-0/src/react-native-master/gradlew, -b, /var/folders/3k/mymj0cx15f9c3m0kv4gch66h0000gn/T/1468615655500-0/src/react-native-master/local-cli/generator-android/templates/src/build.gradle, --stacktrace, build]
2016-07-16 02:52:28,469 INFO  c.g.v.a.s.a.ProjectBuildService - 
FAILURE: Build failed with an exception.

* Where:
Build file '/private/var/folders/3k/mymj0cx15f9c3m0kv4gch66h0000gn/T/1468615655500-0/src/react-native-master/local-cli/generator-android/templates/src/app/build.gradle' line: 1

* What went wrong:
A problem occurred evaluating project ':app'.
> Failed to apply plugin [id 'com.android.application']
   > Gradle version 2.2 is required. Current version is 2.11. If using the gradle wrapper, try editing the distributionUrl in /Users/vbauer/Documents/workspace/java/bloodhound/gradle/wrapper/gradle-wrapper.properties to gradle-2.2-all.zip

* Try:
Run with --info or --debug option to get more log output.

* Exception is:
org.gradle.api.GradleScriptException: A problem occurred evaluating project ':app'.
	at org.gradle.groovy.scripts.internal.DefaultScriptRunnerFactory$ScriptRunnerImpl.run(DefaultScriptRunnerFactory.java:93)
	at org.gradle.configuration.DefaultScriptPluginFactory$ScriptPluginImpl$2.run(DefaultScriptPluginFactory.java:150)
	at org.gradle.configuration.ProjectScriptTarget.addConfiguration(ProjectScriptTarget.java:72)
	at org.gradle.configuration.DefaultScriptPluginFactory$ScriptPluginImpl.apply(DefaultScriptPluginFactory.java:155)
	at org.gradle.configuration.project.BuildScriptProcessor.execute(BuildScriptProcessor.java:38)
	at org.gradle.configuration.project.BuildScriptProcessor.execute(BuildScriptProcessor.java:25)
	at org.gradle.configuration.project.ConfigureActionsProjectEvaluator.evaluate(ConfigureActionsProjectEvaluator.java:34)
	at org.gradle.configuration.project.LifecycleProjectEvaluator.evaluate(LifecycleProjectEvaluator.java:55)
	at org.gradle.api.internal.project.AbstractProject.evaluate(AbstractProject.java:521)
	at org.gradle.api.internal.project.AbstractProject.evaluate(AbstractProject.java:92)
	at org.gradle.execution.TaskPathProjectEvaluator.configureHierarchy(TaskPathProjectEvaluator.java:47)
	at org.gradle.configuration.DefaultBuildConfigurer.configure(DefaultBuildConfigurer.java:35)
	at org.gradle.initialization.DefaultGradleLauncher$2.run(DefaultGradleLauncher.java:125)
	at org.gradle.internal.Factories$1.create(Factories.java:22)
	at org.gradle.internal.progress.DefaultBuildOperationExecutor.run(DefaultBuildOperationExecutor.java:90)
	at org.gradle.internal.progress.DefaultBuildOperationExecutor.run(DefaultBuildOperationExecutor.java:52)
	at org.gradle.initialization.DefaultGradleLauncher.doBuildStages(DefaultGradleLauncher.java:122)
	at org.gradle.initialization.DefaultGradleLauncher.access$200(DefaultGradleLauncher.java:32)
	at org.gradle.initialization.DefaultGradleLauncher$1.create(DefaultGradleLauncher.java:99)
	at org.gradle.initialization.DefaultGradleLauncher$1.create(DefaultGradleLauncher.java:93)
	at org.gradle.internal.progress.DefaultBuildOperationExecutor.run(DefaultBuildOperationExecutor.java:90)
	at org.gradle.internal.progress.DefaultBuildOperationExecutor.run(DefaultBuildOperationExecutor.java:62)
	at org.gradle.initialization.DefaultGradleLauncher.doBuild(DefaultGradleLauncher.java:93)
	at org.gradle.initialization.DefaultGradleLauncher.run(DefaultGradleLauncher.java:82)
	at org.gradle.launcher.exec.InProcessBuildActionExecuter$DefaultBuildController.run(InProcessBuildActionExecuter.java:94)
	at org.gradle.tooling.internal.provider.ExecuteBuildActionRunner.run(ExecuteBuildActionRunner.java:28)
	at org.gradle.launcher.exec.ChainingBuildActionRunner.run(ChainingBuildActionRunner.java:35)
	at org.gradle.launcher.exec.InProcessBuildActionExecuter.execute(InProcessBuildActionExecuter.java:43)
	at org.gradle.launcher.exec.InProcessBuildActionExecuter.execute(InProcessBuildActionExecuter.java:28)
	at org.gradle.launcher.exec.ContinuousBuildActionExecuter.execute(ContinuousBuildActionExecuter.java:75)
	at org.gradle.launcher.exec.ContinuousBuildActionExecuter.execute(ContinuousBuildActionExecuter.java:45)
	at org.gradle.launcher.exec.DaemonUsageSuggestingBuildActionExecuter.execute(DaemonUsageSuggestingBuildActionExecuter.java:51)
	at org.gradle.launcher.exec.DaemonUsageSuggestingBuildActionExecuter.execute(DaemonUsageSuggestingBuildActionExecuter.java:28)
	at org.gradle.launcher.cli.RunBuildAction.run(RunBuildAction.java:43)
	at org.gradle.internal.Actions$RunnableActionAdapter.execute(Actions.java:170)
	at org.gradle.launcher.cli.CommandLineActionFactory$ParseAndBuildAction.execute(CommandLineActionFactory.java:237)
	at org.gradle.launcher.cli.CommandLineActionFactory$ParseAndBuildAction.execute(CommandLineActionFactory.java:210)
	at org.gradle.launcher.cli.JavaRuntimeValidationAction.execute(JavaRuntimeValidationAction.java:35)
	at org.gradle.launcher.cli.JavaRuntimeValidationAction.execute(JavaRuntimeValidationAction.java:24)
	at org.gradle.launcher.cli.CommandLineActionFactory$WithLogging.execute(CommandLineActionFactory.java:206)
	at org.gradle.launcher.cli.CommandLineActionFactory$WithLogging.execute(CommandLineActionFactory.java:169)
	at org.gradle.launcher.cli.ExceptionReportingAction.execute(ExceptionReportingAction.java:33)
	at org.gradle.launcher.cli.ExceptionReportingAction.execute(ExceptionReportingAction.java:22)
	at org.gradle.launcher.Main.doAction(Main.java:33)
	at org.gradle.launcher.bootstrap.EntryPoint.run(EntryPoint.java:45)
	at org.gradle.launcher.bootstrap.ProcessBootstrap.runNoExit(ProcessBootstrap.java:54)
	at org.gradle.launcher.bootstrap.ProcessBootstrap.run(ProcessBootstrap.java:35)
	at org.gradle.launcher.GradleMain.main(GradleMain.java:23)
	at org.gradle.wrapper.BootstrapMainStarter.start(BootstrapMainStarter.java:30)
	at org.gradle.wrapper.WrapperExecutor.execute(WrapperExecutor.java:129)
	at org.gradle.wrapper.GradleWrapperMain.main(GradleWrapperMain.java:61)
Caused by: org.gradle.api.internal.plugins.PluginApplicationException: Failed to apply plugin [id 'com.android.application']
	at org.gradle.api.internal.plugins.DefaultPluginManager.doApply(DefaultPluginManager.java:153)
	at org.gradle.api.internal.plugins.DefaultPluginManager.apply(DefaultPluginManager.java:112)
	at org.gradle.api.internal.plugins.DefaultObjectConfigurationAction.applyType(DefaultObjectConfigurationAction.java:112)
	at org.gradle.api.internal.plugins.DefaultObjectConfigurationAction.access$200(DefaultObjectConfigurationAction.java:35)
	at org.gradle.api.internal.plugins.DefaultObjectConfigurationAction$3.run(DefaultObjectConfigurationAction.java:79)
	at org.gradle.api.internal.plugins.DefaultObjectConfigurationAction.execute(DefaultObjectConfigurationAction.java:135)
	at org.gradle.api.internal.project.AbstractPluginAware.apply(AbstractPluginAware.java:46)
	at org.gradle.api.plugins.PluginAware$apply.call(Unknown Source)
	at org.gradle.api.internal.project.ProjectScript.apply(ProjectScript.groovy:35)
	at org.gradle.api.Script$apply$0.callCurrent(Unknown Source)
	at build_bq94a3qz6svl3hnwex8yukdmy.run(/private/var/folders/3k/mymj0cx15f9c3m0kv4gch66h0000gn/T/1468615655500-0/src/react-native-master/local-cli/generator-android/templates/src/app/build.gradle:1)
	at org.gradle.groovy.scripts.internal.DefaultScriptRunnerFactory$ScriptRunnerImpl.run(DefaultScriptRunnerFactory.java:91)
	... 50 more
Caused by: org.gradle.tooling.BuildException: Gradle version 2.2 is required. Current version is 2.11. If using the gradle wrapper, try editing the distributionUrl in /Users/vbauer/Documents/workspace/java/bloodhound/gradle/wrapper/gradle-wrapper.properties to gradle-2.2-all.zip
	at com.android.build.gradle.BasePlugin.checkGradleVersion(BasePlugin.groovy:436)
	at com.android.build.gradle.BasePlugin.configureProject(BasePlugin.groovy:265)
	at com.android.build.gradle.BasePlugin$_apply_closure1.doCall(BasePlugin.groovy:252)
	at com.android.build.gradle.BasePlugin$_apply_closure1.doCall(BasePlugin.groovy)
	at com.android.build.gradle.internal.profile.SpanRecorders$2.call(SpanRecorders.groovy:52)
	at com.android.builder.profile.ThreadRecorder$1.record(ThreadRecorder.java:48)
	at com.android.build.gradle.internal.profile.SpanRecorders.record(SpanRecorders.groovy:54)
	at com.android.build.gradle.BasePlugin.apply(BasePlugin.groovy:251)
	at com.android.build.gradle.AppPlugin.super$2$apply(AppPlugin.groovy)
	at com.android.build.gradle.AppPlugin.apply(AppPlugin.groovy:66)
	at com.android.build.gradle.AppPlugin.apply(AppPlugin.groovy)
	at org.gradle.api.internal.plugins.ImperativeOnlyPluginApplicator.applyImperative(ImperativeOnlyPluginApplicator.java:35)
	at org.gradle.api.internal.plugins.RuleBasedPluginApplicator.applyImperative(RuleBasedPluginApplicator.java:43)
	at org.gradle.api.internal.plugins.DefaultPluginManager.doApply(DefaultPluginManager.java:137)
	... 61 more


BUILD FAILED

Total time: 5.57 secs

2016-07-16 02:52:28,470 ERROR c.g.v.a.s.a.ProjectBuildService - Can not build project using script "/var/folders/3k/mymj0cx15f9c3m0kv4gch66h0000gn/T/1468615655500-0/src/react-native-master/local-cli/generator-android/templates/src/build.gradle"
2016-07-16 02:52:28,755 INFO  c.g.v.a.s.a.ProjectTaskService - Detecting possible tasks...
2016-07-16 02:52:28,755 INFO  c.g.v.a.u.SysUtils - Execute command: [/var/folders/3k/mymj0cx15f9c3m0kv4gch66h0000gn/T/1468615655500-0/src/react-native-master/gradlew, -b, /var/folders/3k/mymj0cx15f9c3m0kv4gch66h0000gn/T/1468615655500-0/src/react-native-master/local-cli/rnpm/link/test/fixtures/android/build.gradle, tasks]
2016-07-16 02:52:33,714 ERROR c.g.v.a.s.a.ProjectTaskService - Could not detect possible Gradle tasks: Process exited with an error: 1 (Exit value: 1)
2016-07-16 02:52:33,715 INFO  c.g.v.a.s.a.ProjectTaskService - Detected possible tasks: 0
2016-07-16 02:52:33,715 INFO  c.g.v.a.s.a.ProjectTaskService - Excluded tasks: none
2016-07-16 02:52:33,715 INFO  c.g.v.a.u.SysUtils - Execute command: [/var/folders/3k/mymj0cx15f9c3m0kv4gch66h0000gn/T/1468615655500-0/src/react-native-master/gradlew, -b, /var/folders/3k/mymj0cx15f9c3m0kv4gch66h0000gn/T/1468615655500-0/src/react-native-master/local-cli/rnpm/link/test/fixtures/android/build.gradle, --stacktrace, build]
2016-07-16 02:52:38,247 INFO  c.g.v.a.s.a.ProjectBuildService - 
FAILURE: Build failed with an exception.

* Where:
Build file '/private/var/folders/3k/mymj0cx15f9c3m0kv4gch66h0000gn/T/1468615655500-0/src/react-native-master/local-cli/rnpm/link/test/fixtures/android/build.gradle' line: 2

* What went wrong:
A problem occurred evaluating root project 'TestRN'.
> Could not find method compile() for arguments [directory 'libs'] on root project 'TestRN'.

* Try:
Run with --info or --debug option to get more log output.

* Exception is:
org.gradle.api.GradleScriptException: A problem occurred evaluating root project 'TestRN'.
	at org.gradle.groovy.scripts.internal.DefaultScriptRunnerFactory$ScriptRunnerImpl.run(DefaultScriptRunnerFactory.java:93)
	at org.gradle.configuration.DefaultScriptPluginFactory$ScriptPluginImpl$2.run(DefaultScriptPluginFactory.java:150)
	at org.gradle.configuration.ProjectScriptTarget.addConfiguration(ProjectScriptTarget.java:72)
	at org.gradle.configuration.DefaultScriptPluginFactory$ScriptPluginImpl.apply(DefaultScriptPluginFactory.java:155)
	at org.gradle.configuration.project.BuildScriptProcessor.execute(BuildScriptProcessor.java:38)
	at org.gradle.configuration.project.BuildScriptProcessor.execute(BuildScriptProcessor.java:25)
	at org.gradle.configuration.project.ConfigureActionsProjectEvaluator.evaluate(ConfigureActionsProjectEvaluator.java:34)
	at org.gradle.configuration.project.LifecycleProjectEvaluator.evaluate(LifecycleProjectEvaluator.java:55)
	at org.gradle.api.internal.project.AbstractProject.evaluate(AbstractProject.java:521)
	at org.gradle.api.internal.project.AbstractProject.evaluate(AbstractProject.java:92)
	at org.gradle.execution.TaskPathProjectEvaluator.configureHierarchy(TaskPathProjectEvaluator.java:42)
	at org.gradle.configuration.DefaultBuildConfigurer.configure(DefaultBuildConfigurer.java:35)
	at org.gradle.initialization.DefaultGradleLauncher$2.run(DefaultGradleLauncher.java:125)
	at org.gradle.internal.Factories$1.create(Factories.java:22)
	at org.gradle.internal.progress.DefaultBuildOperationExecutor.run(DefaultBuildOperationExecutor.java:90)
	at org.gradle.internal.progress.DefaultBuildOperationExecutor.run(DefaultBuildOperationExecutor.java:52)
	at org.gradle.initialization.DefaultGradleLauncher.doBuildStages(DefaultGradleLauncher.java:122)
	at org.gradle.initialization.DefaultGradleLauncher.access$200(DefaultGradleLauncher.java:32)
	at org.gradle.initialization.DefaultGradleLauncher$1.create(DefaultGradleLauncher.java:99)
	at org.gradle.initialization.DefaultGradleLauncher$1.create(DefaultGradleLauncher.java:93)
	at org.gradle.internal.progress.DefaultBuildOperationExecutor.run(DefaultBuildOperationExecutor.java:90)
	at org.gradle.internal.progress.DefaultBuildOperationExecutor.run(DefaultBuildOperationExecutor.java:62)
	at org.gradle.initialization.DefaultGradleLauncher.doBuild(DefaultGradleLauncher.java:93)
	at org.gradle.initialization.DefaultGradleLauncher.run(DefaultGradleLauncher.java:82)
	at org.gradle.launcher.exec.InProcessBuildActionExecuter$DefaultBuildController.run(InProcessBuildActionExecuter.java:94)
	at org.gradle.tooling.internal.provider.ExecuteBuildActionRunner.run(ExecuteBuildActionRunner.java:28)
	at org.gradle.launcher.exec.ChainingBuildActionRunner.run(ChainingBuildActionRunner.java:35)
	at org.gradle.launcher.exec.InProcessBuildActionExecuter.execute(InProcessBuildActionExecuter.java:43)
	at org.gradle.launcher.exec.InProcessBuildActionExecuter.execute(InProcessBuildActionExecuter.java:28)
	at org.gradle.launcher.exec.ContinuousBuildActionExecuter.execute(ContinuousBuildActionExecuter.java:75)
	at org.gradle.launcher.exec.ContinuousBuildActionExecuter.execute(ContinuousBuildActionExecuter.java:45)
	at org.gradle.launcher.exec.DaemonUsageSuggestingBuildActionExecuter.execute(DaemonUsageSuggestingBuildActionExecuter.java:51)
	at org.gradle.launcher.exec.DaemonUsageSuggestingBuildActionExecuter.execute(DaemonUsageSuggestingBuildActionExecuter.java:28)
	at org.gradle.launcher.cli.RunBuildAction.run(RunBuildAction.java:43)
	at org.gradle.internal.Actions$RunnableActionAdapter.execute(Actions.java:170)
	at org.gradle.launcher.cli.CommandLineActionFactory$ParseAndBuildAction.execute(CommandLineActionFactory.java:237)
	at org.gradle.launcher.cli.CommandLineActionFactory$ParseAndBuildAction.execute(CommandLineActionFactory.java:210)
	at org.gradle.launcher.cli.JavaRuntimeValidationAction.execute(JavaRuntimeValidationAction.java:35)
	at org.gradle.launcher.cli.JavaRuntimeValidationAction.execute(JavaRuntimeValidationAction.java:24)
	at org.gradle.launcher.cli.CommandLineActionFactory$WithLogging.execute(CommandLineActionFactory.java:206)
	at org.gradle.launcher.cli.CommandLineActionFactory$WithLogging.execute(CommandLineActionFactory.java:169)
	at org.gradle.launcher.cli.ExceptionReportingAction.execute(ExceptionReportingAction.java:33)
	at org.gradle.launcher.cli.ExceptionReportingAction.execute(ExceptionReportingAction.java:22)
	at org.gradle.launcher.Main.doAction(Main.java:33)
	at org.gradle.launcher.bootstrap.EntryPoint.run(EntryPoint.java:45)
	at org.gradle.launcher.bootstrap.ProcessBootstrap.runNoExit(ProcessBootstrap.java:54)
	at org.gradle.launcher.bootstrap.ProcessBootstrap.run(ProcessBootstrap.java:35)
	at org.gradle.launcher.GradleMain.main(GradleMain.java:23)
	at org.gradle.wrapper.BootstrapMainStarter.start(BootstrapMainStarter.java:30)
	at org.gradle.wrapper.WrapperExecutor.execute(WrapperExecutor.java:129)
	at org.gradle.wrapper.GradleWrapperMain.main(GradleWrapperMain.java:61)
Caused by: org.gradle.api.internal.MissingMethodException: Could not find method compile() for arguments [directory 'libs'] on root project 'TestRN'.
	at org.gradle.api.internal.AbstractDynamicObject.methodMissingException(AbstractDynamicObject.java:68)
	at org.gradle.api.internal.AbstractDynamicObject.invokeMethod(AbstractDynamicObject.java:56)
	at org.gradle.api.internal.CompositeDynamicObject.invokeMethod(CompositeDynamicObject.java:175)
	at org.gradle.groovy.scripts.BasicScript.methodMissing(BasicScript.java:79)
	at build_91vp0x9qllrqrink8ygfc7azp$_run_closure1.doCall(/private/var/folders/3k/mymj0cx15f9c3m0kv4gch66h0000gn/T/1468615655500-0/src/react-native-master/local-cli/rnpm/link/test/fixtures/android/build.gradle:2)
	at org.gradle.api.internal.ClosureBackedAction.execute(ClosureBackedAction.java:67)
	at org.gradle.util.ConfigureUtil.configure(ConfigureUtil.java:130)
	at org.gradle.util.ConfigureUtil.configure(ConfigureUtil.java:91)
	at org.gradle.api.internal.project.AbstractProject.dependencies(AbstractProject.java:876)
	at org.gradle.api.internal.BeanDynamicObject$MetaClassAdapter.invokeMethod(BeanDynamicObject.java:236)
	at org.gradle.api.internal.BeanDynamicObject.invokeMethod(BeanDynamicObject.java:130)
	at org.gradle.api.internal.CompositeDynamicObject.invokeMethod(CompositeDynamicObject.java:150)
	at org.gradle.groovy.scripts.BasicScript.methodMissing(BasicScript.java:79)
	at build_91vp0x9qllrqrink8ygfc7azp.run(/private/var/folders/3k/mymj0cx15f9c3m0kv4gch66h0000gn/T/1468615655500-0/src/react-native-master/local-cli/rnpm/link/test/fixtures/android/build.gradle:1)
	at org.gradle.groovy.scripts.internal.DefaultScriptRunnerFactory$ScriptRunnerImpl.run(DefaultScriptRunnerFactory.java:91)
	... 50 more


BUILD FAILED

Total time: 4.322 secs

2016-07-16 02:52:38,248 ERROR c.g.v.a.s.a.ProjectBuildService - Can not build project using script "/var/folders/3k/mymj0cx15f9c3m0kv4gch66h0000gn/T/1468615655500-0/src/react-native-master/local-cli/rnpm/link/test/fixtures/android/build.gradle"
2016-07-16 02:52:38,690 ERROR c.g.v.a.s.FullProcessService - Project build has not produced APK file
2016-07-16 02:52:38,992 ERROR c.g.v.a.s.FullProcessService - Could not find generated or existed APK file
