2019-01-19 19:18:39,739 INFO  DownloadService - Downloading "https://github.com/dpreussler/clean-simple-calendar/archive/master.zip", attempt 3
2019-01-19 19:18:40,208 INFO  DownloadService - Downloaded https://github.com/dpreussler/clean-simple-calendar/archive/master.zip, attempt 3
2019-01-19 19:18:40,208 INFO  DownloadService - Size of file "/var/folders/bq/vtzpc5ns5sg2cthy61lqpg3dfzgbys/T/1547900319734-0/master.zip": 118 KB
2019-01-19 19:18:40,208 INFO  ArchiveUtils - Checking entries [.gradle] in ZIP file...
2019-01-19 19:18:40,210 INFO  ArchiveUtils - Has entries [.gradle] in ZIP file /var/folders/bq/vtzpc5ns5sg2cthy61lqpg3dfzgbys/T/1547900319734-0/master.zip: true
2019-01-19 19:18:40,210 DEBUG ZipUtil - Extracting '/var/folders/bq/vtzpc5ns5sg2cthy61lqpg3dfzgbys/T/1547900319734-0/master.zip' into '/var/folders/bq/vtzpc5ns5sg2cthy61lqpg3dfzgbys/T/1547900319734-0/src'.
2019-01-19 19:18:40,237 INFO  FullProcessService - Size of directory with sources: 163 KB
2019-01-19 19:18:40,237 INFO  SysUtils - Execute command: [git, init, /var/folders/bq/vtzpc5ns5sg2cthy61lqpg3dfzgbys/T/1547900319734-0/src]
2019-01-19 19:18:40,257 INFO  SysUtils - Initialized empty Git repository in /private/var/folders/bq/vtzpc5ns5sg2cthy61lqpg3dfzgbys/T/1547900319734-0/src/.git/

2019-01-19 19:18:40,261 INFO  ProjectBuildService - Gradle wrapper(s): /var/folders/bq/vtzpc5ns5sg2cthy61lqpg3dfzgbys/T/1547900319734-0/src/clean-simple-calendar-master/gradlew
2019-01-19 19:18:40,266 INFO  ProjectBuildService - Build script(s): /var/folders/bq/vtzpc5ns5sg2cthy61lqpg3dfzgbys/T/1547900319734-0/src/clean-simple-calendar-master/lib/build.gradle /var/folders/bq/vtzpc5ns5sg2cthy61lqpg3dfzgbys/T/1547900319734-0/src/clean-simple-calendar-master/simple_sample/build.gradle /var/folders/bq/vtzpc5ns5sg2cthy61lqpg3dfzgbys/T/1547900319734-0/src/clean-simple-calendar-master/styled_sample/build.gradle /var/folders/bq/vtzpc5ns5sg2cthy61lqpg3dfzgbys/T/1547900319734-0/src/clean-simple-calendar-master/build.gradle
2019-01-19 19:18:40,269 INFO  ProjectBuildService - All script(s): /var/folders/bq/vtzpc5ns5sg2cthy61lqpg3dfzgbys/T/1547900319734-0/src/clean-simple-calendar-master/styled_sample/build.gradle /var/folders/bq/vtzpc5ns5sg2cthy61lqpg3dfzgbys/T/1547900319734-0/src/clean-simple-calendar-master/simple_sample/build.gradle /var/folders/bq/vtzpc5ns5sg2cthy61lqpg3dfzgbys/T/1547900319734-0/src/clean-simple-calendar-master/build.gradle /var/folders/bq/vtzpc5ns5sg2cthy61lqpg3dfzgbys/T/1547900319734-0/src/clean-simple-calendar-master/lib/build.gradle /var/folders/bq/vtzpc5ns5sg2cthy61lqpg3dfzgbys/T/1547900319734-0/src/clean-simple-calendar-master/settings.gradle
2019-01-19 19:18:40,270 INFO  DownloadService - Downloading "https://raw.githubusercontent.com/shamanland/gradle-mvn-push/cc18d56549cdea03f744b6fff27911569394073e/gradle-mvn-push.gradle", attempt 3
2019-01-19 19:18:40,496 INFO  DownloadService - Downloaded https://raw.githubusercontent.com/shamanland/gradle-mvn-push/cc18d56549cdea03f744b6fff27911569394073e/gradle-mvn-push.gradle, attempt 3
2019-01-19 19:18:40,496 INFO  ProjectBuildService - Remote scripts: https://raw.githubusercontent.com/shamanland/gradle-mvn-push/cc18d56549cdea03f744b6fff27911569394073e/gradle-mvn-push.gradle
2019-01-19 19:18:40,496 INFO  ProjectFixService - Fixing project...
2019-01-19 19:18:40,510 INFO  LocalPropertiesFixService - Created fake /var/folders/bq/vtzpc5ns5sg2cthy61lqpg3dfzgbys/T/1547900319734-0/src/clean-simple-calendar-master/lib/local.properties
2019-01-19 19:18:40,510 INFO  ProjectFixService - Build info for "/var/folders/bq/vtzpc5ns5sg2cthy61lqpg3dfzgbys/T/1547900319734-0/src/clean-simple-calendar-master/lib/build.gradle": [buildToolsVersion=23.0.1,compileSdkVersion=23,minSdkVersion=14,targetSdkVersion=23]
2019-01-19 19:18:40,511 INFO  LocalPropertiesFixService - Created fake /var/folders/bq/vtzpc5ns5sg2cthy61lqpg3dfzgbys/T/1547900319734-0/src/clean-simple-calendar-master/simple_sample/local.properties
2019-01-19 19:18:40,511 INFO  ProjectFixService - Build info for "/var/folders/bq/vtzpc5ns5sg2cthy61lqpg3dfzgbys/T/1547900319734-0/src/clean-simple-calendar-master/simple_sample/build.gradle": [buildToolsVersion=23.0.1,compileSdkVersion=23,minSdkVersion=15,targetSdkVersion=23]
2019-01-19 19:18:40,512 INFO  LocalPropertiesFixService - Created fake /var/folders/bq/vtzpc5ns5sg2cthy61lqpg3dfzgbys/T/1547900319734-0/src/clean-simple-calendar-master/styled_sample/local.properties
2019-01-19 19:18:40,512 INFO  ProjectFixService - Build info for "/var/folders/bq/vtzpc5ns5sg2cthy61lqpg3dfzgbys/T/1547900319734-0/src/clean-simple-calendar-master/styled_sample/build.gradle": [buildToolsVersion=23.0.1,compileSdkVersion=23,minSdkVersion=15,targetSdkVersion=23]
2019-01-19 19:18:40,513 INFO  LocalPropertiesFixService - Created fake /var/folders/bq/vtzpc5ns5sg2cthy61lqpg3dfzgbys/T/1547900319734-0/src/clean-simple-calendar-master/local.properties
2019-01-19 19:18:40,513 INFO  WrapperPropertiesFixService - Gradle wrapper: https://services.gradle.org/distributions/gradle-2.4-all.zip
2019-01-19 19:18:40,514 INFO  WrapperPropertiesFixService - Gradle wrapper was changed from "-all.zip" to "-bin.zip" (https://services.gradle.org/distributions/gradle-2.4-bin.zip)
2019-01-19 19:18:40,515 INFO  ProjectFixService - Build info for "/var/folders/bq/vtzpc5ns5sg2cthy61lqpg3dfzgbys/T/1547900319734-0/src/clean-simple-calendar-master/build.gradle": [buildToolsVersion=23.0.1,compileSdkVersion=23,minSdkVersion=15,targetSdkVersion=23]
2019-01-19 19:18:40,515 INFO  ProjectFixService - Project was maybe fixed
2019-01-19 19:18:40,515 INFO  ProjectTaskService - Detecting possible tasks...
2019-01-19 19:18:40,515 INFO  SysUtils - Execute command: [/var/folders/bq/vtzpc5ns5sg2cthy61lqpg3dfzgbys/T/1547900319734-0/src/clean-simple-calendar-master/gradlew, -b, /var/folders/bq/vtzpc5ns5sg2cthy61lqpg3dfzgbys/T/1547900319734-0/src/clean-simple-calendar-master/lib/build.gradle, -Dorg.gradle.daemon=false, -Dorg.gradle.daemon.performance.enable-monitoring=false, -Dorg.gradle.configureondemand=true, tasks]
2019-01-19 19:19:08,356 ERROR ProjectTaskService - Could not detect possible Gradle tasks: Process exited with an error: 1 (Exit value: 1)
2019-01-19 19:19:08,356 INFO  ProjectTaskService - Detected possible tasks: 4
2019-01-19 19:19:08,356 INFO  ProjectTaskService - Excluded tasks (3): androidJavadocsJar androidJavadocs androidSourcesJar
2019-01-19 19:19:08,356 INFO  SysUtils - Execute command: [/var/folders/bq/vtzpc5ns5sg2cthy61lqpg3dfzgbys/T/1547900319734-0/src/clean-simple-calendar-master/gradlew, -b, /var/folders/bq/vtzpc5ns5sg2cthy61lqpg3dfzgbys/T/1547900319734-0/src/clean-simple-calendar-master/lib/build.gradle, -Dorg.gradle.daemon=false, -Dorg.gradle.daemon.performance.enable-monitoring=false, -Dorg.gradle.configureondemand=true, --stacktrace, -x, androidJavadocsJar, -x, androidJavadocs, -x, androidSourcesJar, build]
2019-01-19 19:19:33,856 INFO  SysUtils - Configuration on demand is an incubating feature.
:lib:compileLint
:lib:copyDebugLint UP-TO-DATE
:lib:preBuild UP-TO-DATE
:lib:preDebugBuild UP-TO-DATE
:lib:checkDebugManifest
:lib:preDebugAndroidTestBuild UP-TO-DATE
:lib:preDebugUnitTestBuild UP-TO-DATE
:lib:preReleaseBuild UP-TO-DATE
:lib:preReleaseUnitTestBuild UP-TO-DATE
:lib:prepareComAndroidSupportRecyclerviewV72321Library
:lib:prepareComAndroidSupportSupportV42321Library
:lib:prepareDebugDependencies
:lib:compileDebugAidl
:lib:compileDebugRenderscript
:lib:generateDebugBuildConfig
:lib:generateDebugAssets UP-TO-DATE
:lib:mergeDebugAssets
:lib:generateDebugResValues
:lib:generateDebugResources
:lib:mergeDebugResources
:lib:processDebugManifest
:lib:processDebugResources
:lib:generateDebugSources
:lib:processDebugJavaRes UP-TO-DATE
:lib:compileDebugJava
:lib:extractDebugAnnotations
:lib:mergeDebugProguardFiles
:lib:unzipJacocoAgent
:lib:instrumentDebug
Download https://jcenter.bintray.com/org/jacoco/org.jacoco.ant/0.7.4.201502262128/org.jacoco.ant-0.7.4.201502262128.pom
Download https://jcenter.bintray.com/org/jacoco/org.jacoco.ant/0.7.4.201502262128/org.jacoco.ant-0.7.4.201502262128.jar
:lib:packageDebugJar
:lib:compileDebugNdk UP-TO-DATE
:lib:packageDebugJniLibs UP-TO-DATE
:lib:packageDebugLocalJar
:lib:packageDebugRenderscript UP-TO-DATE
:lib:packageDebugResources
:lib:bundleDebug
:lib:compileDebugSources
:lib:assembleDebug
:lib:copyReleaseLint UP-TO-DATE
:lib:checkReleaseManifest
:lib:prepareReleaseDependencies
:lib:compileReleaseAidl
:lib:compileReleaseRenderscript
:lib:generateReleaseBuildConfig
:lib:generateReleaseAssets UP-TO-DATE
:lib:mergeReleaseAssets
:lib:generateReleaseResValues
:lib:generateReleaseResources
:lib:mergeReleaseResources
:lib:processReleaseManifest
:lib:processReleaseResources
:lib:generateReleaseSources
:lib:processReleaseJavaRes UP-TO-DATE
:lib:compileReleaseJava
:lib:extractReleaseAnnotations
:lib:mergeReleaseProguardFiles
:lib:packageReleaseJar
:lib:compileReleaseNdk UP-TO-DATE
:lib:packageReleaseJniLibs UP-TO-DATE
:lib:packageReleaseLocalJar UP-TO-DATE
:lib:packageReleaseRenderscript UP-TO-DATE
:lib:packageReleaseResources
:lib:bundleRelease
:lib:compileReleaseSources
:lib:assembleRelease
:lib:signArchives SKIPPED
:lib:assemble
:lib:lint
Ran lint on variant debug: 2 issues found
Ran lint on variant release: 2 issues found
Wrote HTML report to file:/private/var/folders/bq/vtzpc5ns5sg2cthy61lqpg3dfzgbys/T/1547900319734-0/src/clean-simple-calendar-master/lib/build/outputs/lint-results.html
Wrote XML report to /private/var/folders/bq/vtzpc5ns5sg2cthy61lqpg3dfzgbys/T/1547900319734-0/src/clean-simple-calendar-master/lib/build/outputs/lint-results.xml
:lib:preCompileDebugUnitTestJava
:lib:prepareDebugUnitTestDependencies
:lib:processDebugUnitTestJavaRes UP-TO-DATE
:lib:compileDebugUnitTestJavaNote: /private/var/folders/bq/vtzpc5ns5sg2cthy61lqpg3dfzgbys/T/1547900319734-0/src/clean-simple-calendar-master/lib/src/test/java/de/jodamob/android/calendar/CalenderWidgetTest.java uses unchecked or unsafe operations.
Note: Recompile with -Xlint:unchecked for details.

:lib:compileDebugUnitTestSources
:lib:mockableAndroidJar
:lib:assembleDebugUnitTest
:lib:testDebug
:lib:preCompileReleaseUnitTestJava
:lib:prepareReleaseUnitTestDependencies
:lib:processReleaseUnitTestJavaRes UP-TO-DATE
:lib:compileReleaseUnitTestJavaNote: /private/var/folders/bq/vtzpc5ns5sg2cthy61lqpg3dfzgbys/T/1547900319734-0/src/clean-simple-calendar-master/lib/src/test/java/de/jodamob/android/calendar/CalenderWidgetTest.java uses unchecked or unsafe operations.
Note: Recompile with -Xlint:unchecked for details.

:lib:compileReleaseUnitTestSources
:lib:assembleReleaseUnitTest
:lib:testRelease
:lib:test
:lib:check
:lib:build

BUILD SUCCESSFUL

Total time: 24.984 secs

2019-01-19 19:19:33,872 INFO  ProjectTaskService - Detecting possible tasks...
2019-01-19 19:19:33,872 INFO  SysUtils - Execute command: [/var/folders/bq/vtzpc5ns5sg2cthy61lqpg3dfzgbys/T/1547900319734-0/src/clean-simple-calendar-master/gradlew, -b, /var/folders/bq/vtzpc5ns5sg2cthy61lqpg3dfzgbys/T/1547900319734-0/src/clean-simple-calendar-master/simple_sample/build.gradle, -Dorg.gradle.daemon=false, -Dorg.gradle.daemon.performance.enable-monitoring=false, -Dorg.gradle.configureondemand=true, tasks]
2019-01-19 19:19:41,661 ERROR ProjectTaskService - Could not detect possible Gradle tasks: Process exited with an error: 1 (Exit value: 1)
2019-01-19 19:19:41,661 INFO  ProjectTaskService - Detected possible tasks: 4
2019-01-19 19:19:41,661 INFO  ProjectTaskService - Excluded tasks (3): androidJavadocsJar androidJavadocs androidSourcesJar
2019-01-19 19:19:41,661 INFO  SysUtils - Execute command: [/var/folders/bq/vtzpc5ns5sg2cthy61lqpg3dfzgbys/T/1547900319734-0/src/clean-simple-calendar-master/gradlew, -b, /var/folders/bq/vtzpc5ns5sg2cthy61lqpg3dfzgbys/T/1547900319734-0/src/clean-simple-calendar-master/simple_sample/build.gradle, -Dorg.gradle.daemon=false, -Dorg.gradle.daemon.performance.enable-monitoring=false, -Dorg.gradle.configureondemand=true, --stacktrace, -x, androidJavadocsJar, -x, androidJavadocs, -x, androidSourcesJar, build]
2019-01-19 19:19:48,887 ERROR SysUtils - Could not process external command
org.apache.commons.exec.ExecuteException: Process exited with an error: 1 (Exit value: 1)
	at org.apache.commons.exec.DefaultExecutor.executeInternal(DefaultExecutor.java:404)
	at org.apache.commons.exec.DefaultExecutor.execute(DefaultExecutor.java:166)
	at com.github.vbauer.apkmaster.util.SysUtils.execute(SysUtils.java:67)
	at com.github.vbauer.apkmaster.util.SysUtils.executeSimple(SysUtils.java:43)
	at com.github.vbauer.apkmaster.service.assembly.ProjectBuildService.buildProject(ProjectBuildService.java:78)
	at com.github.vbauer.apkmaster.service.assembly.ProjectBuildService.buildProject(ProjectBuildService.java:64)
	at com.github.vbauer.apkmaster.service.assembly.ProjectBuildService.buildProject(ProjectBuildService.java:43)
	at com.github.vbauer.apkmaster.service.FullProcessService.build(FullProcessService.java:84)
	at com.github.vbauer.apkmaster.service.FullProcessService.process(FullProcessService.java:34)
	at com.github.vbauer.apkmaster.app.MainApplication.process(MainApplication.java:38)
	at com.github.vbauer.apkmaster.app.MainApplication.main(MainApplication.java:20)
	at sun.reflect.NativeMethodAccessorImpl.invoke0(Native Method)
	at sun.reflect.NativeMethodAccessorImpl.invoke(NativeMethodAccessorImpl.java:62)
	at sun.reflect.DelegatingMethodAccessorImpl.invoke(DelegatingMethodAccessorImpl.java:43)
	at java.lang.reflect.Method.invoke(Method.java:498)
	at com.android.arsenal.util.ReflectionUtils.invoke(ReflectionUtils.java:52)
	at com.android.arsenal.util.ApkMasterUtils.main(ApkMasterUtils.java:30)
	at com.android.arsenal.service.processor.impl.BuildProcessorServiceImpl.buildProject(BuildProcessorServiceImpl.java:196)
	at com.android.arsenal.service.processor.impl.BuildProcessorServiceImpl.build(BuildProcessorServiceImpl.java:130)
	at com.android.arsenal.service.processor.impl.BuildProcessorServiceImpl.lambda$createTasks$1(BuildProcessorServiceImpl.java:113)
	at java.util.concurrent.FutureTask.run(FutureTask.java:266)
	at java.util.concurrent.Executors$RunnableAdapter.call(Executors.java:511)
	at java.util.concurrent.FutureTask.run(FutureTask.java:266)
	at java.util.concurrent.ThreadPoolExecutor.runWorker(ThreadPoolExecutor.java:1149)
	at java.util.concurrent.ThreadPoolExecutor$Worker.run(ThreadPoolExecutor.java:624)
	at java.lang.Thread.run(Thread.java:748)
2019-01-19 19:19:48,888 INFO  SysUtils - Configuration on demand is an incubating feature.

FAILURE: Build failed with an exception.

* What went wrong:
Task 'androidJavadocsJar' not found in project ':simple_sample'.

* Try:
Run gradlew tasks to get a list of available tasks. Run with --info or --debug option to get more log output.

* Exception is:
org.gradle.execution.TaskSelectionException: Task 'androidJavadocsJar' not found in project ':simple_sample'.
	at org.gradle.execution.TaskSelector.getSelection(TaskSelector.java:100)
	at org.gradle.execution.TaskSelector.getFilter(TaskSelector.java:63)
	at org.gradle.execution.ExcludedTaskFilteringBuildConfigurationAction.configure(ExcludedTaskFilteringBuildConfigurationAction.java:42)
	at org.gradle.execution.DefaultBuildExecuter.configure(DefaultBuildExecuter.java:42)
	at org.gradle.execution.DefaultBuildExecuter.access$100(DefaultBuildExecuter.java:23)
	at org.gradle.execution.DefaultBuildExecuter$1.proceed(DefaultBuildExecuter.java:48)
	at org.gradle.execution.DefaultTasksBuildExecutionAction.configure(DefaultTasksBuildExecutionAction.java:44)
	at org.gradle.execution.DefaultBuildExecuter.configure(DefaultBuildExecuter.java:42)
	at org.gradle.execution.DefaultBuildExecuter.select(DefaultBuildExecuter.java:35)
	at org.gradle.initialization.DefaultGradleLauncher.doBuildStages(DefaultGradleLauncher.java:142)
	at org.gradle.initialization.DefaultGradleLauncher.doBuild(DefaultGradleLauncher.java:106)
	at org.gradle.initialization.DefaultGradleLauncher.run(DefaultGradleLauncher.java:86)
	at org.gradle.launcher.exec.InProcessBuildActionExecuter$DefaultBuildController.run(InProcessBuildActionExecuter.java:90)
	at org.gradle.tooling.internal.provider.ExecuteBuildActionRunner.run(ExecuteBuildActionRunner.java:28)
	at org.gradle.launcher.exec.ChainingBuildActionRunner.run(ChainingBuildActionRunner.java:35)
	at org.gradle.launcher.exec.InProcessBuildActionExecuter.execute(InProcessBuildActionExecuter.java:41)
	at org.gradle.launcher.exec.InProcessBuildActionExecuter.execute(InProcessBuildActionExecuter.java:28)
	at org.gradle.launcher.exec.DaemonUsageSuggestingBuildActionExecuter.execute(DaemonUsageSuggestingBuildActionExecuter.java:50)
	at org.gradle.launcher.exec.DaemonUsageSuggestingBuildActionExecuter.execute(DaemonUsageSuggestingBuildActionExecuter.java:27)
	at org.gradle.launcher.cli.RunBuildAction.run(RunBuildAction.java:40)
	at org.gradle.internal.Actions$RunnableActionAdapter.execute(Actions.java:169)
	at org.gradle.launcher.cli.CommandLineActionFactory$ParseAndBuildAction.execute(CommandLineActionFactory.java:237)
	at org.gradle.launcher.cli.CommandLineActionFactory$ParseAndBuildAction.execute(CommandLineActionFactory.java:210)
	at org.gradle.launcher.cli.JavaRuntimeValidationAction.execute(JavaRuntimeValidationAction.java:35)
	at org.gradle.launcher.cli.JavaRuntimeValidationAction.execute(JavaRuntimeValidationAction.java:24)
	at org.gradle.launcher.cli.CommandLineActionFactory$WithLogging.execute(CommandLineActionFactory.java:206)
	at org.gradle.launcher.cli.CommandLineActionFactory$WithLogging.execute(CommandLineActionFactory.java:169)
	at org.gradle.launcher.cli.ExceptionReportingAction.execute(ExceptionReportingAction.java:33)
	at org.gradle.launcher.cli.ExceptionReportingAction.execute(ExceptionReportingAction.java:22)
	at org.gradle.launcher.Main.doAction(Main.java:33)
	at org.gradle.launcher.bootstrap.EntryPoint.run(EntryPoint.java:45)
	at org.gradle.launcher.bootstrap.ProcessBootstrap.runNoExit(ProcessBootstrap.java:54)
	at org.gradle.launcher.bootstrap.ProcessBootstrap.run(ProcessBootstrap.java:35)
	at org.gradle.launcher.GradleMain.main(GradleMain.java:23)
	at org.gradle.wrapper.BootstrapMainStarter.start(BootstrapMainStarter.java:33)
	at org.gradle.wrapper.WrapperExecutor.execute(WrapperExecutor.java:130)
	at org.gradle.wrapper.GradleWrapperMain.main(GradleWrapperMain.java:48)


BUILD FAILED

Total time: 6.731 secs

2019-01-19 19:19:48,888 ERROR ProjectBuildService - Excluded tasks were detected wrong
2019-01-19 19:19:48,888 INFO  SysUtils - Execute command: [/var/folders/bq/vtzpc5ns5sg2cthy61lqpg3dfzgbys/T/1547900319734-0/src/clean-simple-calendar-master/gradlew, -b, /var/folders/bq/vtzpc5ns5sg2cthy61lqpg3dfzgbys/T/1547900319734-0/src/clean-simple-calendar-master/simple_sample/build.gradle, -Dorg.gradle.daemon=false, -Dorg.gradle.daemon.performance.enable-monitoring=false, -Dorg.gradle.configureondemand=true, --stacktrace, build]
2019-01-19 19:20:12,261 INFO  SysUtils - Configuration on demand is an incubating feature.
:lib:compileLint
:lib:copyReleaseLint UP-TO-DATE
:lib:preBuild UP-TO-DATE
:lib:preReleaseBuild UP-TO-DATE
:lib:checkReleaseManifest
:lib:preDebugAndroidTestBuild UP-TO-DATE
:lib:preDebugBuild UP-TO-DATE
:lib:preDebugUnitTestBuild UP-TO-DATE
:lib:preReleaseUnitTestBuild UP-TO-DATE
:lib:prepareComAndroidSupportRecyclerviewV72321Library UP-TO-DATE
:lib:prepareComAndroidSupportSupportV42321Library UP-TO-DATE
:lib:prepareReleaseDependencies
:lib:compileReleaseAidl UP-TO-DATE
:lib:compileReleaseRenderscript UP-TO-DATE
:lib:generateReleaseBuildConfig UP-TO-DATE
:lib:generateReleaseAssets UP-TO-DATE
:lib:mergeReleaseAssets UP-TO-DATE
:lib:generateReleaseResValues UP-TO-DATE
:lib:generateReleaseResources UP-TO-DATE
:lib:mergeReleaseResources UP-TO-DATE
:lib:processReleaseManifest UP-TO-DATE
:lib:processReleaseResources UP-TO-DATE
:lib:generateReleaseSources UP-TO-DATE
:lib:processReleaseJavaRes UP-TO-DATE
:lib:compileReleaseJava UP-TO-DATE
:lib:extractReleaseAnnotations UP-TO-DATE
:lib:mergeReleaseProguardFiles UP-TO-DATE
:lib:packageReleaseJar UP-TO-DATE
:lib:compileReleaseNdk UP-TO-DATE
:lib:packageReleaseJniLibs UP-TO-DATE
:lib:packageReleaseLocalJar UP-TO-DATE
:lib:packageReleaseRenderscript UP-TO-DATE
:lib:packageReleaseResources UP-TO-DATE
:lib:bundleRelease UP-TO-DATE
:simple_sample:preBuild UP-TO-DATE
:simple_sample:preDebugBuild UP-TO-DATE
:simple_sample:checkDebugManifest
:simple_sample:preReleaseBuild UP-TO-DATE
:simple_sample:prepareCleanSimpleCalendarMasterLibUnspecifiedLibrary
:simple_sample:prepareComAndroidSupportRecyclerviewV72321Library
:simple_sample:prepareComAndroidSupportSupportV42321Library
:simple_sample:prepareDebugDependencies
:simple_sample:compileDebugAidl
:simple_sample:compileDebugRenderscript
:simple_sample:generateDebugBuildConfig
:simple_sample:generateDebugAssets UP-TO-DATE
:simple_sample:mergeDebugAssets
:simple_sample:generateDebugResValues
:simple_sample:generateDebugResources
:simple_sample:mergeDebugResources
:simple_sample:processDebugManifest
:simple_sample:processDebugResources
:simple_sample:generateDebugSources
:simple_sample:processDebugJavaRes UP-TO-DATE
:simple_sample:compileDebugJava
:simple_sample:compileDebugNdk UP-TO-DATE
:simple_sample:compileDebugSources
:simple_sample:preDexDebug
:simple_sample:dexDebug
:simple_sample:validateDebugSigning
:simple_sample:packageDebug
:simple_sample:zipalignDebug
:simple_sample:assembleDebug
:simple_sample:checkReleaseManifest
:simple_sample:prepareReleaseDependencies
:simple_sample:compileReleaseAidl
:simple_sample:compileReleaseRenderscript
:simple_sample:generateReleaseBuildConfig
:simple_sample:generateReleaseAssets UP-TO-DATE
:simple_sample:mergeReleaseAssets
:simple_sample:generateReleaseResValues
:simple_sample:generateReleaseResources
:simple_sample:mergeReleaseResources
:simple_sample:processReleaseManifest
:simple_sample:processReleaseResources
:simple_sample:generateReleaseSources
:simple_sample:processReleaseJavaRes UP-TO-DATE
:simple_sample:compileReleaseJava
:simple_sample:compileReleaseNdk UP-TO-DATE
:simple_sample:compileReleaseSources
:simple_sample:lintVitalRelease SKIPPED
:simple_sample:preDexRelease
:simple_sample:dexRelease
:simple_sample:packageRelease
:simple_sample:assembleRelease
:simple_sample:assemble
:simple_sample:compileLint
:simple_sample:lint
Ran lint on variant debug: 7 issues found
Ran lint on variant release: 7 issues found
Wrote HTML report to file:/private/var/folders/bq/vtzpc5ns5sg2cthy61lqpg3dfzgbys/T/1547900319734-0/src/clean-simple-calendar-master/simple_sample/build/outputs/lint-results.html
Wrote XML report to /private/var/folders/bq/vtzpc5ns5sg2cthy61lqpg3dfzgbys/T/1547900319734-0/src/clean-simple-calendar-master/simple_sample/build/outputs/lint-results.xml
:simple_sample:preCompileDebugUnitTestJava
:simple_sample:preDebugUnitTestBuild UP-TO-DATE
:simple_sample:prepareDebugUnitTestDependencies
:simple_sample:processDebugUnitTestJavaRes UP-TO-DATE
:simple_sample:compileDebugUnitTestJava UP-TO-DATE
:simple_sample:compileDebugUnitTestSources UP-TO-DATE
:simple_sample:mockableAndroidJar
:simple_sample:assembleDebugUnitTest
:simple_sample:testDebug
:simple_sample:preCompileReleaseUnitTestJava
:simple_sample:preReleaseUnitTestBuild UP-TO-DATE
:simple_sample:prepareReleaseUnitTestDependencies
:simple_sample:processReleaseUnitTestJavaRes UP-TO-DATE
:simple_sample:compileReleaseUnitTestJava UP-TO-DATE
:simple_sample:compileReleaseUnitTestSources UP-TO-DATE
:simple_sample:assembleReleaseUnitTest
:simple_sample:testRelease
:simple_sample:test
:simple_sample:check
:simple_sample:build

BUILD SUCCESSFUL

Total time: 22.817 secs

2019-01-19 19:20:12,291 INFO  FullProcessService - Found APK file: /var/folders/bq/vtzpc5ns5sg2cthy61lqpg3dfzgbys/T/1547900319734-0/src/clean-simple-calendar-master/simple_sample/build/outputs/apk/simple_sample-debug.apk
