2019-01-13 04:58:01,284 INFO  DownloadService - Downloading "https://github.com/evernote/kgb/archive/master.zip", attempt 3
2019-01-13 04:58:04,566 INFO  DownloadService - Downloaded https://github.com/evernote/kgb/archive/master.zip, attempt 3
2019-01-13 04:58:04,566 INFO  DownloadService - Size of file "/var/folders/bq/vtzpc5ns5sg2cthy61lqpg3dfzgbys/T/1547330281276-0/master.zip": 2 MB
2019-01-13 04:58:04,566 INFO  ArchiveUtils - Checking entries [.gradle] in ZIP file...
2019-01-13 04:58:04,567 INFO  ArchiveUtils - Has entries [.gradle] in ZIP file /var/folders/bq/vtzpc5ns5sg2cthy61lqpg3dfzgbys/T/1547330281276-0/master.zip: true
2019-01-13 04:58:04,567 DEBUG ZipUtil - Extracting '/var/folders/bq/vtzpc5ns5sg2cthy61lqpg3dfzgbys/T/1547330281276-0/master.zip' into '/var/folders/bq/vtzpc5ns5sg2cthy61lqpg3dfzgbys/T/1547330281276-0/src'.
2019-01-13 04:58:04,603 INFO  FullProcessService - Size of directory with sources: 2 MB
2019-01-13 04:58:04,603 INFO  SysUtils - Execute command: [git, init, /var/folders/bq/vtzpc5ns5sg2cthy61lqpg3dfzgbys/T/1547330281276-0/src]
2019-01-13 04:58:04,629 INFO  SysUtils - Initialized empty Git repository in /private/var/folders/bq/vtzpc5ns5sg2cthy61lqpg3dfzgbys/T/1547330281276-0/src/.git/

2019-01-13 04:58:04,633 INFO  ProjectBuildService - Gradle wrapper(s): /var/folders/bq/vtzpc5ns5sg2cthy61lqpg3dfzgbys/T/1547330281276-0/src/kgb-master/gradlew
2019-01-13 04:58:04,637 INFO  ProjectBuildService - Build script(s): /var/folders/bq/vtzpc5ns5sg2cthy61lqpg3dfzgbys/T/1547330281276-0/src/kgb-master/app/build.gradle /var/folders/bq/vtzpc5ns5sg2cthy61lqpg3dfzgbys/T/1547330281276-0/src/kgb-master/espressokeyboard/build.gradle /var/folders/bq/vtzpc5ns5sg2cthy61lqpg3dfzgbys/T/1547330281276-0/src/kgb-master/build.gradle
2019-01-13 04:58:04,641 INFO  ProjectBuildService - All script(s): /var/folders/bq/vtzpc5ns5sg2cthy61lqpg3dfzgbys/T/1547330281276-0/src/kgb-master/app/build.gradle /var/folders/bq/vtzpc5ns5sg2cthy61lqpg3dfzgbys/T/1547330281276-0/src/kgb-master/build-config/gradle-push.gradle /var/folders/bq/vtzpc5ns5sg2cthy61lqpg3dfzgbys/T/1547330281276-0/src/kgb-master/espressokeyboard/build.gradle /var/folders/bq/vtzpc5ns5sg2cthy61lqpg3dfzgbys/T/1547330281276-0/src/kgb-master/build.gradle /var/folders/bq/vtzpc5ns5sg2cthy61lqpg3dfzgbys/T/1547330281276-0/src/kgb-master/settings.gradle
2019-01-13 04:58:04,642 INFO  ProjectBuildService - Remote scripts: none
2019-01-13 04:58:04,642 INFO  ProjectFixService - Fixing project...
2019-01-13 04:58:04,653 INFO  LocalPropertiesFixService - Created fake /var/folders/bq/vtzpc5ns5sg2cthy61lqpg3dfzgbys/T/1547330281276-0/src/kgb-master/app/local.properties
2019-01-13 04:58:04,656 INFO  ProjectFixService - Build info for "/var/folders/bq/vtzpc5ns5sg2cthy61lqpg3dfzgbys/T/1547330281276-0/src/kgb-master/app/build.gradle": [buildToolsVersion=23.0.2,compileSdkVersion=23,minSdkVersion=14,targetSdkVersion=<null>]
2019-01-13 04:58:04,656 INFO  ProjectFixService - Fixed build info for "/var/folders/bq/vtzpc5ns5sg2cthy61lqpg3dfzgbys/T/1547330281276-0/src/kgb-master/app/build.gradle": [buildToolsVersion=23.0.2,compileSdkVersion=23,minSdkVersion=14,targetSdkVersion=28]
2019-01-13 04:58:04,658 INFO  LocalPropertiesFixService - Created fake /var/folders/bq/vtzpc5ns5sg2cthy61lqpg3dfzgbys/T/1547330281276-0/src/kgb-master/espressokeyboard/local.properties
2019-01-13 04:58:04,662 INFO  ProjectFixService - Build info for "/var/folders/bq/vtzpc5ns5sg2cthy61lqpg3dfzgbys/T/1547330281276-0/src/kgb-master/espressokeyboard/build.gradle": [buildToolsVersion=23.0.2,compileSdkVersion=23,minSdkVersion=14,targetSdkVersion=<null>]
2019-01-13 04:58:04,663 INFO  ProjectFixService - Fixed build info for "/var/folders/bq/vtzpc5ns5sg2cthy61lqpg3dfzgbys/T/1547330281276-0/src/kgb-master/espressokeyboard/build.gradle": [buildToolsVersion=23.0.2,compileSdkVersion=23,minSdkVersion=14,targetSdkVersion=28]
2019-01-13 04:58:04,664 INFO  LocalPropertiesFixService - Created fake /var/folders/bq/vtzpc5ns5sg2cthy61lqpg3dfzgbys/T/1547330281276-0/src/kgb-master/local.properties
2019-01-13 04:58:04,664 INFO  WrapperPropertiesFixService - Gradle wrapper: https://services.gradle.org/distributions/gradle-2.4-all.zip
2019-01-13 04:58:04,665 INFO  WrapperPropertiesFixService - Gradle wrapper was changed from "-all.zip" to "-bin.zip" (https://services.gradle.org/distributions/gradle-2.4-bin.zip)
2019-01-13 04:58:04,666 INFO  ProjectFixService - Build info for "/var/folders/bq/vtzpc5ns5sg2cthy61lqpg3dfzgbys/T/1547330281276-0/src/kgb-master/build.gradle": [buildToolsVersion=23.0.2,compileSdkVersion=23,minSdkVersion=14,targetSdkVersion=<null>]
2019-01-13 04:58:04,667 INFO  ProjectFixService - Fixed build info for "/var/folders/bq/vtzpc5ns5sg2cthy61lqpg3dfzgbys/T/1547330281276-0/src/kgb-master/build.gradle": [buildToolsVersion=23.0.2,compileSdkVersion=23,minSdkVersion=14,targetSdkVersion=28]
2019-01-13 04:58:04,667 INFO  ProjectFixService - Project was maybe fixed
2019-01-13 04:58:04,667 INFO  ProjectTaskService - Detecting possible tasks...
2019-01-13 04:58:04,667 INFO  SysUtils - Execute command: [/var/folders/bq/vtzpc5ns5sg2cthy61lqpg3dfzgbys/T/1547330281276-0/src/kgb-master/gradlew, -b, /var/folders/bq/vtzpc5ns5sg2cthy61lqpg3dfzgbys/T/1547330281276-0/src/kgb-master/app/build.gradle, -Dorg.gradle.daemon=false, -Dorg.gradle.daemon.performance.enable-monitoring=false, -Dorg.gradle.configureondemand=true, tasks]
2019-01-13 04:58:26,239 INFO  ProjectTaskService - Detected possible tasks: 68
2019-01-13 04:58:26,239 INFO  ProjectTaskService - Excluded tasks (19): lintDebug mockableAndroidJar deviceCheck lint testReleaseUnitTest uninstallRelease deviceAndroidTest uninstallDebugAndroidTest installDebugAndroidTest connectedCheck connectedDebugAndroidTest uninstallAll test check testDebugUnitTest connectedAndroidTest installDebug lintRelease uninstallDebug
2019-01-13 04:58:26,240 INFO  SysUtils - Execute command: [/var/folders/bq/vtzpc5ns5sg2cthy61lqpg3dfzgbys/T/1547330281276-0/src/kgb-master/gradlew, -b, /var/folders/bq/vtzpc5ns5sg2cthy61lqpg3dfzgbys/T/1547330281276-0/src/kgb-master/app/build.gradle, -Dorg.gradle.daemon=false, -Dorg.gradle.daemon.performance.enable-monitoring=false, -Dorg.gradle.configureondemand=true, --stacktrace, -x, lintDebug, -x, mockableAndroidJar, -x, deviceCheck, -x, lint, -x, testReleaseUnitTest, -x, uninstallRelease, -x, deviceAndroidTest, -x, uninstallDebugAndroidTest, -x, installDebugAndroidTest, -x, connectedCheck, -x, connectedDebugAndroidTest, -x, uninstallAll, -x, test, -x, check, -x, testDebugUnitTest, -x, connectedAndroidTest, -x, installDebug, -x, lintRelease, -x, uninstallDebug, build]
2019-01-13 04:58:53,525 ERROR SysUtils - Could not process external command
org.apache.commons.exec.ExecuteException: Process exited with an error: 1 (Exit value: 1)
	at org.apache.commons.exec.DefaultExecutor.executeInternal(DefaultExecutor.java:404)
	at org.apache.commons.exec.DefaultExecutor.execute(DefaultExecutor.java:166)
	at com.github.vbauer.apkmaster.util.SysUtils.execute(SysUtils.java:67)
	at com.github.vbauer.apkmaster.util.SysUtils.executeSimple(SysUtils.java:43)
	at com.github.vbauer.apkmaster.service.assembly.ProjectBuildService.buildProject(ProjectBuildService.java:78)
	at com.github.vbauer.apkmaster.service.assembly.ProjectBuildService.buildProject(ProjectBuildService.java:64)
	at com.github.vbauer.apkmaster.service.assembly.ProjectBuildService.buildProject(ProjectBuildService.java:43)
	at com.github.vbauer.apkmaster.service.FullProcessService.build(FullProcessService.java:84)
	at com.github.vbauer.apkmaster.service.FullProcessService.process(FullProcessService.java:34)
	at com.github.vbauer.apkmaster.app.MainApplication.process(MainApplication.java:38)
	at com.github.vbauer.apkmaster.app.MainApplication.main(MainApplication.java:20)
	at sun.reflect.NativeMethodAccessorImpl.invoke0(Native Method)
	at sun.reflect.NativeMethodAccessorImpl.invoke(NativeMethodAccessorImpl.java:62)
	at sun.reflect.DelegatingMethodAccessorImpl.invoke(DelegatingMethodAccessorImpl.java:43)
	at java.lang.reflect.Method.invoke(Method.java:498)
	at com.android.arsenal.util.ReflectionUtils.invoke(ReflectionUtils.java:52)
	at com.android.arsenal.util.ApkMasterUtils.main(ApkMasterUtils.java:30)
	at com.android.arsenal.service.processor.impl.BuildProcessorServiceImpl.buildProject(BuildProcessorServiceImpl.java:196)
	at com.android.arsenal.service.processor.impl.BuildProcessorServiceImpl.build(BuildProcessorServiceImpl.java:130)
	at com.android.arsenal.service.processor.impl.BuildProcessorServiceImpl.lambda$createTasks$1(BuildProcessorServiceImpl.java:113)
	at java.util.concurrent.FutureTask.run(FutureTask.java:266)
	at java.util.concurrent.Executors$RunnableAdapter.call(Executors.java:511)
	at java.util.concurrent.FutureTask.run(FutureTask.java:266)
	at java.util.concurrent.ThreadPoolExecutor.runWorker(ThreadPoolExecutor.java:1149)
	at java.util.concurrent.ThreadPoolExecutor$Worker.run(ThreadPoolExecutor.java:624)
	at java.lang.Thread.run(Thread.java:748)
2019-01-13 04:58:53,531 INFO  SysUtils - Configuration on demand is an incubating feature.
:app:preBuild UP-TO-DATE
:app:preDebugBuild UP-TO-DATE
:app:checkDebugManifest
:app:preReleaseBuild UP-TO-DATE
:espressokeyboard:preBuild UP-TO-DATE
:espressokeyboard:preReleaseBuild UP-TO-DATE
:espressokeyboard:compileReleaseNdk UP-TO-DATE
:espressokeyboard:compileLint
:espressokeyboard:copyReleaseLint UP-TO-DATE
:espressokeyboard:checkReleaseManifest
:espressokeyboard:preDebugAndroidTestBuild UP-TO-DATE
:espressokeyboard:preDebugBuild UP-TO-DATE
:espressokeyboard:preDebugUnitTestBuild UP-TO-DATE
:espressokeyboard:preReleaseUnitTestBuild UP-TO-DATE
:espressokeyboard:prepareComAndroidSupportTestEspressoEspressoCore22Library
:espressokeyboard:prepareComAndroidSupportTestEspressoEspressoIdlingResource22Library
:espressokeyboard:prepareComAndroidSupportTestExposedInstrumentationApiPublish03Library
:espressokeyboard:prepareComAndroidSupportTestRules03Library
:espressokeyboard:prepareComAndroidSupportTestRunner03Library
:espressokeyboard:prepareEuChainfireLibsuperuser100201811281328Library
:espressokeyboard:prepareReleaseDependencies
:espressokeyboard:compileReleaseAidl
:espressokeyboard:compileReleaseRenderscript
:espressokeyboard:generateReleaseBuildConfig
:espressokeyboard:generateReleaseAssets UP-TO-DATE
:espressokeyboard:mergeReleaseAssets
:espressokeyboard:generateReleaseResValues
:espressokeyboard:generateReleaseResources
:espressokeyboard:mergeReleaseResources
:espressokeyboard:processReleaseManifest
:espressokeyboard:processReleaseResources
:espressokeyboard:generateReleaseSources
:espressokeyboard:compileReleaseJavaWithJavacNote: /private/var/folders/bq/vtzpc5ns5sg2cthy61lqpg3dfzgbys/T/1547330281276-0/src/kgb-master/espressokeyboard/src/main/java/com/evernote/espressokeyboard/KeyLocations.java uses or overrides a deprecated API.
Note: Recompile with -Xlint:deprecation for details.
Note: /private/var/folders/bq/vtzpc5ns5sg2cthy61lqpg3dfzgbys/T/1547330281276-0/src/kgb-master/espressokeyboard/src/main/java/com/evernote/espressokeyboard/KeyboardTypeAction.java uses unchecked or unsafe operations.
Note: Recompile with -Xlint:unchecked for details.

:espressokeyboard:extractReleaseAnnotations
:espressokeyboard:mergeReleaseProguardFiles
:espressokeyboard:packageReleaseRenderscript UP-TO-DATE
:espressokeyboard:packageReleaseResources
:espressokeyboard:processReleaseJavaRes UP-TO-DATE
:espressokeyboard:transformResourcesWithMergeJavaResForRelease
:espressokeyboard:transformClassesAndResourcesWithSyncLibJarsForRelease
:espressokeyboard:mergeReleaseJniLibFolders
:espressokeyboard:transformNative_libsWithMergeJniLibsForRelease
:espressokeyboard:transformNative_libsWithSyncJniLibsForRelease
:espressokeyboard:bundleRelease
:app:prepareComAndroidSupportAppcompatV72220Library
:app:prepareComAndroidSupportSupportV42220Library
:app:preDebugAndroidTestBuild UP-TO-DATE
:app:prepareComAndroidSupportTestEspressoEspressoCore22Library
:app:prepareComAndroidSupportTestEspressoEspressoIdlingResource22Library
:app:prepareComAndroidSupportTestExposedInstrumentationApiPublish03Library
:app:prepareComAndroidSupportTestRules03Library
:app:prepareComAndroidSupportTestRunner03Library
:app:prepareComEvernoteEspressokeyboard020SNAPSHOTLibrary
:app:prepareEuChainfireLibsuperuser100201811281328Library
:app:prepareDebugDependencies
:app:compileDebugAidl
:app:compileDebugRenderscript
:app:generateDebugBuildConfig
:app:generateDebugAssets UP-TO-DATE
:app:mergeDebugAssets
:app:generateDebugResValues
:app:generateDebugResources
:app:mergeDebugResources
:app:processDebugManifest
:app:processDebugResources
:app:generateDebugSources
:app:compileDebugJavaWithJavacNote: /private/var/folders/bq/vtzpc5ns5sg2cthy61lqpg3dfzgbys/T/1547330281276-0/src/kgb-master/app/src/main/java/com/evernote/keyboardgeometrybuilder/SoftKeyboardStateHelper.java uses or overrides a deprecated API.
Note: Recompile with -Xlint:deprecation for details.

:app:compileDebugNdk UP-TO-DATE
:app:compileDebugSources
:app:transformClassesWithDexForDebug
:app:mergeDebugJniLibFolders
:app:transformNative_libsWithMergeJniLibsForDebug
:app:processDebugJavaRes UP-TO-DATE
:app:transformResourcesWithMergeJavaResForDebug
:app:validateDebugSigning
:app:packageDebug
:app:zipalignDebug
:app:assembleDebug
:app:checkReleaseManifest
:app:prepareReleaseDependencies
:app:compileReleaseAidl
:app:compileReleaseRenderscript
:app:generateReleaseBuildConfig
:app:generateReleaseAssets UP-TO-DATE
:app:mergeReleaseAssets
:app:generateReleaseResValues
:app:generateReleaseResources
:app:mergeReleaseResources
:app:processReleaseManifest
:app:processReleaseResources
:app:generateReleaseSources
:app:compileReleaseJavaWithJavacNote: /private/var/folders/bq/vtzpc5ns5sg2cthy61lqpg3dfzgbys/T/1547330281276-0/src/kgb-master/app/src/main/java/com/evernote/keyboardgeometrybuilder/SoftKeyboardStateHelper.java uses or overrides a deprecated API.
Note: Recompile with -Xlint:deprecation for details.

:app:compileReleaseNdk UP-TO-DATE
:app:compileReleaseSources
:app:lintVitalRelease FAILED

FAILURE: Build failed with an exception.

* What went wrong:
Execution failed for task ':app:lintVitalRelease'.
> No toolchains found in the NDK toolchains folder for ABI with prefix: mipsel-linux-android

* Try:
Run with --info or --debug option to get more log output.

* Exception is:
org.gradle.api.tasks.TaskExecutionException: Execution failed for task ':app:lintVitalRelease'.
	at org.gradle.api.internal.tasks.execution.ExecuteActionsTaskExecuter.executeActions(ExecuteActionsTaskExecuter.java:69)
	at org.gradle.api.internal.tasks.execution.ExecuteActionsTaskExecuter.execute(ExecuteActionsTaskExecuter.java:46)
	at org.gradle.api.internal.tasks.execution.PostExecutionAnalysisTaskExecuter.execute(PostExecutionAnalysisTaskExecuter.java:35)
	at org.gradle.api.internal.tasks.execution.SkipUpToDateTaskExecuter.execute(SkipUpToDateTaskExecuter.java:64)
	at org.gradle.api.internal.tasks.execution.ValidatingTaskExecuter.execute(ValidatingTaskExecuter.java:58)
	at org.gradle.api.internal.tasks.execution.SkipEmptySourceFilesTaskExecuter.execute(SkipEmptySourceFilesTaskExecuter.java:42)
	at org.gradle.api.internal.tasks.execution.SkipTaskWithNoActionsExecuter.execute(SkipTaskWithNoActionsExecuter.java:52)
	at org.gradle.api.internal.tasks.execution.SkipOnlyIfTaskExecuter.execute(SkipOnlyIfTaskExecuter.java:53)
	at org.gradle.api.internal.tasks.execution.ExecuteAtMostOnceTaskExecuter.execute(ExecuteAtMostOnceTaskExecuter.java:43)
	at org.gradle.api.internal.AbstractTask.executeWithoutThrowingTaskFailure(AbstractTask.java:310)
	at org.gradle.execution.taskgraph.AbstractTaskPlanExecutor$TaskExecutorWorker.executeTask(AbstractTaskPlanExecutor.java:79)
	at org.gradle.execution.taskgraph.AbstractTaskPlanExecutor$TaskExecutorWorker.processTask(AbstractTaskPlanExecutor.java:63)
	at org.gradle.execution.taskgraph.AbstractTaskPlanExecutor$TaskExecutorWorker.run(AbstractTaskPlanExecutor.java:51)
	at org.gradle.execution.taskgraph.DefaultTaskPlanExecutor.process(DefaultTaskPlanExecutor.java:23)
	at org.gradle.execution.taskgraph.DefaultTaskGraphExecuter.execute(DefaultTaskGraphExecuter.java:88)
	at org.gradle.execution.SelectedTaskExecutionAction.execute(SelectedTaskExecutionAction.java:37)
	at org.gradle.execution.DefaultBuildExecuter.execute(DefaultBuildExecuter.java:62)
	at org.gradle.execution.DefaultBuildExecuter.access$200(DefaultBuildExecuter.java:23)
	at org.gradle.execution.DefaultBuildExecuter$2.proceed(DefaultBuildExecuter.java:68)
	at org.gradle.execution.DryRunBuildExecutionAction.execute(DryRunBuildExecutionAction.java:32)
	at org.gradle.execution.DefaultBuildExecuter.execute(DefaultBuildExecuter.java:62)
	at org.gradle.execution.DefaultBuildExecuter.execute(DefaultBuildExecuter.java:55)
	at org.gradle.initialization.DefaultGradleLauncher.doBuildStages(DefaultGradleLauncher.java:149)
	at org.gradle.initialization.DefaultGradleLauncher.doBuild(DefaultGradleLauncher.java:106)
	at org.gradle.initialization.DefaultGradleLauncher.run(DefaultGradleLauncher.java:86)
	at org.gradle.launcher.exec.InProcessBuildActionExecuter$DefaultBuildController.run(InProcessBuildActionExecuter.java:90)
	at org.gradle.tooling.internal.provider.ExecuteBuildActionRunner.run(ExecuteBuildActionRunner.java:28)
	at org.gradle.launcher.exec.ChainingBuildActionRunner.run(ChainingBuildActionRunner.java:35)
	at org.gradle.launcher.exec.InProcessBuildActionExecuter.execute(InProcessBuildActionExecuter.java:41)
	at org.gradle.launcher.exec.InProcessBuildActionExecuter.execute(InProcessBuildActionExecuter.java:28)
	at org.gradle.launcher.exec.DaemonUsageSuggestingBuildActionExecuter.execute(DaemonUsageSuggestingBuildActionExecuter.java:50)
	at org.gradle.launcher.exec.DaemonUsageSuggestingBuildActionExecuter.execute(DaemonUsageSuggestingBuildActionExecuter.java:27)
	at org.gradle.launcher.cli.RunBuildAction.run(RunBuildAction.java:40)
	at org.gradle.internal.Actions$RunnableActionAdapter.execute(Actions.java:169)
	at org.gradle.launcher.cli.CommandLineActionFactory$ParseAndBuildAction.execute(CommandLineActionFactory.java:237)
	at org.gradle.launcher.cli.CommandLineActionFactory$ParseAndBuildAction.execute(CommandLineActionFactory.java:210)
	at org.gradle.launcher.cli.JavaRuntimeValidationAction.execute(JavaRuntimeValidationAction.java:35)
	at org.gradle.launcher.cli.JavaRuntimeValidationAction.execute(JavaRuntimeValidationAction.java:24)
	at org.gradle.launcher.cli.CommandLineActionFactory$WithLogging.execute(CommandLineActionFactory.java:206)
	at org.gradle.launcher.cli.CommandLineActionFactory$WithLogging.execute(CommandLineActionFactory.java:169)
	at org.gradle.launcher.cli.ExceptionReportingAction.execute(ExceptionReportingAction.java:33)
	at org.gradle.launcher.cli.ExceptionReportingAction.execute(ExceptionReportingAction.java:22)
	at org.gradle.launcher.Main.doAction(Main.java:33)
	at org.gradle.launcher.bootstrap.EntryPoint.run(EntryPoint.java:45)
	at org.gradle.launcher.bootstrap.ProcessBootstrap.runNoExit(ProcessBootstrap.java:54)
	at org.gradle.launcher.bootstrap.ProcessBootstrap.run(ProcessBootstrap.java:35)
	at org.gradle.launcher.GradleMain.main(GradleMain.java:23)
	at org.gradle.wrapper.BootstrapMainStarter.start(BootstrapMainStarter.java:33)
	at org.gradle.wrapper.WrapperExecutor.execute(WrapperExecutor.java:130)
	at org.gradle.wrapper.GradleWrapperMain.main(GradleWrapperMain.java:48)
Caused by: java.lang.RuntimeException: No toolchains found in the NDK toolchains folder for ABI with prefix: mipsel-linux-android
	at com.android.build.gradle.internal.NdkHandler.getDefaultToolchainVersion(NdkHandler.java:340)
	at com.android.build.gradle.internal.NdkHandler.getToolchainPath(NdkHandler.java:232)
	at com.android.build.gradle.internal.NdkHandler.getCCompiler(NdkHandler.java:418)
	at com.android.build.gradle.internal.model.ModelBuilder.createNativeToolchainModelMap(ModelBuilder.java:221)
	at com.android.build.gradle.internal.model.ModelBuilder.buildAll(ModelBuilder.java:162)
	at org.gradle.tooling.provider.model.ToolingModelBuilder$buildAll.call(Unknown Source)
	at com.android.build.gradle.tasks.Lint.createAndroidProject(Lint.groovy:229)
	at com.android.build.gradle.tasks.Lint.this$6$createAndroidProject(Lint.groovy)
	at com.android.build.gradle.tasks.Lint$this$6$createAndroidProject$2.callCurrent(Unknown Source)
	at com.android.build.gradle.tasks.Lint.lint(Lint.groovy:71)
	at org.gradle.internal.reflect.JavaMethod.invoke(JavaMethod.java:75)
	at org.gradle.api.internal.project.taskfactory.AnnotationProcessingTaskFactory$StandardTaskAction.doExecute(AnnotationProcessingTaskFactory.java:226)
	at org.gradle.api.internal.project.taskfactory.AnnotationProcessingTaskFactory$StandardTaskAction.execute(AnnotationProcessingTaskFactory.java:219)
	at org.gradle.api.internal.project.taskfactory.AnnotationProcessingTaskFactory$StandardTaskAction.execute(AnnotationProcessingTaskFactory.java:208)
	at org.gradle.api.internal.AbstractTask$TaskActionWrapper.execute(AbstractTask.java:589)
	at org.gradle.api.internal.AbstractTask$TaskActionWrapper.execute(AbstractTask.java:572)
	at org.gradle.api.internal.tasks.execution.ExecuteActionsTaskExecuter.executeAction(ExecuteActionsTaskExecuter.java:80)
	at org.gradle.api.internal.tasks.execution.ExecuteActionsTaskExecuter.executeActions(ExecuteActionsTaskExecuter.java:61)
	... 49 more


BUILD FAILED

Total time: 26.728 secs

2019-01-13 04:58:53,594 INFO  FullProcessService - Found APK file: /var/folders/bq/vtzpc5ns5sg2cthy61lqpg3dfzgbys/T/1547330281276-0/src/kgb-master/app/build/outputs/apk/app-debug.apk
